[2.594s] Invoking command in '/home/ubuntu/happy_ws/build/my_happy_topic': PYTHONPATH=/home/ubuntu/happy_ws/build/my_happy_topic/prefix_override:/usr/lib/python3/dist-packages/colcon_core/task/python/colcon_distutils_commands:/home/ubuntu/happy_ws/install/my_happy_topic/lib/python3.10/site-packages:${PYTHONPATH} /usr/bin/python3 -W ignore:setup.py install is deprecated -W ignore:easy_install command is deprecated setup.py develop --editable --build-directory /home/ubuntu/happy_ws/build/my_happy_topic/build --no-deps symlink_data
[3.195s] running develop
[3.617s] running egg_info
[3.618s] creating my_happy_topic.egg-info
[3.618s] writing my_happy_topic.egg-info/PKG-INFO
[3.619s] writing dependency_links to my_happy_topic.egg-info/dependency_links.txt
[3.619s] writing entry points to my_happy_topic.egg-info/entry_points.txt
[3.619s] writing requirements to my_happy_topic.egg-info/requires.txt
[3.619s] writing top-level names to my_happy_topic.egg-info/top_level.txt
[3.620s] writing manifest file 'my_happy_topic.egg-info/SOURCES.txt'
[3.623s] reading manifest file 'my_happy_topic.egg-info/SOURCES.txt'
[3.624s] writing manifest file 'my_happy_topic.egg-info/SOURCES.txt'
[3.629s] running build_ext
[3.629s] Creating /home/ubuntu/happy_ws/install/my_happy_topic/lib/python3.10/site-packages/my-happy-topic.egg-link (link to .)
[3.630s] Installing happy_publisher_node script to /home/ubuntu/happy_ws/install/my_happy_topic/lib/my_happy_topic
[3.632s] 
[3.632s] Installed /home/ubuntu/happy_ws/build/my_happy_topic
[3.633s] running symlink_data
[3.633s] creating /home/ubuntu/happy_ws/install/my_happy_topic/share/ament_index
[3.633s] creating /home/ubuntu/happy_ws/install/my_happy_topic/share/ament_index/resource_index
[3.634s] creating /home/ubuntu/happy_ws/install/my_happy_topic/share/ament_index/resource_index/packages
[3.634s] symbolically linking /home/ubuntu/happy_ws/build/my_happy_topic/resource/my_happy_topic -> /home/ubuntu/happy_ws/install/my_happy_topic/share/ament_index/resource_index/packages
[3.634s] symbolically linking /home/ubuntu/happy_ws/build/my_happy_topic/package.xml -> /home/ubuntu/happy_ws/install/my_happy_topic/share/my_happy_topic
[3.676s] Invoked command in '/home/ubuntu/happy_ws/build/my_happy_topic' returned '0': PYTHONPATH=/home/ubuntu/happy_ws/build/my_happy_topic/prefix_override:/usr/lib/python3/dist-packages/colcon_core/task/python/colcon_distutils_commands:/home/ubuntu/happy_ws/install/my_happy_topic/lib/python3.10/site-packages:${PYTHONPATH} /usr/bin/python3 -W ignore:setup.py install is deprecated -W ignore:easy_install command is deprecated setup.py develop --editable --build-directory /home/ubuntu/happy_ws/build/my_happy_topic/build --no-deps symlink_data
