[0.204s] DEBUG:colcon:Command line arguments: ['/usr/bin/colcon', 'build']
[0.204s] DEBUG:colcon:Parsed command line arguments: Namespace(log_base=None, log_level=None, verb_name='build', build_base='build', install_base='install', merge_install=False, symlink_install=<colcon_core.argument_default.BooleanDefaultValue object at 0x7f2064ad6890>, test_result_base=None, continue_on_error=False, executor='parallel', parallel_workers=12, event_handlers=None, ignore_user_meta=False, metas=['./colcon.meta'], base_paths=['.'], packages_ignore=None, packages_ignore_regex=None, paths=None, packages_up_to=None, packages_up_to_regex=None, packages_above=None, packages_above_and_dependencies=None, packages_above_depth=None, packages_select_by_dep=None, packages_skip_by_dep=None, packages_skip_up_to=None, packages_select_build_failed=False, packages_skip_build_finished=False, packages_select_test_failures=False, packages_skip_test_passed=False, packages_select=None, packages_skip=None, packages_select_regex=None, packages_skip_regex=None, packages_start=None, packages_end=None, allow_overriding=[], cmake_args=None, cmake_target=None, cmake_target_skip_unavailable=False, cmake_clean_cache=False, cmake_clean_first=False, cmake_force_configure=False, ament_cmake_args=None, catkin_cmake_args=None, catkin_skip_building_tests=False, verb_parser=<colcon_defaults.argument_parser.defaults.DefaultArgumentsDecorator object at 0x7f2064a6e980>, verb_extension=<colcon_core.verb.build.BuildVerb object at 0x7f2064a6e470>, main=<bound method BuildVerb.main of <colcon_core.verb.build.BuildVerb object at 0x7f2064a6e470>>)
[0.568s] Level 1:colcon.colcon_core.package_discovery:discover_packages(colcon_meta) check parameters
[0.568s] Level 1:colcon.colcon_core.package_discovery:discover_packages(recursive) check parameters
[0.568s] Level 1:colcon.colcon_core.package_discovery:discover_packages(ignore) check parameters
[0.568s] Level 1:colcon.colcon_core.package_discovery:discover_packages(path) check parameters
[0.568s] Level 1:colcon.colcon_core.package_discovery:discover_packages(colcon_meta) discover
[0.568s] Level 1:colcon.colcon_core.package_discovery:discover_packages(recursive) discover
[0.568s] INFO:colcon.colcon_core.package_discovery:Crawling recursively for packages in '/home/ubuntu/happy_ws'
[0.569s] Level 1:colcon.colcon_core.package_identification:_identify(.) by extensions ['ignore', 'ignore_ament_install']
[0.569s] Level 1:colcon.colcon_core.package_identification:_identify(.) by extension 'ignore'
[0.569s] Level 1:colcon.colcon_core.package_identification:_identify(.) by extension 'ignore_ament_install'
[0.569s] Level 1:colcon.colcon_core.package_identification:_identify(.) by extensions ['colcon_pkg']
[0.569s] Level 1:colcon.colcon_core.package_identification:_identify(.) by extension 'colcon_pkg'
[0.569s] Level 1:colcon.colcon_core.package_identification:_identify(.) by extensions ['colcon_meta']
[0.569s] Level 1:colcon.colcon_core.package_identification:_identify(.) by extension 'colcon_meta'
[0.569s] Level 1:colcon.colcon_core.package_identification:_identify(.) by extensions ['ros']
[0.569s] Level 1:colcon.colcon_core.package_identification:_identify(.) by extension 'ros'
[0.584s] Level 1:colcon.colcon_core.package_identification:_identify(.) by extensions ['cmake', 'python']
[0.585s] Level 1:colcon.colcon_core.package_identification:_identify(.) by extension 'cmake'
[0.585s] Level 1:colcon.colcon_core.package_identification:_identify(.) by extension 'python'
[0.585s] Level 1:colcon.colcon_core.package_identification:_identify(.) by extensions ['python_setup_py']
[0.585s] Level 1:colcon.colcon_core.package_identification:_identify(.) by extension 'python_setup_py'
[0.585s] Level 1:colcon.colcon_core.package_identification:_identify(build) by extensions ['ignore', 'ignore_ament_install']
[0.585s] Level 1:colcon.colcon_core.package_identification:_identify(build) by extension 'ignore'
[0.585s] Level 1:colcon.colcon_core.package_identification:_identify(build) ignored
[0.585s] Level 1:colcon.colcon_core.package_identification:_identify(happy_ws) by extensions ['ignore', 'ignore_ament_install']
[0.586s] Level 1:colcon.colcon_core.package_identification:_identify(happy_ws) by extension 'ignore'
[0.586s] Level 1:colcon.colcon_core.package_identification:_identify(happy_ws) by extension 'ignore_ament_install'
[0.586s] Level 1:colcon.colcon_core.package_identification:_identify(happy_ws) by extensions ['colcon_pkg']
[0.586s] Level 1:colcon.colcon_core.package_identification:_identify(happy_ws) by extension 'colcon_pkg'
[0.586s] Level 1:colcon.colcon_core.package_identification:_identify(happy_ws) by extensions ['colcon_meta']
[0.586s] Level 1:colcon.colcon_core.package_identification:_identify(happy_ws) by extension 'colcon_meta'
[0.586s] Level 1:colcon.colcon_core.package_identification:_identify(happy_ws) by extensions ['ros']
[0.586s] Level 1:colcon.colcon_core.package_identification:_identify(happy_ws) by extension 'ros'
[0.586s] Level 1:colcon.colcon_core.package_identification:_identify(happy_ws) by extensions ['cmake', 'python']
[0.586s] Level 1:colcon.colcon_core.package_identification:_identify(happy_ws) by extension 'cmake'
[0.586s] Level 1:colcon.colcon_core.package_identification:_identify(happy_ws) by extension 'python'
[0.586s] Level 1:colcon.colcon_core.package_identification:_identify(happy_ws) by extensions ['python_setup_py']
[0.586s] Level 1:colcon.colcon_core.package_identification:_identify(happy_ws) by extension 'python_setup_py'
[0.586s] Level 1:colcon.colcon_core.package_identification:_identify(install) by extensions ['ignore', 'ignore_ament_install']
[0.586s] Level 1:colcon.colcon_core.package_identification:_identify(install) by extension 'ignore'
[0.587s] Level 1:colcon.colcon_core.package_identification:_identify(install) ignored
[0.587s] Level 1:colcon.colcon_core.package_identification:_identify(log) by extensions ['ignore', 'ignore_ament_install']
[0.587s] Level 1:colcon.colcon_core.package_identification:_identify(log) by extension 'ignore'
[0.587s] Level 1:colcon.colcon_core.package_identification:_identify(log) ignored
[0.587s] Level 1:colcon.colcon_core.package_identification:_identify(src) by extensions ['ignore', 'ignore_ament_install']
[0.587s] Level 1:colcon.colcon_core.package_identification:_identify(src) by extension 'ignore'
[0.587s] Level 1:colcon.colcon_core.package_identification:_identify(src) by extension 'ignore_ament_install'
[0.587s] Level 1:colcon.colcon_core.package_identification:_identify(src) by extensions ['colcon_pkg']
[0.587s] Level 1:colcon.colcon_core.package_identification:_identify(src) by extension 'colcon_pkg'
[0.587s] Level 1:colcon.colcon_core.package_identification:_identify(src) by extensions ['colcon_meta']
[0.587s] Level 1:colcon.colcon_core.package_identification:_identify(src) by extension 'colcon_meta'
[0.587s] Level 1:colcon.colcon_core.package_identification:_identify(src) by extensions ['ros']
[0.587s] Level 1:colcon.colcon_core.package_identification:_identify(src) by extension 'ros'
[0.588s] Level 1:colcon.colcon_core.package_identification:_identify(src) by extensions ['cmake', 'python']
[0.588s] Level 1:colcon.colcon_core.package_identification:_identify(src) by extension 'cmake'
[0.588s] Level 1:colcon.colcon_core.package_identification:_identify(src) by extension 'python'
[0.588s] Level 1:colcon.colcon_core.package_identification:_identify(src) by extensions ['python_setup_py']
[0.588s] Level 1:colcon.colcon_core.package_identification:_identify(src) by extension 'python_setup_py'
[0.588s] Level 1:colcon.colcon_core.package_identification:_identify(src/chapter2) by extensions ['ignore', 'ignore_ament_install']
[0.588s] Level 1:colcon.colcon_core.package_identification:_identify(src/chapter2) by extension 'ignore'
[0.588s] Level 1:colcon.colcon_core.package_identification:_identify(src/chapter2) by extension 'ignore_ament_install'
[0.588s] Level 1:colcon.colcon_core.package_identification:_identify(src/chapter2) by extensions ['colcon_pkg']
[0.588s] Level 1:colcon.colcon_core.package_identification:_identify(src/chapter2) by extension 'colcon_pkg'
[0.588s] Level 1:colcon.colcon_core.package_identification:_identify(src/chapter2) by extensions ['colcon_meta']
[0.588s] Level 1:colcon.colcon_core.package_identification:_identify(src/chapter2) by extension 'colcon_meta'
[0.588s] Level 1:colcon.colcon_core.package_identification:_identify(src/chapter2) by extensions ['ros']
[0.588s] Level 1:colcon.colcon_core.package_identification:_identify(src/chapter2) by extension 'ros'
[0.588s] Level 1:colcon.colcon_core.package_identification:_identify(src/chapter2) by extensions ['cmake', 'python']
[0.588s] Level 1:colcon.colcon_core.package_identification:_identify(src/chapter2) by extension 'cmake'
[0.589s] Level 1:colcon.colcon_core.package_identification:_identify(src/chapter2) by extension 'python'
[0.589s] Level 1:colcon.colcon_core.package_identification:_identify(src/chapter2) by extensions ['python_setup_py']
[0.589s] Level 1:colcon.colcon_core.package_identification:_identify(src/chapter2) by extension 'python_setup_py'
[0.589s] Level 1:colcon.colcon_core.package_identification:_identify(src/chapter2/hello) by extensions ['ignore', 'ignore_ament_install']
[0.589s] Level 1:colcon.colcon_core.package_identification:_identify(src/chapter2/hello) by extension 'ignore'
[0.589s] Level 1:colcon.colcon_core.package_identification:_identify(src/chapter2/hello) by extension 'ignore_ament_install'
[0.589s] Level 1:colcon.colcon_core.package_identification:_identify(src/chapter2/hello) by extensions ['colcon_pkg']
[0.589s] Level 1:colcon.colcon_core.package_identification:_identify(src/chapter2/hello) by extension 'colcon_pkg'
[0.589s] Level 1:colcon.colcon_core.package_identification:_identify(src/chapter2/hello) by extensions ['colcon_meta']
[0.589s] Level 1:colcon.colcon_core.package_identification:_identify(src/chapter2/hello) by extension 'colcon_meta'
[0.589s] Level 1:colcon.colcon_core.package_identification:_identify(src/chapter2/hello) by extensions ['ros']
[0.589s] Level 1:colcon.colcon_core.package_identification:_identify(src/chapter2/hello) by extension 'ros'
[0.592s] DEBUG:colcon.colcon_core.package_identification:Package 'src/chapter2/hello' with type 'ros.ament_python' and name 'hello'
[0.592s] Level 1:colcon.colcon_core.package_identification:_identify(src/chapter2/my_happy) by extensions ['ignore', 'ignore_ament_install']
[0.592s] Level 1:colcon.colcon_core.package_identification:_identify(src/chapter2/my_happy) by extension 'ignore'
[0.592s] Level 1:colcon.colcon_core.package_identification:_identify(src/chapter2/my_happy) by extension 'ignore_ament_install'
[0.593s] Level 1:colcon.colcon_core.package_identification:_identify(src/chapter2/my_happy) by extensions ['colcon_pkg']
[0.593s] Level 1:colcon.colcon_core.package_identification:_identify(src/chapter2/my_happy) by extension 'colcon_pkg'
[0.593s] Level 1:colcon.colcon_core.package_identification:_identify(src/chapter2/my_happy) by extensions ['colcon_meta']
[0.593s] Level 1:colcon.colcon_core.package_identification:_identify(src/chapter2/my_happy) by extension 'colcon_meta'
[0.593s] Level 1:colcon.colcon_core.package_identification:_identify(src/chapter2/my_happy) by extensions ['ros']
[0.593s] Level 1:colcon.colcon_core.package_identification:_identify(src/chapter2/my_happy) by extension 'ros'
[0.593s] DEBUG:colcon.colcon_core.package_identification:Package 'src/chapter2/my_happy' with type 'ros.ament_python' and name 'my_happy'
[0.594s] Level 1:colcon.colcon_core.package_identification:_identify(src/chapter2/my_happy_topic) by extensions ['ignore', 'ignore_ament_install']
[0.594s] Level 1:colcon.colcon_core.package_identification:_identify(src/chapter2/my_happy_topic) by extension 'ignore'
[0.594s] Level 1:colcon.colcon_core.package_identification:_identify(src/chapter2/my_happy_topic) by extension 'ignore_ament_install'
[0.594s] Level 1:colcon.colcon_core.package_identification:_identify(src/chapter2/my_happy_topic) by extensions ['colcon_pkg']
[0.594s] Level 1:colcon.colcon_core.package_identification:_identify(src/chapter2/my_happy_topic) by extension 'colcon_pkg'
[0.594s] Level 1:colcon.colcon_core.package_identification:_identify(src/chapter2/my_happy_topic) by extensions ['colcon_meta']
[0.594s] Level 1:colcon.colcon_core.package_identification:_identify(src/chapter2/my_happy_topic) by extension 'colcon_meta'
[0.594s] Level 1:colcon.colcon_core.package_identification:_identify(src/chapter2/my_happy_topic) by extensions ['ros']
[0.594s] Level 1:colcon.colcon_core.package_identification:_identify(src/chapter2/my_happy_topic) by extension 'ros'
[0.595s] DEBUG:colcon.colcon_core.package_identification:Package 'src/chapter2/my_happy_topic' with type 'ros.ament_python' and name 'my_happy_topic'
[0.595s] Level 1:colcon.colcon_core.package_identification:_identify(src/chapter2/my_time_topic) by extensions ['ignore', 'ignore_ament_install']
[0.595s] Level 1:colcon.colcon_core.package_identification:_identify(src/chapter2/my_time_topic) by extension 'ignore'
[0.595s] Level 1:colcon.colcon_core.package_identification:_identify(src/chapter2/my_time_topic) by extension 'ignore_ament_install'
[0.595s] Level 1:colcon.colcon_core.package_identification:_identify(src/chapter2/my_time_topic) by extensions ['colcon_pkg']
[0.595s] Level 1:colcon.colcon_core.package_identification:_identify(src/chapter2/my_time_topic) by extension 'colcon_pkg'
[0.595s] Level 1:colcon.colcon_core.package_identification:_identify(src/chapter2/my_time_topic) by extensions ['colcon_meta']
[0.595s] Level 1:colcon.colcon_core.package_identification:_identify(src/chapter2/my_time_topic) by extension 'colcon_meta'
[0.595s] Level 1:colcon.colcon_core.package_identification:_identify(src/chapter2/my_time_topic) by extensions ['ros']
[0.595s] Level 1:colcon.colcon_core.package_identification:_identify(src/chapter2/my_time_topic) by extension 'ros'
[0.596s] DEBUG:colcon.colcon_core.package_identification:Package 'src/chapter2/my_time_topic' with type 'ros.ament_python' and name 'my_time_topic'
[0.596s] Level 1:colcon.colcon_core.package_identification:_identify(tests) by extensions ['ignore', 'ignore_ament_install']
[0.596s] Level 1:colcon.colcon_core.package_identification:_identify(tests) by extension 'ignore'
[0.596s] Level 1:colcon.colcon_core.package_identification:_identify(tests) by extension 'ignore_ament_install'
[0.596s] Level 1:colcon.colcon_core.package_identification:_identify(tests) by extensions ['colcon_pkg']
[0.596s] Level 1:colcon.colcon_core.package_identification:_identify(tests) by extension 'colcon_pkg'
[0.597s] Level 1:colcon.colcon_core.package_identification:_identify(tests) by extensions ['colcon_meta']
[0.597s] Level 1:colcon.colcon_core.package_identification:_identify(tests) by extension 'colcon_meta'
[0.597s] Level 1:colcon.colcon_core.package_identification:_identify(tests) by extensions ['ros']
[0.597s] Level 1:colcon.colcon_core.package_identification:_identify(tests) by extension 'ros'
[0.597s] Level 1:colcon.colcon_core.package_identification:_identify(tests) by extensions ['cmake', 'python']
[0.597s] Level 1:colcon.colcon_core.package_identification:_identify(tests) by extension 'cmake'
[0.597s] Level 1:colcon.colcon_core.package_identification:_identify(tests) by extension 'python'
[0.597s] Level 1:colcon.colcon_core.package_identification:_identify(tests) by extensions ['python_setup_py']
[0.597s] Level 1:colcon.colcon_core.package_identification:_identify(tests) by extension 'python_setup_py'
[0.597s] Level 1:colcon.colcon_core.package_discovery:discover_packages(recursive) using defaults
[0.597s] Level 1:colcon.colcon_core.package_discovery:discover_packages(ignore) discover
[0.597s] Level 1:colcon.colcon_core.package_discovery:discover_packages(ignore) using defaults
[0.597s] Level 1:colcon.colcon_core.package_discovery:discover_packages(path) discover
[0.597s] Level 1:colcon.colcon_core.package_discovery:discover_packages(path) using defaults
[0.634s] Level 1:colcon.colcon_core.package_discovery:discover_packages(prefix_path) check parameters
[0.634s] Level 1:colcon.colcon_core.package_discovery:discover_packages(prefix_path) discover
[0.641s] DEBUG:colcon.colcon_installed_package_information.package_discovery:Found 5 installed packages in /home/ubuntu/happy_ws/install
[0.644s] DEBUG:colcon.colcon_installed_package_information.package_discovery:Found 67 installed packages in /home/ubuntu/airobot_ws/install
[0.647s] DEBUG:colcon.colcon_installed_package_information.package_discovery:Found 456 installed packages in /opt/ros/humble
[0.651s] Level 1:colcon.colcon_core.package_discovery:discover_packages(prefix_path) using defaults
[0.736s] Level 5:colcon.colcon_core.verb:set package 'hello' build argument 'cmake_args' from command line to 'None'
[0.736s] Level 5:colcon.colcon_core.verb:set package 'hello' build argument 'cmake_target' from command line to 'None'
[0.736s] Level 5:colcon.colcon_core.verb:set package 'hello' build argument 'cmake_target_skip_unavailable' from command line to 'False'
[0.736s] Level 5:colcon.colcon_core.verb:set package 'hello' build argument 'cmake_clean_cache' from command line to 'False'
[0.736s] Level 5:colcon.colcon_core.verb:set package 'hello' build argument 'cmake_clean_first' from command line to 'False'
[0.736s] Level 5:colcon.colcon_core.verb:set package 'hello' build argument 'cmake_force_configure' from command line to 'False'
[0.736s] Level 5:colcon.colcon_core.verb:set package 'hello' build argument 'ament_cmake_args' from command line to 'None'
[0.736s] Level 5:colcon.colcon_core.verb:set package 'hello' build argument 'catkin_cmake_args' from command line to 'None'
[0.736s] Level 5:colcon.colcon_core.verb:set package 'hello' build argument 'catkin_skip_building_tests' from command line to 'False'
[0.736s] DEBUG:colcon.colcon_core.verb:Building package 'hello' with the following arguments: {'ament_cmake_args': None, 'build_base': '/home/ubuntu/happy_ws/build/hello', 'catkin_cmake_args': None, 'catkin_skip_building_tests': False, 'cmake_args': None, 'cmake_clean_cache': False, 'cmake_clean_first': False, 'cmake_force_configure': False, 'cmake_target': None, 'cmake_target_skip_unavailable': False, 'install_base': '/home/ubuntu/happy_ws/install/hello', 'merge_install': False, 'path': '/home/ubuntu/happy_ws/src/chapter2/hello', 'symlink_install': <colcon_core.argument_default.BooleanDefaultValue object at 0x7f2064ad6890>, 'test_result_base': None}
[0.737s] Level 5:colcon.colcon_core.verb:set package 'my_happy' build argument 'cmake_args' from command line to 'None'
[0.737s] Level 5:colcon.colcon_core.verb:set package 'my_happy' build argument 'cmake_target' from command line to 'None'
[0.737s] Level 5:colcon.colcon_core.verb:set package 'my_happy' build argument 'cmake_target_skip_unavailable' from command line to 'False'
[0.737s] Level 5:colcon.colcon_core.verb:set package 'my_happy' build argument 'cmake_clean_cache' from command line to 'False'
[0.737s] Level 5:colcon.colcon_core.verb:set package 'my_happy' build argument 'cmake_clean_first' from command line to 'False'
[0.737s] Level 5:colcon.colcon_core.verb:set package 'my_happy' build argument 'cmake_force_configure' from command line to 'False'
[0.737s] Level 5:colcon.colcon_core.verb:set package 'my_happy' build argument 'ament_cmake_args' from command line to 'None'
[0.737s] Level 5:colcon.colcon_core.verb:set package 'my_happy' build argument 'catkin_cmake_args' from command line to 'None'
[0.737s] Level 5:colcon.colcon_core.verb:set package 'my_happy' build argument 'catkin_skip_building_tests' from command line to 'False'
[0.737s] DEBUG:colcon.colcon_core.verb:Building package 'my_happy' with the following arguments: {'ament_cmake_args': None, 'build_base': '/home/ubuntu/happy_ws/build/my_happy', 'catkin_cmake_args': None, 'catkin_skip_building_tests': False, 'cmake_args': None, 'cmake_clean_cache': False, 'cmake_clean_first': False, 'cmake_force_configure': False, 'cmake_target': None, 'cmake_target_skip_unavailable': False, 'install_base': '/home/ubuntu/happy_ws/install/my_happy', 'merge_install': False, 'path': '/home/ubuntu/happy_ws/src/chapter2/my_happy', 'symlink_install': <colcon_core.argument_default.BooleanDefaultValue object at 0x7f2064ad6890>, 'test_result_base': None}
[0.738s] Level 5:colcon.colcon_core.verb:set package 'my_happy_topic' build argument 'cmake_args' from command line to 'None'
[0.738s] Level 5:colcon.colcon_core.verb:set package 'my_happy_topic' build argument 'cmake_target' from command line to 'None'
[0.738s] Level 5:colcon.colcon_core.verb:set package 'my_happy_topic' build argument 'cmake_target_skip_unavailable' from command line to 'False'
[0.738s] Level 5:colcon.colcon_core.verb:set package 'my_happy_topic' build argument 'cmake_clean_cache' from command line to 'False'
[0.738s] Level 5:colcon.colcon_core.verb:set package 'my_happy_topic' build argument 'cmake_clean_first' from command line to 'False'
[0.738s] Level 5:colcon.colcon_core.verb:set package 'my_happy_topic' build argument 'cmake_force_configure' from command line to 'False'
[0.738s] Level 5:colcon.colcon_core.verb:set package 'my_happy_topic' build argument 'ament_cmake_args' from command line to 'None'
[0.738s] Level 5:colcon.colcon_core.verb:set package 'my_happy_topic' build argument 'catkin_cmake_args' from command line to 'None'
[0.738s] Level 5:colcon.colcon_core.verb:set package 'my_happy_topic' build argument 'catkin_skip_building_tests' from command line to 'False'
[0.738s] DEBUG:colcon.colcon_core.verb:Building package 'my_happy_topic' with the following arguments: {'ament_cmake_args': None, 'build_base': '/home/ubuntu/happy_ws/build/my_happy_topic', 'catkin_cmake_args': None, 'catkin_skip_building_tests': False, 'cmake_args': None, 'cmake_clean_cache': False, 'cmake_clean_first': False, 'cmake_force_configure': False, 'cmake_target': None, 'cmake_target_skip_unavailable': False, 'install_base': '/home/ubuntu/happy_ws/install/my_happy_topic', 'merge_install': False, 'path': '/home/ubuntu/happy_ws/src/chapter2/my_happy_topic', 'symlink_install': <colcon_core.argument_default.BooleanDefaultValue object at 0x7f2064ad6890>, 'test_result_base': None}
[0.738s] Level 5:colcon.colcon_core.verb:set package 'my_time_topic' build argument 'cmake_args' from command line to 'None'
[0.738s] Level 5:colcon.colcon_core.verb:set package 'my_time_topic' build argument 'cmake_target' from command line to 'None'
[0.738s] Level 5:colcon.colcon_core.verb:set package 'my_time_topic' build argument 'cmake_target_skip_unavailable' from command line to 'False'
[0.738s] Level 5:colcon.colcon_core.verb:set package 'my_time_topic' build argument 'cmake_clean_cache' from command line to 'False'
[0.738s] Level 5:colcon.colcon_core.verb:set package 'my_time_topic' build argument 'cmake_clean_first' from command line to 'False'
[0.739s] Level 5:colcon.colcon_core.verb:set package 'my_time_topic' build argument 'cmake_force_configure' from command line to 'False'
[0.739s] Level 5:colcon.colcon_core.verb:set package 'my_time_topic' build argument 'ament_cmake_args' from command line to 'None'
[0.739s] Level 5:colcon.colcon_core.verb:set package 'my_time_topic' build argument 'catkin_cmake_args' from command line to 'None'
[0.739s] Level 5:colcon.colcon_core.verb:set package 'my_time_topic' build argument 'catkin_skip_building_tests' from command line to 'False'
[0.739s] DEBUG:colcon.colcon_core.verb:Building package 'my_time_topic' with the following arguments: {'ament_cmake_args': None, 'build_base': '/home/ubuntu/happy_ws/build/my_time_topic', 'catkin_cmake_args': None, 'catkin_skip_building_tests': False, 'cmake_args': None, 'cmake_clean_cache': False, 'cmake_clean_first': False, 'cmake_force_configure': False, 'cmake_target': None, 'cmake_target_skip_unavailable': False, 'install_base': '/home/ubuntu/happy_ws/install/my_time_topic', 'merge_install': False, 'path': '/home/ubuntu/happy_ws/src/chapter2/my_time_topic', 'symlink_install': <colcon_core.argument_default.BooleanDefaultValue object at 0x7f2064ad6890>, 'test_result_base': None}
[0.739s] INFO:colcon.colcon_core.executor:Executing jobs using 'parallel' executor
[0.740s] DEBUG:colcon.colcon_parallel_executor.executor.parallel:run_until_complete
[0.741s] INFO:colcon.colcon_ros.task.ament_python.build:Building ROS package in '/home/ubuntu/happy_ws/src/chapter2/hello' with build type 'ament_python'
[0.741s] Level 1:colcon.colcon_core.shell:create_environment_hook('hello', 'ament_prefix_path')
[0.747s] INFO:colcon.colcon_core.plugin_system:Skipping extension 'colcon_core.shell.bat': Not used on non-Windows systems
[0.747s] INFO:colcon.colcon_core.shell:Creating environment hook '/home/ubuntu/happy_ws/install/hello/share/hello/hook/ament_prefix_path.ps1'
[0.748s] INFO:colcon.colcon_core.shell:Creating environment descriptor '/home/ubuntu/happy_ws/install/hello/share/hello/hook/ament_prefix_path.dsv'
[0.748s] INFO:colcon.colcon_core.shell:Creating environment hook '/home/ubuntu/happy_ws/install/hello/share/hello/hook/ament_prefix_path.sh'
[0.749s] INFO:colcon.colcon_core.shell:Skip shell extension 'powershell' for command environment: Not usable outside of PowerShell
[0.749s] DEBUG:colcon.colcon_core.shell:Skip shell extension 'dsv' for command environment
[0.762s] INFO:colcon.colcon_ros.task.ament_python.build:Building ROS package in '/home/ubuntu/happy_ws/src/chapter2/my_happy' with build type 'ament_python'
[0.762s] Level 1:colcon.colcon_core.shell:create_environment_hook('my_happy', 'ament_prefix_path')
[0.762s] INFO:colcon.colcon_core.shell:Creating environment hook '/home/ubuntu/happy_ws/install/my_happy/share/my_happy/hook/ament_prefix_path.ps1'
[0.763s] INFO:colcon.colcon_core.shell:Creating environment descriptor '/home/ubuntu/happy_ws/install/my_happy/share/my_happy/hook/ament_prefix_path.dsv'
[0.763s] INFO:colcon.colcon_core.shell:Creating environment hook '/home/ubuntu/happy_ws/install/my_happy/share/my_happy/hook/ament_prefix_path.sh'
[0.764s] INFO:colcon.colcon_core.shell:Skip shell extension 'powershell' for command environment: Not usable outside of PowerShell
[0.764s] DEBUG:colcon.colcon_core.shell:Skip shell extension 'dsv' for command environment
[0.776s] INFO:colcon.colcon_ros.task.ament_python.build:Building ROS package in '/home/ubuntu/happy_ws/src/chapter2/my_happy_topic' with build type 'ament_python'
[0.776s] Level 1:colcon.colcon_core.shell:create_environment_hook('my_happy_topic', 'ament_prefix_path')
[0.777s] INFO:colcon.colcon_core.shell:Creating environment hook '/home/ubuntu/happy_ws/install/my_happy_topic/share/my_happy_topic/hook/ament_prefix_path.ps1'
[0.777s] INFO:colcon.colcon_core.shell:Creating environment descriptor '/home/ubuntu/happy_ws/install/my_happy_topic/share/my_happy_topic/hook/ament_prefix_path.dsv'
[0.778s] INFO:colcon.colcon_core.shell:Creating environment hook '/home/ubuntu/happy_ws/install/my_happy_topic/share/my_happy_topic/hook/ament_prefix_path.sh'
[0.779s] INFO:colcon.colcon_core.shell:Skip shell extension 'powershell' for command environment: Not usable outside of PowerShell
[0.779s] DEBUG:colcon.colcon_core.shell:Skip shell extension 'dsv' for command environment
[0.792s] INFO:colcon.colcon_ros.task.ament_python.build:Building ROS package in '/home/ubuntu/happy_ws/src/chapter2/my_time_topic' with build type 'ament_python'
[0.792s] Level 1:colcon.colcon_core.shell:create_environment_hook('my_time_topic', 'ament_prefix_path')
[0.792s] INFO:colcon.colcon_core.shell:Creating environment hook '/home/ubuntu/happy_ws/install/my_time_topic/share/my_time_topic/hook/ament_prefix_path.ps1'
[0.793s] INFO:colcon.colcon_core.shell:Creating environment descriptor '/home/ubuntu/happy_ws/install/my_time_topic/share/my_time_topic/hook/ament_prefix_path.dsv'
[0.794s] INFO:colcon.colcon_core.shell:Creating environment hook '/home/ubuntu/happy_ws/install/my_time_topic/share/my_time_topic/hook/ament_prefix_path.sh'
[0.794s] INFO:colcon.colcon_core.shell:Skip shell extension 'powershell' for command environment: Not usable outside of PowerShell
[0.795s] DEBUG:colcon.colcon_core.shell:Skip shell extension 'dsv' for command environment
[1.372s] INFO:colcon.colcon_core.task.python.build:Building Python package in '/home/ubuntu/happy_ws/src/chapter2/hello'
[1.373s] INFO:colcon.colcon_core.shell:Skip shell extension 'powershell' for command environment: Not usable outside of PowerShell
[1.373s] DEBUG:colcon.colcon_core.shell:Skip shell extension 'dsv' for command environment
[1.940s] INFO:colcon.colcon_core.task.python.build:Building Python package in '/home/ubuntu/happy_ws/src/chapter2/my_happy'
[1.940s] INFO:colcon.colcon_core.shell:Skip shell extension 'powershell' for command environment: Not usable outside of PowerShell
[1.940s] DEBUG:colcon.colcon_core.shell:Skip shell extension 'dsv' for command environment
[2.527s] INFO:colcon.colcon_core.task.python.build:Building Python package in '/home/ubuntu/happy_ws/src/chapter2/my_happy_topic'
[2.527s] INFO:colcon.colcon_core.shell:Skip shell extension 'powershell' for command environment: Not usable outside of PowerShell
[2.527s] DEBUG:colcon.colcon_core.shell:Skip shell extension 'dsv' for command environment
[3.090s] INFO:colcon.colcon_core.task.python.build:Building Python package in '/home/ubuntu/happy_ws/src/chapter2/my_time_topic'
[3.090s] INFO:colcon.colcon_core.shell:Skip shell extension 'powershell' for command environment: Not usable outside of PowerShell
[3.090s] DEBUG:colcon.colcon_core.shell:Skip shell extension 'dsv' for command environment
[3.944s] DEBUG:colcon.colcon_core.event_handler.log_command:Invoking command in '/home/ubuntu/happy_ws/build/my_time_topic': PYTHONPATH=/home/ubuntu/happy_ws/build/my_time_topic/prefix_override:/usr/lib/python3/dist-packages/colcon_core/task/python/colcon_distutils_commands:/home/ubuntu/happy_ws/install/my_time_topic/lib/python3.10/site-packages:${PYTHONPATH} /usr/bin/python3 -W ignore:setup.py install is deprecated -W ignore:easy_install command is deprecated setup.py develop --editable --build-directory /home/ubuntu/happy_ws/build/my_time_topic/build --no-deps symlink_data
[3.972s] DEBUG:colcon.colcon_core.event_handler.log_command:Invoking command in '/home/ubuntu/happy_ws/build/my_happy_topic': PYTHONPATH=/home/ubuntu/happy_ws/build/my_happy_topic/prefix_override:/usr/lib/python3/dist-packages/colcon_core/task/python/colcon_distutils_commands:/home/ubuntu/happy_ws/install/my_happy_topic/lib/python3.10/site-packages:${PYTHONPATH} /usr/bin/python3 -W ignore:setup.py install is deprecated -W ignore:easy_install command is deprecated setup.py develop --editable --build-directory /home/ubuntu/happy_ws/build/my_happy_topic/build --no-deps symlink_data
[3.977s] DEBUG:colcon.colcon_core.event_handler.log_command:Invoking command in '/home/ubuntu/happy_ws/build/my_happy': PYTHONPATH=/home/ubuntu/happy_ws/build/my_happy/prefix_override:/usr/lib/python3/dist-packages/colcon_core/task/python/colcon_distutils_commands:/home/ubuntu/happy_ws/install/my_happy/lib/python3.10/site-packages:${PYTHONPATH} /usr/bin/python3 -W ignore:setup.py install is deprecated -W ignore:easy_install command is deprecated setup.py develop --editable --build-directory /home/ubuntu/happy_ws/build/my_happy/build --no-deps symlink_data
[3.993s] DEBUG:colcon.colcon_core.event_handler.log_command:Invoking command in '/home/ubuntu/happy_ws/build/hello': PYTHONPATH=/home/ubuntu/happy_ws/build/hello/prefix_override:/usr/lib/python3/dist-packages/colcon_core/task/python/colcon_distutils_commands:/home/ubuntu/happy_ws/install/hello/lib/python3.10/site-packages:${PYTHONPATH} /usr/bin/python3 -W ignore:setup.py install is deprecated -W ignore:easy_install command is deprecated setup.py develop --editable --build-directory /home/ubuntu/happy_ws/build/hello/build --no-deps symlink_data
[5.116s] Level 1:colcon.colcon_core.shell:create_environment_hook('my_happy', 'pythonpath_develop')
[5.117s] INFO:colcon.colcon_core.shell:Creating environment hook '/home/ubuntu/happy_ws/build/my_happy/share/my_happy/hook/pythonpath_develop.ps1'
[5.118s] DEBUG:colcon.colcon_core.event_handler.log_command:Invoked command in '/home/ubuntu/happy_ws/build/my_happy' returned '0': PYTHONPATH=/home/ubuntu/happy_ws/build/my_happy/prefix_override:/usr/lib/python3/dist-packages/colcon_core/task/python/colcon_distutils_commands:/home/ubuntu/happy_ws/install/my_happy/lib/python3.10/site-packages:${PYTHONPATH} /usr/bin/python3 -W ignore:setup.py install is deprecated -W ignore:easy_install command is deprecated setup.py develop --editable --build-directory /home/ubuntu/happy_ws/build/my_happy/build --no-deps symlink_data
[5.118s] INFO:colcon.colcon_core.shell:Creating environment descriptor '/home/ubuntu/happy_ws/build/my_happy/share/my_happy/hook/pythonpath_develop.dsv'
[5.119s] INFO:colcon.colcon_core.shell:Creating environment hook '/home/ubuntu/happy_ws/build/my_happy/share/my_happy/hook/pythonpath_develop.sh'
[5.125s] Level 1:colcon.colcon_core.environment:checking '/home/ubuntu/happy_ws/install/my_happy' for CMake module files
[5.126s] Level 1:colcon.colcon_core.environment:checking '/home/ubuntu/happy_ws/install/my_happy' for CMake config files
[5.127s] Level 1:colcon.colcon_core.environment:checking '/home/ubuntu/happy_ws/install/my_happy/lib'
[5.127s] Level 1:colcon.colcon_core.environment:checking '/home/ubuntu/happy_ws/install/my_happy/bin'
[5.127s] Level 1:colcon.colcon_core.environment:checking '/home/ubuntu/happy_ws/install/my_happy/lib/pkgconfig/my_happy.pc'
[5.128s] Level 1:colcon.colcon_core.environment:checking '/home/ubuntu/happy_ws/install/my_happy/lib/python3.10/site-packages'
[5.128s] Level 1:colcon.colcon_core.shell:create_environment_hook('my_happy', 'pythonpath')
[5.128s] INFO:colcon.colcon_core.shell:Creating environment hook '/home/ubuntu/happy_ws/install/my_happy/share/my_happy/hook/pythonpath.ps1'
[5.129s] INFO:colcon.colcon_core.shell:Creating environment descriptor '/home/ubuntu/happy_ws/install/my_happy/share/my_happy/hook/pythonpath.dsv'
[5.129s] INFO:colcon.colcon_core.shell:Creating environment hook '/home/ubuntu/happy_ws/install/my_happy/share/my_happy/hook/pythonpath.sh'
[5.130s] Level 1:colcon.colcon_core.environment:checking '/home/ubuntu/happy_ws/install/my_happy/bin'
[5.130s] Level 1:colcon.colcon_core.environment:create_environment_scripts_only(my_happy)
[5.131s] INFO:colcon.colcon_core.shell:Creating package script '/home/ubuntu/happy_ws/install/my_happy/share/my_happy/package.ps1'
[5.132s] INFO:colcon.colcon_core.shell:Creating package descriptor '/home/ubuntu/happy_ws/install/my_happy/share/my_happy/package.dsv'
[5.133s] INFO:colcon.colcon_core.shell:Creating package script '/home/ubuntu/happy_ws/install/my_happy/share/my_happy/package.sh'
[5.134s] INFO:colcon.colcon_core.shell:Creating package script '/home/ubuntu/happy_ws/install/my_happy/share/my_happy/package.bash'
[5.134s] INFO:colcon.colcon_core.shell:Creating package script '/home/ubuntu/happy_ws/install/my_happy/share/my_happy/package.zsh'
[5.135s] Level 1:colcon.colcon_core.environment:create_file_with_runtime_dependencies(/home/ubuntu/happy_ws/install/my_happy/share/colcon-core/packages/my_happy)
[5.142s] Level 1:colcon.colcon_core.shell:create_environment_hook('my_time_topic', 'pythonpath_develop')
[5.142s] INFO:colcon.colcon_core.shell:Creating environment hook '/home/ubuntu/happy_ws/build/my_time_topic/share/my_time_topic/hook/pythonpath_develop.ps1'
[5.144s] DEBUG:colcon.colcon_core.event_handler.log_command:Invoked command in '/home/ubuntu/happy_ws/build/my_time_topic' returned '0': PYTHONPATH=/home/ubuntu/happy_ws/build/my_time_topic/prefix_override:/usr/lib/python3/dist-packages/colcon_core/task/python/colcon_distutils_commands:/home/ubuntu/happy_ws/install/my_time_topic/lib/python3.10/site-packages:${PYTHONPATH} /usr/bin/python3 -W ignore:setup.py install is deprecated -W ignore:easy_install command is deprecated setup.py develop --editable --build-directory /home/ubuntu/happy_ws/build/my_time_topic/build --no-deps symlink_data
[5.144s] INFO:colcon.colcon_core.shell:Creating environment descriptor '/home/ubuntu/happy_ws/build/my_time_topic/share/my_time_topic/hook/pythonpath_develop.dsv'
[5.145s] INFO:colcon.colcon_core.shell:Creating environment hook '/home/ubuntu/happy_ws/build/my_time_topic/share/my_time_topic/hook/pythonpath_develop.sh'
[5.146s] Level 1:colcon.colcon_core.environment:checking '/home/ubuntu/happy_ws/install/my_time_topic' for CMake module files
[5.146s] Level 1:colcon.colcon_core.environment:checking '/home/ubuntu/happy_ws/install/my_time_topic' for CMake config files
[5.147s] Level 1:colcon.colcon_core.environment:checking '/home/ubuntu/happy_ws/install/my_time_topic/lib'
[5.147s] Level 1:colcon.colcon_core.environment:checking '/home/ubuntu/happy_ws/install/my_time_topic/bin'
[5.147s] Level 1:colcon.colcon_core.environment:checking '/home/ubuntu/happy_ws/install/my_time_topic/lib/pkgconfig/my_time_topic.pc'
[5.147s] Level 1:colcon.colcon_core.environment:checking '/home/ubuntu/happy_ws/install/my_time_topic/lib/python3.10/site-packages'
[5.147s] Level 1:colcon.colcon_core.shell:create_environment_hook('my_time_topic', 'pythonpath')
[5.148s] INFO:colcon.colcon_core.shell:Creating environment hook '/home/ubuntu/happy_ws/install/my_time_topic/share/my_time_topic/hook/pythonpath.ps1'
[5.148s] INFO:colcon.colcon_core.shell:Creating environment descriptor '/home/ubuntu/happy_ws/install/my_time_topic/share/my_time_topic/hook/pythonpath.dsv'
[5.149s] INFO:colcon.colcon_core.shell:Creating environment hook '/home/ubuntu/happy_ws/install/my_time_topic/share/my_time_topic/hook/pythonpath.sh'
[5.149s] Level 1:colcon.colcon_core.environment:checking '/home/ubuntu/happy_ws/install/my_time_topic/bin'
[5.149s] Level 1:colcon.colcon_core.environment:create_environment_scripts_only(my_time_topic)
[5.150s] INFO:colcon.colcon_core.shell:Creating package script '/home/ubuntu/happy_ws/install/my_time_topic/share/my_time_topic/package.ps1'
[5.150s] INFO:colcon.colcon_core.shell:Creating package descriptor '/home/ubuntu/happy_ws/install/my_time_topic/share/my_time_topic/package.dsv'
[5.151s] INFO:colcon.colcon_core.shell:Creating package script '/home/ubuntu/happy_ws/install/my_time_topic/share/my_time_topic/package.sh'
[5.152s] INFO:colcon.colcon_core.shell:Creating package script '/home/ubuntu/happy_ws/install/my_time_topic/share/my_time_topic/package.bash'
[5.152s] INFO:colcon.colcon_core.shell:Creating package script '/home/ubuntu/happy_ws/install/my_time_topic/share/my_time_topic/package.zsh'
[5.153s] Level 1:colcon.colcon_core.environment:create_file_with_runtime_dependencies(/home/ubuntu/happy_ws/install/my_time_topic/share/colcon-core/packages/my_time_topic)
[5.167s] Level 1:colcon.colcon_core.shell:create_environment_hook('my_happy_topic', 'pythonpath_develop')
[5.167s] INFO:colcon.colcon_core.shell:Creating environment hook '/home/ubuntu/happy_ws/build/my_happy_topic/share/my_happy_topic/hook/pythonpath_develop.ps1'
[5.168s] DEBUG:colcon.colcon_core.event_handler.log_command:Invoked command in '/home/ubuntu/happy_ws/build/my_happy_topic' returned '0': PYTHONPATH=/home/ubuntu/happy_ws/build/my_happy_topic/prefix_override:/usr/lib/python3/dist-packages/colcon_core/task/python/colcon_distutils_commands:/home/ubuntu/happy_ws/install/my_happy_topic/lib/python3.10/site-packages:${PYTHONPATH} /usr/bin/python3 -W ignore:setup.py install is deprecated -W ignore:easy_install command is deprecated setup.py develop --editable --build-directory /home/ubuntu/happy_ws/build/my_happy_topic/build --no-deps symlink_data
[5.169s] INFO:colcon.colcon_core.shell:Creating environment descriptor '/home/ubuntu/happy_ws/build/my_happy_topic/share/my_happy_topic/hook/pythonpath_develop.dsv'
[5.169s] INFO:colcon.colcon_core.shell:Creating environment hook '/home/ubuntu/happy_ws/build/my_happy_topic/share/my_happy_topic/hook/pythonpath_develop.sh'
[5.170s] Level 1:colcon.colcon_core.environment:checking '/home/ubuntu/happy_ws/install/my_happy_topic' for CMake module files
[5.170s] Level 1:colcon.colcon_core.environment:checking '/home/ubuntu/happy_ws/install/my_happy_topic' for CMake config files
[5.171s] Level 1:colcon.colcon_core.environment:checking '/home/ubuntu/happy_ws/install/my_happy_topic/lib'
[5.171s] Level 1:colcon.colcon_core.environment:checking '/home/ubuntu/happy_ws/install/my_happy_topic/bin'
[5.171s] Level 1:colcon.colcon_core.environment:checking '/home/ubuntu/happy_ws/install/my_happy_topic/lib/pkgconfig/my_happy_topic.pc'
[5.172s] Level 1:colcon.colcon_core.environment:checking '/home/ubuntu/happy_ws/install/my_happy_topic/lib/python3.10/site-packages'
[5.172s] Level 1:colcon.colcon_core.shell:create_environment_hook('my_happy_topic', 'pythonpath')
[5.172s] INFO:colcon.colcon_core.shell:Creating environment hook '/home/ubuntu/happy_ws/install/my_happy_topic/share/my_happy_topic/hook/pythonpath.ps1'
[5.173s] INFO:colcon.colcon_core.shell:Creating environment descriptor '/home/ubuntu/happy_ws/install/my_happy_topic/share/my_happy_topic/hook/pythonpath.dsv'
[5.173s] INFO:colcon.colcon_core.shell:Creating environment hook '/home/ubuntu/happy_ws/install/my_happy_topic/share/my_happy_topic/hook/pythonpath.sh'
[5.174s] Level 1:colcon.colcon_core.environment:checking '/home/ubuntu/happy_ws/install/my_happy_topic/bin'
[5.174s] Level 1:colcon.colcon_core.environment:create_environment_scripts_only(my_happy_topic)
[5.175s] INFO:colcon.colcon_core.shell:Creating package script '/home/ubuntu/happy_ws/install/my_happy_topic/share/my_happy_topic/package.ps1'
[5.176s] INFO:colcon.colcon_core.shell:Creating package descriptor '/home/ubuntu/happy_ws/install/my_happy_topic/share/my_happy_topic/package.dsv'
[5.177s] INFO:colcon.colcon_core.shell:Creating package script '/home/ubuntu/happy_ws/install/my_happy_topic/share/my_happy_topic/package.sh'
[5.178s] INFO:colcon.colcon_core.shell:Creating package script '/home/ubuntu/happy_ws/install/my_happy_topic/share/my_happy_topic/package.bash'
[5.180s] INFO:colcon.colcon_core.shell:Creating package script '/home/ubuntu/happy_ws/install/my_happy_topic/share/my_happy_topic/package.zsh'
[5.182s] Level 1:colcon.colcon_core.environment:create_file_with_runtime_dependencies(/home/ubuntu/happy_ws/install/my_happy_topic/share/colcon-core/packages/my_happy_topic)
[5.236s] Level 1:colcon.colcon_core.shell:create_environment_hook('hello', 'pythonpath_develop')
[5.237s] INFO:colcon.colcon_core.shell:Creating environment hook '/home/ubuntu/happy_ws/build/hello/share/hello/hook/pythonpath_develop.ps1'
[5.237s] DEBUG:colcon.colcon_core.event_handler.log_command:Invoked command in '/home/ubuntu/happy_ws/build/hello' returned '0': PYTHONPATH=/home/ubuntu/happy_ws/build/hello/prefix_override:/usr/lib/python3/dist-packages/colcon_core/task/python/colcon_distutils_commands:/home/ubuntu/happy_ws/install/hello/lib/python3.10/site-packages:${PYTHONPATH} /usr/bin/python3 -W ignore:setup.py install is deprecated -W ignore:easy_install command is deprecated setup.py develop --editable --build-directory /home/ubuntu/happy_ws/build/hello/build --no-deps symlink_data
[5.238s] INFO:colcon.colcon_core.shell:Creating environment descriptor '/home/ubuntu/happy_ws/build/hello/share/hello/hook/pythonpath_develop.dsv'
[5.239s] INFO:colcon.colcon_core.shell:Creating environment hook '/home/ubuntu/happy_ws/build/hello/share/hello/hook/pythonpath_develop.sh'
[5.240s] Level 1:colcon.colcon_core.environment:checking '/home/ubuntu/happy_ws/install/hello' for CMake module files
[5.240s] Level 1:colcon.colcon_core.environment:checking '/home/ubuntu/happy_ws/install/hello' for CMake config files
[5.241s] Level 1:colcon.colcon_core.environment:checking '/home/ubuntu/happy_ws/install/hello/lib'
[5.241s] Level 1:colcon.colcon_core.environment:checking '/home/ubuntu/happy_ws/install/hello/bin'
[5.241s] Level 1:colcon.colcon_core.environment:checking '/home/ubuntu/happy_ws/install/hello/lib/pkgconfig/hello.pc'
[5.242s] Level 1:colcon.colcon_core.environment:checking '/home/ubuntu/happy_ws/install/hello/lib/python3.10/site-packages'
[5.242s] Level 1:colcon.colcon_core.shell:create_environment_hook('hello', 'pythonpath')
[5.242s] INFO:colcon.colcon_core.shell:Creating environment hook '/home/ubuntu/happy_ws/install/hello/share/hello/hook/pythonpath.ps1'
[5.243s] INFO:colcon.colcon_core.shell:Creating environment descriptor '/home/ubuntu/happy_ws/install/hello/share/hello/hook/pythonpath.dsv'
[5.243s] INFO:colcon.colcon_core.shell:Creating environment hook '/home/ubuntu/happy_ws/install/hello/share/hello/hook/pythonpath.sh'
[5.244s] Level 1:colcon.colcon_core.environment:checking '/home/ubuntu/happy_ws/install/hello/bin'
[5.244s] Level 1:colcon.colcon_core.environment:create_environment_scripts_only(hello)
[5.245s] INFO:colcon.colcon_core.shell:Creating package script '/home/ubuntu/happy_ws/install/hello/share/hello/package.ps1'
[5.246s] INFO:colcon.colcon_core.shell:Creating package descriptor '/home/ubuntu/happy_ws/install/hello/share/hello/package.dsv'
[5.246s] INFO:colcon.colcon_core.shell:Creating package script '/home/ubuntu/happy_ws/install/hello/share/hello/package.sh'
[5.247s] INFO:colcon.colcon_core.shell:Creating package script '/home/ubuntu/happy_ws/install/hello/share/hello/package.bash'
[5.247s] INFO:colcon.colcon_core.shell:Creating package script '/home/ubuntu/happy_ws/install/hello/share/hello/package.zsh'
[5.248s] Level 1:colcon.colcon_core.environment:create_file_with_runtime_dependencies(/home/ubuntu/happy_ws/install/hello/share/colcon-core/packages/hello)
[5.248s] DEBUG:colcon.colcon_parallel_executor.executor.parallel:closing loop
[5.249s] DEBUG:colcon.colcon_parallel_executor.executor.parallel:loop closed
[5.249s] DEBUG:colcon.colcon_parallel_executor.executor.parallel:run_until_complete finished with '0'
[5.250s] DEBUG:colcon.colcon_core.event_reactor:joining thread
[5.261s] INFO:colcon.colcon_core.plugin_system:Skipping extension 'colcon_notification.desktop_notification.terminal_notifier': Not used on non-Darwin systems
[5.261s] INFO:colcon.colcon_core.plugin_system:Skipping extension 'colcon_notification.desktop_notification.win32': Not used on non-Windows systems
[5.261s] INFO:colcon.colcon_notification.desktop_notification:Sending desktop notification using 'notify2'
[5.444s] DEBUG:colcon.colcon_core.event_reactor:joined thread
[5.445s] INFO:colcon.colcon_core.shell:Creating prefix script '/home/ubuntu/happy_ws/install/local_setup.ps1'
[5.446s] INFO:colcon.colcon_core.shell:Creating prefix util module '/home/ubuntu/happy_ws/install/_local_setup_util_ps1.py'
[5.448s] INFO:colcon.colcon_core.shell:Creating prefix chain script '/home/ubuntu/happy_ws/install/setup.ps1'
[5.454s] INFO:colcon.colcon_core.shell:Creating prefix script '/home/ubuntu/happy_ws/install/local_setup.sh'
[5.455s] INFO:colcon.colcon_core.shell:Creating prefix util module '/home/ubuntu/happy_ws/install/_local_setup_util_sh.py'
[5.456s] INFO:colcon.colcon_core.shell:Creating prefix chain script '/home/ubuntu/happy_ws/install/setup.sh'
[5.461s] INFO:colcon.colcon_core.shell:Creating prefix script '/home/ubuntu/happy_ws/install/local_setup.bash'
[5.461s] INFO:colcon.colcon_core.shell:Creating prefix chain script '/home/ubuntu/happy_ws/install/setup.bash'
[5.467s] INFO:colcon.colcon_core.shell:Creating prefix script '/home/ubuntu/happy_ws/install/local_setup.zsh'
[5.467s] INFO:colcon.colcon_core.shell:Creating prefix chain script '/home/ubuntu/happy_ws/install/setup.zsh'
