[2.493s] Invoking command in '/home/ubuntu/happy_ws/build/my_time_topic': PYTHONPATH=/home/ubuntu/happy_ws/build/my_time_topic/prefix_override:/usr/lib/python3/dist-packages/colcon_core/task/python/colcon_distutils_commands:/home/ubuntu/happy_ws/install/my_time_topic/lib/python3.10/site-packages:${PYTHONPATH} /usr/bin/python3 -W ignore:setup.py install is deprecated -W ignore:easy_install command is deprecated setup.py develop --editable --build-directory /home/ubuntu/happy_ws/build/my_time_topic/build --no-deps symlink_data
[3.121s] running develop
[3.521s] running egg_info
[3.521s] creating my_time_topic.egg-info
[3.523s] writing my_time_topic.egg-info/PKG-INFO
[3.523s] writing dependency_links to my_time_topic.egg-info/dependency_links.txt
[3.524s] writing entry points to my_time_topic.egg-info/entry_points.txt
[3.524s] writing requirements to my_time_topic.egg-info/requires.txt
[3.524s] writing top-level names to my_time_topic.egg-info/top_level.txt
[3.524s] writing manifest file 'my_time_topic.egg-info/SOURCES.txt'
[3.527s] reading manifest file 'my_time_topic.egg-info/SOURCES.txt'
[3.528s] writing manifest file 'my_time_topic.egg-info/SOURCES.txt'
[3.533s] running build_ext
[3.533s] Creating /home/ubuntu/happy_ws/install/my_time_topic/lib/python3.10/site-packages/my-time-topic.egg-link (link to .)
[3.534s] Installing time_publisher script to /home/ubuntu/happy_ws/install/my_time_topic/lib/my_time_topic
[3.537s] 
[3.537s] Installed /home/ubuntu/happy_ws/build/my_time_topic
[3.537s] running symlink_data
[3.538s] creating /home/ubuntu/happy_ws/install/my_time_topic/share/ament_index
[3.538s] creating /home/ubuntu/happy_ws/install/my_time_topic/share/ament_index/resource_index
[3.539s] creating /home/ubuntu/happy_ws/install/my_time_topic/share/ament_index/resource_index/packages
[3.540s] symbolically linking /home/ubuntu/happy_ws/build/my_time_topic/resource/my_time_topic -> /home/ubuntu/happy_ws/install/my_time_topic/share/ament_index/resource_index/packages
[3.541s] symbolically linking /home/ubuntu/happy_ws/build/my_time_topic/package.xml -> /home/ubuntu/happy_ws/install/my_time_topic/share/my_time_topic
[3.589s] Invoked command in '/home/ubuntu/happy_ws/build/my_time_topic' returned '0': PYTHONPATH=/home/ubuntu/happy_ws/build/my_time_topic/prefix_override:/usr/lib/python3/dist-packages/colcon_core/task/python/colcon_distutils_commands:/home/ubuntu/happy_ws/install/my_time_topic/lib/python3.10/site-packages:${PYTHONPATH} /usr/bin/python3 -W ignore:setup.py install is deprecated -W ignore:easy_install command is deprecated setup.py develop --editable --build-directory /home/ubuntu/happy_ws/build/my_time_topic/build --no-deps symlink_data
