running develop
running egg_info
creating happy_topic.egg-info
writing happy_topic.egg-info/PKG-INFO
writing dependency_links to happy_topic.egg-info/dependency_links.txt
writing entry points to happy_topic.egg-info/entry_points.txt
writing requirements to happy_topic.egg-info/requires.txt
writing top-level names to happy_topic.egg-info/top_level.txt
writing manifest file 'happy_topic.egg-info/SOURCES.txt'
reading manifest file 'happy_topic.egg-info/SOURCES.txt'
writing manifest file 'happy_topic.egg-info/SOURCES.txt'
running build_ext
Creating /home/ubuntu/happy_ws/install/happy_topic/lib/python3.10/site-packages/happy-topic.egg-link (link to .)
Installing happy_publisher_node script to /home/ubuntu/happy_ws/install/happy_topic/lib/happy_topic

Installed /home/ubuntu/happy_ws/build/happy_topic
running symlink_data
creating /home/ubuntu/happy_ws/install/happy_topic/share/ament_index
creating /home/ubuntu/happy_ws/install/happy_topic/share/ament_index/resource_index
creating /home/ubuntu/happy_ws/install/happy_topic/share/ament_index/resource_index/packages
symbolically linking /home/ubuntu/happy_ws/build/happy_topic/resource/happy_topic -> /home/ubuntu/happy_ws/install/happy_topic/share/ament_index/resource_index/packages
symbolically linking /home/ubuntu/happy_ws/build/happy_topic/package.xml -> /home/ubuntu/happy_ws/install/happy_topic/share/happy_topic
