[0.359s] DEBUG:colcon:Command line arguments: ['/usr/bin/colcon', 'build']
[0.359s] DEBUG:colcon:Parsed command line arguments: Namespace(log_base=None, log_level=None, verb_name='build', build_base='build', install_base='install', merge_install=False, symlink_install=<colcon_core.argument_default.BooleanDefaultValue object at 0x7f54d7251ea0>, test_result_base=None, continue_on_error=False, executor='parallel', parallel_workers=12, event_handlers=None, ignore_user_meta=False, metas=['./colcon.meta'], base_paths=['.'], packages_ignore=None, packages_ignore_regex=None, paths=None, packages_up_to=None, packages_up_to_regex=None, packages_above=None, packages_above_and_dependencies=None, packages_above_depth=None, packages_select_by_dep=None, packages_skip_by_dep=None, packages_skip_up_to=None, packages_select_build_failed=False, packages_skip_build_finished=False, packages_select_test_failures=False, packages_skip_test_passed=False, packages_select=None, packages_skip=None, packages_select_regex=None, packages_skip_regex=None, packages_start=None, packages_end=None, allow_overriding=[], cmake_args=None, cmake_target=None, cmake_target_skip_unavailable=False, cmake_clean_cache=False, cmake_clean_first=False, cmake_force_configure=False, ament_cmake_args=None, catkin_cmake_args=None, catkin_skip_building_tests=False, verb_parser=<colcon_defaults.argument_parser.defaults.DefaultArgumentsDecorator object at 0x7f54d71f5f00>, verb_extension=<colcon_core.verb.build.BuildVerb object at 0x7f54d71f5a80>, main=<bound method BuildVerb.main of <colcon_core.verb.build.BuildVerb object at 0x7f54d71f5a80>>)
[1.244s] Level 1:colcon.colcon_core.package_discovery:discover_packages(colcon_meta) check parameters
[1.244s] Level 1:colcon.colcon_core.package_discovery:discover_packages(recursive) check parameters
[1.244s] Level 1:colcon.colcon_core.package_discovery:discover_packages(ignore) check parameters
[1.244s] Level 1:colcon.colcon_core.package_discovery:discover_packages(path) check parameters
[1.244s] Level 1:colcon.colcon_core.package_discovery:discover_packages(colcon_meta) discover
[1.244s] Level 1:colcon.colcon_core.package_discovery:discover_packages(recursive) discover
[1.244s] INFO:colcon.colcon_core.package_discovery:Crawling recursively for packages in '/home/ubuntu/happy_ws'
[1.244s] Level 1:colcon.colcon_core.package_identification:_identify(.) by extensions ['ignore', 'ignore_ament_install']
[1.245s] Level 1:colcon.colcon_core.package_identification:_identify(.) by extension 'ignore'
[1.245s] Level 1:colcon.colcon_core.package_identification:_identify(.) by extension 'ignore_ament_install'
[1.245s] Level 1:colcon.colcon_core.package_identification:_identify(.) by extensions ['colcon_pkg']
[1.245s] Level 1:colcon.colcon_core.package_identification:_identify(.) by extension 'colcon_pkg'
[1.245s] Level 1:colcon.colcon_core.package_identification:_identify(.) by extensions ['colcon_meta']
[1.245s] Level 1:colcon.colcon_core.package_identification:_identify(.) by extension 'colcon_meta'
[1.245s] Level 1:colcon.colcon_core.package_identification:_identify(.) by extensions ['ros']
[1.245s] Level 1:colcon.colcon_core.package_identification:_identify(.) by extension 'ros'
[1.268s] Level 1:colcon.colcon_core.package_identification:_identify(.) by extensions ['cmake', 'python']
[1.268s] Level 1:colcon.colcon_core.package_identification:_identify(.) by extension 'cmake'
[1.268s] Level 1:colcon.colcon_core.package_identification:_identify(.) by extension 'python'
[1.268s] Level 1:colcon.colcon_core.package_identification:_identify(.) by extensions ['python_setup_py']
[1.268s] Level 1:colcon.colcon_core.package_identification:_identify(.) by extension 'python_setup_py'
[1.269s] Level 1:colcon.colcon_core.package_identification:_identify(build) by extensions ['ignore', 'ignore_ament_install']
[1.269s] Level 1:colcon.colcon_core.package_identification:_identify(build) by extension 'ignore'
[1.269s] Level 1:colcon.colcon_core.package_identification:_identify(build) ignored
[1.269s] Level 1:colcon.colcon_core.package_identification:_identify(happy_ws) by extensions ['ignore', 'ignore_ament_install']
[1.270s] Level 1:colcon.colcon_core.package_identification:_identify(happy_ws) by extension 'ignore'
[1.270s] Level 1:colcon.colcon_core.package_identification:_identify(happy_ws) by extension 'ignore_ament_install'
[1.270s] Level 1:colcon.colcon_core.package_identification:_identify(happy_ws) by extensions ['colcon_pkg']
[1.270s] Level 1:colcon.colcon_core.package_identification:_identify(happy_ws) by extension 'colcon_pkg'
[1.271s] Level 1:colcon.colcon_core.package_identification:_identify(happy_ws) by extensions ['colcon_meta']
[1.271s] Level 1:colcon.colcon_core.package_identification:_identify(happy_ws) by extension 'colcon_meta'
[1.271s] Level 1:colcon.colcon_core.package_identification:_identify(happy_ws) by extensions ['ros']
[1.271s] Level 1:colcon.colcon_core.package_identification:_identify(happy_ws) by extension 'ros'
[1.272s] Level 1:colcon.colcon_core.package_identification:_identify(happy_ws) by extensions ['cmake', 'python']
[1.272s] Level 1:colcon.colcon_core.package_identification:_identify(happy_ws) by extension 'cmake'
[1.272s] Level 1:colcon.colcon_core.package_identification:_identify(happy_ws) by extension 'python'
[1.272s] Level 1:colcon.colcon_core.package_identification:_identify(happy_ws) by extensions ['python_setup_py']
[1.272s] Level 1:colcon.colcon_core.package_identification:_identify(happy_ws) by extension 'python_setup_py'
[1.272s] Level 1:colcon.colcon_core.package_identification:_identify(install) by extensions ['ignore', 'ignore_ament_install']
[1.272s] Level 1:colcon.colcon_core.package_identification:_identify(install) by extension 'ignore'
[1.272s] Level 1:colcon.colcon_core.package_identification:_identify(install) ignored
[1.272s] Level 1:colcon.colcon_core.package_identification:_identify(log) by extensions ['ignore', 'ignore_ament_install']
[1.272s] Level 1:colcon.colcon_core.package_identification:_identify(log) by extension 'ignore'
[1.273s] Level 1:colcon.colcon_core.package_identification:_identify(log) ignored
[1.273s] Level 1:colcon.colcon_core.package_identification:_identify(src) by extensions ['ignore', 'ignore_ament_install']
[1.273s] Level 1:colcon.colcon_core.package_identification:_identify(src) by extension 'ignore'
[1.273s] Level 1:colcon.colcon_core.package_identification:_identify(src) by extension 'ignore_ament_install'
[1.273s] Level 1:colcon.colcon_core.package_identification:_identify(src) by extensions ['colcon_pkg']
[1.273s] Level 1:colcon.colcon_core.package_identification:_identify(src) by extension 'colcon_pkg'
[1.273s] Level 1:colcon.colcon_core.package_identification:_identify(src) by extensions ['colcon_meta']
[1.273s] Level 1:colcon.colcon_core.package_identification:_identify(src) by extension 'colcon_meta'
[1.273s] Level 1:colcon.colcon_core.package_identification:_identify(src) by extensions ['ros']
[1.273s] Level 1:colcon.colcon_core.package_identification:_identify(src) by extension 'ros'
[1.273s] Level 1:colcon.colcon_core.package_identification:_identify(src) by extensions ['cmake', 'python']
[1.273s] Level 1:colcon.colcon_core.package_identification:_identify(src) by extension 'cmake'
[1.273s] Level 1:colcon.colcon_core.package_identification:_identify(src) by extension 'python'
[1.273s] Level 1:colcon.colcon_core.package_identification:_identify(src) by extensions ['python_setup_py']
[1.273s] Level 1:colcon.colcon_core.package_identification:_identify(src) by extension 'python_setup_py'
[1.274s] Level 1:colcon.colcon_core.package_identification:_identify(src/chapter2) by extensions ['ignore', 'ignore_ament_install']
[1.274s] Level 1:colcon.colcon_core.package_identification:_identify(src/chapter2) by extension 'ignore'
[1.274s] Level 1:colcon.colcon_core.package_identification:_identify(src/chapter2) by extension 'ignore_ament_install'
[1.274s] Level 1:colcon.colcon_core.package_identification:_identify(src/chapter2) by extensions ['colcon_pkg']
[1.274s] Level 1:colcon.colcon_core.package_identification:_identify(src/chapter2) by extension 'colcon_pkg'
[1.274s] Level 1:colcon.colcon_core.package_identification:_identify(src/chapter2) by extensions ['colcon_meta']
[1.274s] Level 1:colcon.colcon_core.package_identification:_identify(src/chapter2) by extension 'colcon_meta'
[1.274s] Level 1:colcon.colcon_core.package_identification:_identify(src/chapter2) by extensions ['ros']
[1.274s] Level 1:colcon.colcon_core.package_identification:_identify(src/chapter2) by extension 'ros'
[1.274s] Level 1:colcon.colcon_core.package_identification:_identify(src/chapter2) by extensions ['cmake', 'python']
[1.274s] Level 1:colcon.colcon_core.package_identification:_identify(src/chapter2) by extension 'cmake'
[1.274s] Level 1:colcon.colcon_core.package_identification:_identify(src/chapter2) by extension 'python'
[1.275s] Level 1:colcon.colcon_core.package_identification:_identify(src/chapter2) by extensions ['python_setup_py']
[1.275s] Level 1:colcon.colcon_core.package_identification:_identify(src/chapter2) by extension 'python_setup_py'
[1.275s] Level 1:colcon.colcon_core.package_identification:_identify(src/chapter2/hello) by extensions ['ignore', 'ignore_ament_install']
[1.275s] Level 1:colcon.colcon_core.package_identification:_identify(src/chapter2/hello) by extension 'ignore'
[1.275s] Level 1:colcon.colcon_core.package_identification:_identify(src/chapter2/hello) by extension 'ignore_ament_install'
[1.276s] Level 1:colcon.colcon_core.package_identification:_identify(src/chapter2/hello) by extensions ['colcon_pkg']
[1.276s] Level 1:colcon.colcon_core.package_identification:_identify(src/chapter2/hello) by extension 'colcon_pkg'
[1.276s] Level 1:colcon.colcon_core.package_identification:_identify(src/chapter2/hello) by extensions ['colcon_meta']
[1.276s] Level 1:colcon.colcon_core.package_identification:_identify(src/chapter2/hello) by extension 'colcon_meta'
[1.276s] Level 1:colcon.colcon_core.package_identification:_identify(src/chapter2/hello) by extensions ['ros']
[1.276s] Level 1:colcon.colcon_core.package_identification:_identify(src/chapter2/hello) by extension 'ros'
[1.281s] DEBUG:colcon.colcon_core.package_identification:Package 'src/chapter2/hello' with type 'ros.ament_python' and name 'hello'
[1.281s] Level 1:colcon.colcon_core.package_identification:_identify(src/chapter2/my_happy) by extensions ['ignore', 'ignore_ament_install']
[1.281s] Level 1:colcon.colcon_core.package_identification:_identify(src/chapter2/my_happy) by extension 'ignore'
[1.281s] Level 1:colcon.colcon_core.package_identification:_identify(src/chapter2/my_happy) by extension 'ignore_ament_install'
[1.281s] Level 1:colcon.colcon_core.package_identification:_identify(src/chapter2/my_happy) by extensions ['colcon_pkg']
[1.281s] Level 1:colcon.colcon_core.package_identification:_identify(src/chapter2/my_happy) by extension 'colcon_pkg'
[1.281s] Level 1:colcon.colcon_core.package_identification:_identify(src/chapter2/my_happy) by extensions ['colcon_meta']
[1.281s] Level 1:colcon.colcon_core.package_identification:_identify(src/chapter2/my_happy) by extension 'colcon_meta'
[1.281s] Level 1:colcon.colcon_core.package_identification:_identify(src/chapter2/my_happy) by extensions ['ros']
[1.281s] Level 1:colcon.colcon_core.package_identification:_identify(src/chapter2/my_happy) by extension 'ros'
[1.283s] DEBUG:colcon.colcon_core.package_identification:Package 'src/chapter2/my_happy' with type 'ros.ament_python' and name 'my_happy'
[1.283s] Level 1:colcon.colcon_core.package_identification:_identify(tests) by extensions ['ignore', 'ignore_ament_install']
[1.283s] Level 1:colcon.colcon_core.package_identification:_identify(tests) by extension 'ignore'
[1.283s] Level 1:colcon.colcon_core.package_identification:_identify(tests) by extension 'ignore_ament_install'
[1.283s] Level 1:colcon.colcon_core.package_identification:_identify(tests) by extensions ['colcon_pkg']
[1.283s] Level 1:colcon.colcon_core.package_identification:_identify(tests) by extension 'colcon_pkg'
[1.283s] Level 1:colcon.colcon_core.package_identification:_identify(tests) by extensions ['colcon_meta']
[1.283s] Level 1:colcon.colcon_core.package_identification:_identify(tests) by extension 'colcon_meta'
[1.283s] Level 1:colcon.colcon_core.package_identification:_identify(tests) by extensions ['ros']
[1.283s] Level 1:colcon.colcon_core.package_identification:_identify(tests) by extension 'ros'
[1.283s] Level 1:colcon.colcon_core.package_identification:_identify(tests) by extensions ['cmake', 'python']
[1.283s] Level 1:colcon.colcon_core.package_identification:_identify(tests) by extension 'cmake'
[1.283s] Level 1:colcon.colcon_core.package_identification:_identify(tests) by extension 'python'
[1.284s] Level 1:colcon.colcon_core.package_identification:_identify(tests) by extensions ['python_setup_py']
[1.284s] Level 1:colcon.colcon_core.package_identification:_identify(tests) by extension 'python_setup_py'
[1.284s] Level 1:colcon.colcon_core.package_discovery:discover_packages(recursive) using defaults
[1.284s] Level 1:colcon.colcon_core.package_discovery:discover_packages(ignore) discover
[1.284s] Level 1:colcon.colcon_core.package_discovery:discover_packages(ignore) using defaults
[1.284s] Level 1:colcon.colcon_core.package_discovery:discover_packages(path) discover
[1.284s] Level 1:colcon.colcon_core.package_discovery:discover_packages(path) using defaults
[1.341s] Level 1:colcon.colcon_core.package_discovery:discover_packages(prefix_path) check parameters
[1.341s] Level 1:colcon.colcon_core.package_discovery:discover_packages(prefix_path) discover
[1.344s] WARNING:colcon.colcon_core.prefix_path.colcon:The path '/home/ubuntu/happy_ws/src/install' in the environment variable COLCON_PREFIX_PATH doesn't exist
[1.345s] WARNING:colcon.colcon_ros.prefix_path.ament:The path '/home/ubuntu/happy_ws/src/install/testpkg' in the environment variable AMENT_PREFIX_PATH doesn't exist
[1.405s] DEBUG:colcon.colcon_installed_package_information.package_discovery:Found 2 installed packages in /home/ubuntu/happy_ws/install
[1.408s] DEBUG:colcon.colcon_installed_package_information.package_discovery:Found 67 installed packages in /home/ubuntu/airobot_ws/install
[1.412s] DEBUG:colcon.colcon_installed_package_information.package_discovery:Found 456 installed packages in /opt/ros/humble
[1.417s] Level 1:colcon.colcon_core.package_discovery:discover_packages(prefix_path) using defaults
[1.559s] Level 5:colcon.colcon_core.verb:set package 'hello' build argument 'cmake_args' from command line to 'None'
[1.559s] Level 5:colcon.colcon_core.verb:set package 'hello' build argument 'cmake_target' from command line to 'None'
[1.559s] Level 5:colcon.colcon_core.verb:set package 'hello' build argument 'cmake_target_skip_unavailable' from command line to 'False'
[1.559s] Level 5:colcon.colcon_core.verb:set package 'hello' build argument 'cmake_clean_cache' from command line to 'False'
[1.559s] Level 5:colcon.colcon_core.verb:set package 'hello' build argument 'cmake_clean_first' from command line to 'False'
[1.559s] Level 5:colcon.colcon_core.verb:set package 'hello' build argument 'cmake_force_configure' from command line to 'False'
[1.559s] Level 5:colcon.colcon_core.verb:set package 'hello' build argument 'ament_cmake_args' from command line to 'None'
[1.559s] Level 5:colcon.colcon_core.verb:set package 'hello' build argument 'catkin_cmake_args' from command line to 'None'
[1.559s] Level 5:colcon.colcon_core.verb:set package 'hello' build argument 'catkin_skip_building_tests' from command line to 'False'
[1.559s] DEBUG:colcon.colcon_core.verb:Building package 'hello' with the following arguments: {'ament_cmake_args': None, 'build_base': '/home/ubuntu/happy_ws/build/hello', 'catkin_cmake_args': None, 'catkin_skip_building_tests': False, 'cmake_args': None, 'cmake_clean_cache': False, 'cmake_clean_first': False, 'cmake_force_configure': False, 'cmake_target': None, 'cmake_target_skip_unavailable': False, 'install_base': '/home/ubuntu/happy_ws/install/hello', 'merge_install': False, 'path': '/home/ubuntu/happy_ws/src/chapter2/hello', 'symlink_install': <colcon_core.argument_default.BooleanDefaultValue object at 0x7f54d7251ea0>, 'test_result_base': None}
[1.559s] Level 5:colcon.colcon_core.verb:set package 'my_happy' build argument 'cmake_args' from command line to 'None'
[1.559s] Level 5:colcon.colcon_core.verb:set package 'my_happy' build argument 'cmake_target' from command line to 'None'
[1.560s] Level 5:colcon.colcon_core.verb:set package 'my_happy' build argument 'cmake_target_skip_unavailable' from command line to 'False'
[1.560s] Level 5:colcon.colcon_core.verb:set package 'my_happy' build argument 'cmake_clean_cache' from command line to 'False'
[1.560s] Level 5:colcon.colcon_core.verb:set package 'my_happy' build argument 'cmake_clean_first' from command line to 'False'
[1.560s] Level 5:colcon.colcon_core.verb:set package 'my_happy' build argument 'cmake_force_configure' from command line to 'False'
[1.560s] Level 5:colcon.colcon_core.verb:set package 'my_happy' build argument 'ament_cmake_args' from command line to 'None'
[1.560s] Level 5:colcon.colcon_core.verb:set package 'my_happy' build argument 'catkin_cmake_args' from command line to 'None'
[1.560s] Level 5:colcon.colcon_core.verb:set package 'my_happy' build argument 'catkin_skip_building_tests' from command line to 'False'
[1.560s] DEBUG:colcon.colcon_core.verb:Building package 'my_happy' with the following arguments: {'ament_cmake_args': None, 'build_base': '/home/ubuntu/happy_ws/build/my_happy', 'catkin_cmake_args': None, 'catkin_skip_building_tests': False, 'cmake_args': None, 'cmake_clean_cache': False, 'cmake_clean_first': False, 'cmake_force_configure': False, 'cmake_target': None, 'cmake_target_skip_unavailable': False, 'install_base': '/home/ubuntu/happy_ws/install/my_happy', 'merge_install': False, 'path': '/home/ubuntu/happy_ws/src/chapter2/my_happy', 'symlink_install': <colcon_core.argument_default.BooleanDefaultValue object at 0x7f54d7251ea0>, 'test_result_base': None}
[1.560s] INFO:colcon.colcon_core.executor:Executing jobs using 'parallel' executor
[1.563s] DEBUG:colcon.colcon_parallel_executor.executor.parallel:run_until_complete
[1.563s] INFO:colcon.colcon_ros.task.ament_python.build:Building ROS package in '/home/ubuntu/happy_ws/src/chapter2/hello' with build type 'ament_python'
[1.563s] Level 1:colcon.colcon_core.shell:create_environment_hook('hello', 'ament_prefix_path')
[1.576s] INFO:colcon.colcon_core.plugin_system:Skipping extension 'colcon_core.shell.bat': Not used on non-Windows systems
[1.577s] INFO:colcon.colcon_core.shell:Creating environment hook '/home/ubuntu/happy_ws/install/hello/share/hello/hook/ament_prefix_path.ps1'
[1.578s] INFO:colcon.colcon_core.shell:Creating environment descriptor '/home/ubuntu/happy_ws/install/hello/share/hello/hook/ament_prefix_path.dsv'
[1.579s] INFO:colcon.colcon_core.shell:Creating environment hook '/home/ubuntu/happy_ws/install/hello/share/hello/hook/ament_prefix_path.sh'
[1.580s] INFO:colcon.colcon_core.shell:Skip shell extension 'powershell' for command environment: Not usable outside of PowerShell
[1.580s] DEBUG:colcon.colcon_core.shell:Skip shell extension 'dsv' for command environment
[1.594s] INFO:colcon.colcon_ros.task.ament_python.build:Building ROS package in '/home/ubuntu/happy_ws/src/chapter2/my_happy' with build type 'ament_python'
[1.595s] Level 1:colcon.colcon_core.shell:create_environment_hook('my_happy', 'ament_prefix_path')
[1.595s] INFO:colcon.colcon_core.shell:Creating environment hook '/home/ubuntu/happy_ws/install/my_happy/share/my_happy/hook/ament_prefix_path.ps1'
[1.596s] INFO:colcon.colcon_core.shell:Creating environment descriptor '/home/ubuntu/happy_ws/install/my_happy/share/my_happy/hook/ament_prefix_path.dsv'
[1.596s] INFO:colcon.colcon_core.shell:Creating environment hook '/home/ubuntu/happy_ws/install/my_happy/share/my_happy/hook/ament_prefix_path.sh'
[1.597s] INFO:colcon.colcon_core.shell:Skip shell extension 'powershell' for command environment: Not usable outside of PowerShell
[1.597s] DEBUG:colcon.colcon_core.shell:Skip shell extension 'dsv' for command environment
[2.238s] INFO:colcon.colcon_core.task.python.build:Building Python package in '/home/ubuntu/happy_ws/src/chapter2/hello'
[2.239s] INFO:colcon.colcon_core.shell:Skip shell extension 'powershell' for command environment: Not usable outside of PowerShell
[2.239s] DEBUG:colcon.colcon_core.shell:Skip shell extension 'dsv' for command environment
[2.818s] INFO:colcon.colcon_core.task.python.build:Building Python package in '/home/ubuntu/happy_ws/src/chapter2/my_happy'
[2.819s] INFO:colcon.colcon_core.shell:Skip shell extension 'powershell' for command environment: Not usable outside of PowerShell
[2.819s] DEBUG:colcon.colcon_core.shell:Skip shell extension 'dsv' for command environment
[3.690s] DEBUG:colcon.colcon_core.event_handler.log_command:Invoking command in '/home/ubuntu/happy_ws/build/my_happy': PYTHONPATH=/home/ubuntu/happy_ws/build/my_happy/prefix_override:/usr/lib/python3/dist-packages/colcon_core/task/python/colcon_distutils_commands:/home/ubuntu/happy_ws/install/my_happy/lib/python3.10/site-packages:${PYTHONPATH} /usr/bin/python3 -W ignore:setup.py install is deprecated -W ignore:easy_install command is deprecated setup.py develop --editable --build-directory /home/ubuntu/happy_ws/build/my_happy/build --no-deps symlink_data
[3.700s] DEBUG:colcon.colcon_core.event_handler.log_command:Invoking command in '/home/ubuntu/happy_ws/build/hello': PYTHONPATH=/home/ubuntu/happy_ws/build/hello/prefix_override:/usr/lib/python3/dist-packages/colcon_core/task/python/colcon_distutils_commands:/home/ubuntu/happy_ws/install/hello/lib/python3.10/site-packages:${PYTHONPATH} /usr/bin/python3 -W ignore:setup.py install is deprecated -W ignore:easy_install command is deprecated setup.py develop --editable --build-directory /home/ubuntu/happy_ws/build/hello/build --no-deps symlink_data
[4.750s] Level 1:colcon.colcon_core.shell:create_environment_hook('hello', 'pythonpath_develop')
[4.751s] INFO:colcon.colcon_core.shell:Creating environment hook '/home/ubuntu/happy_ws/build/hello/share/hello/hook/pythonpath_develop.ps1'
[4.752s] DEBUG:colcon.colcon_core.event_handler.log_command:Invoked command in '/home/ubuntu/happy_ws/build/hello' returned '0': PYTHONPATH=/home/ubuntu/happy_ws/build/hello/prefix_override:/usr/lib/python3/dist-packages/colcon_core/task/python/colcon_distutils_commands:/home/ubuntu/happy_ws/install/hello/lib/python3.10/site-packages:${PYTHONPATH} /usr/bin/python3 -W ignore:setup.py install is deprecated -W ignore:easy_install command is deprecated setup.py develop --editable --build-directory /home/ubuntu/happy_ws/build/hello/build --no-deps symlink_data
[4.752s] INFO:colcon.colcon_core.shell:Creating environment descriptor '/home/ubuntu/happy_ws/build/hello/share/hello/hook/pythonpath_develop.dsv'
[4.753s] INFO:colcon.colcon_core.shell:Creating environment hook '/home/ubuntu/happy_ws/build/hello/share/hello/hook/pythonpath_develop.sh'
[4.766s] Level 1:colcon.colcon_core.environment:checking '/home/ubuntu/happy_ws/install/hello' for CMake module files
[4.767s] Level 1:colcon.colcon_core.environment:checking '/home/ubuntu/happy_ws/install/hello' for CMake config files
[4.774s] Level 1:colcon.colcon_core.environment:checking '/home/ubuntu/happy_ws/install/hello/lib'
[4.774s] Level 1:colcon.colcon_core.environment:checking '/home/ubuntu/happy_ws/install/hello/bin'
[4.774s] Level 1:colcon.colcon_core.environment:checking '/home/ubuntu/happy_ws/install/hello/lib/pkgconfig/hello.pc'
[4.774s] Level 1:colcon.colcon_core.environment:checking '/home/ubuntu/happy_ws/install/hello/lib/python3.10/site-packages'
[4.774s] Level 1:colcon.colcon_core.shell:create_environment_hook('hello', 'pythonpath')
[4.775s] INFO:colcon.colcon_core.shell:Creating environment hook '/home/ubuntu/happy_ws/install/hello/share/hello/hook/pythonpath.ps1'
[4.775s] INFO:colcon.colcon_core.shell:Creating environment descriptor '/home/ubuntu/happy_ws/install/hello/share/hello/hook/pythonpath.dsv'
[4.776s] INFO:colcon.colcon_core.shell:Creating environment hook '/home/ubuntu/happy_ws/install/hello/share/hello/hook/pythonpath.sh'
[4.776s] Level 1:colcon.colcon_core.environment:checking '/home/ubuntu/happy_ws/install/hello/bin'
[4.776s] Level 1:colcon.colcon_core.environment:create_environment_scripts_only(hello)
[4.777s] INFO:colcon.colcon_core.shell:Creating package script '/home/ubuntu/happy_ws/install/hello/share/hello/package.ps1'
[4.778s] INFO:colcon.colcon_core.shell:Creating package descriptor '/home/ubuntu/happy_ws/install/hello/share/hello/package.dsv'
[4.780s] INFO:colcon.colcon_core.shell:Creating package script '/home/ubuntu/happy_ws/install/hello/share/hello/package.sh'
[4.781s] INFO:colcon.colcon_core.shell:Creating package script '/home/ubuntu/happy_ws/install/hello/share/hello/package.bash'
[4.782s] INFO:colcon.colcon_core.shell:Creating package script '/home/ubuntu/happy_ws/install/hello/share/hello/package.zsh'
[4.784s] Level 1:colcon.colcon_core.environment:create_file_with_runtime_dependencies(/home/ubuntu/happy_ws/install/hello/share/colcon-core/packages/hello)
[4.786s] Level 1:colcon.colcon_core.shell:create_environment_hook('my_happy', 'pythonpath_develop')
[4.786s] INFO:colcon.colcon_core.shell:Creating environment hook '/home/ubuntu/happy_ws/build/my_happy/share/my_happy/hook/pythonpath_develop.ps1'
[4.787s] DEBUG:colcon.colcon_core.event_handler.log_command:Invoked command in '/home/ubuntu/happy_ws/build/my_happy' returned '0': PYTHONPATH=/home/ubuntu/happy_ws/build/my_happy/prefix_override:/usr/lib/python3/dist-packages/colcon_core/task/python/colcon_distutils_commands:/home/ubuntu/happy_ws/install/my_happy/lib/python3.10/site-packages:${PYTHONPATH} /usr/bin/python3 -W ignore:setup.py install is deprecated -W ignore:easy_install command is deprecated setup.py develop --editable --build-directory /home/ubuntu/happy_ws/build/my_happy/build --no-deps symlink_data
[4.787s] INFO:colcon.colcon_core.shell:Creating environment descriptor '/home/ubuntu/happy_ws/build/my_happy/share/my_happy/hook/pythonpath_develop.dsv'
[4.788s] INFO:colcon.colcon_core.shell:Creating environment hook '/home/ubuntu/happy_ws/build/my_happy/share/my_happy/hook/pythonpath_develop.sh'
[4.788s] Level 1:colcon.colcon_core.environment:checking '/home/ubuntu/happy_ws/install/my_happy' for CMake module files
[4.789s] Level 1:colcon.colcon_core.environment:checking '/home/ubuntu/happy_ws/install/my_happy' for CMake config files
[4.795s] Level 1:colcon.colcon_core.environment:checking '/home/ubuntu/happy_ws/install/my_happy/lib'
[4.795s] Level 1:colcon.colcon_core.environment:checking '/home/ubuntu/happy_ws/install/my_happy/bin'
[4.795s] Level 1:colcon.colcon_core.environment:checking '/home/ubuntu/happy_ws/install/my_happy/lib/pkgconfig/my_happy.pc'
[4.795s] Level 1:colcon.colcon_core.environment:checking '/home/ubuntu/happy_ws/install/my_happy/lib/python3.10/site-packages'
[4.795s] Level 1:colcon.colcon_core.shell:create_environment_hook('my_happy', 'pythonpath')
[4.796s] INFO:colcon.colcon_core.shell:Creating environment hook '/home/ubuntu/happy_ws/install/my_happy/share/my_happy/hook/pythonpath.ps1'
[4.797s] INFO:colcon.colcon_core.shell:Creating environment descriptor '/home/ubuntu/happy_ws/install/my_happy/share/my_happy/hook/pythonpath.dsv'
[4.797s] INFO:colcon.colcon_core.shell:Creating environment hook '/home/ubuntu/happy_ws/install/my_happy/share/my_happy/hook/pythonpath.sh'
[4.798s] Level 1:colcon.colcon_core.environment:checking '/home/ubuntu/happy_ws/install/my_happy/bin'
[4.798s] Level 1:colcon.colcon_core.environment:create_environment_scripts_only(my_happy)
[4.798s] INFO:colcon.colcon_core.shell:Creating package script '/home/ubuntu/happy_ws/install/my_happy/share/my_happy/package.ps1'
[4.799s] INFO:colcon.colcon_core.shell:Creating package descriptor '/home/ubuntu/happy_ws/install/my_happy/share/my_happy/package.dsv'
[4.799s] INFO:colcon.colcon_core.shell:Creating package script '/home/ubuntu/happy_ws/install/my_happy/share/my_happy/package.sh'
[4.800s] INFO:colcon.colcon_core.shell:Creating package script '/home/ubuntu/happy_ws/install/my_happy/share/my_happy/package.bash'
[4.800s] INFO:colcon.colcon_core.shell:Creating package script '/home/ubuntu/happy_ws/install/my_happy/share/my_happy/package.zsh'
[4.800s] Level 1:colcon.colcon_core.environment:create_file_with_runtime_dependencies(/home/ubuntu/happy_ws/install/my_happy/share/colcon-core/packages/my_happy)
[4.801s] DEBUG:colcon.colcon_parallel_executor.executor.parallel:closing loop
[4.802s] DEBUG:colcon.colcon_parallel_executor.executor.parallel:loop closed
[4.802s] DEBUG:colcon.colcon_parallel_executor.executor.parallel:run_until_complete finished with '0'
[4.802s] DEBUG:colcon.colcon_core.event_reactor:joining thread
[4.829s] INFO:colcon.colcon_core.plugin_system:Skipping extension 'colcon_notification.desktop_notification.terminal_notifier': Not used on non-Darwin systems
[4.829s] INFO:colcon.colcon_core.plugin_system:Skipping extension 'colcon_notification.desktop_notification.win32': Not used on non-Windows systems
[4.829s] INFO:colcon.colcon_notification.desktop_notification:Sending desktop notification using 'notify2'
[5.341s] DEBUG:colcon.colcon_core.event_reactor:joined thread
[5.342s] INFO:colcon.colcon_core.shell:Creating prefix script '/home/ubuntu/happy_ws/install/local_setup.ps1'
[5.344s] INFO:colcon.colcon_core.shell:Creating prefix util module '/home/ubuntu/happy_ws/install/_local_setup_util_ps1.py'
[5.347s] INFO:colcon.colcon_core.shell:Creating prefix chain script '/home/ubuntu/happy_ws/install/setup.ps1'
[5.353s] INFO:colcon.colcon_core.shell:Creating prefix script '/home/ubuntu/happy_ws/install/local_setup.sh'
[5.354s] INFO:colcon.colcon_core.shell:Creating prefix util module '/home/ubuntu/happy_ws/install/_local_setup_util_sh.py'
[5.355s] INFO:colcon.colcon_core.shell:Creating prefix chain script '/home/ubuntu/happy_ws/install/setup.sh'
[5.360s] INFO:colcon.colcon_core.shell:Creating prefix script '/home/ubuntu/happy_ws/install/local_setup.bash'
[5.362s] INFO:colcon.colcon_core.shell:Creating prefix chain script '/home/ubuntu/happy_ws/install/setup.bash'
[5.367s] INFO:colcon.colcon_core.shell:Creating prefix script '/home/ubuntu/happy_ws/install/local_setup.zsh'
[5.368s] INFO:colcon.colcon_core.shell:Creating prefix chain script '/home/ubuntu/happy_ws/install/setup.zsh'
