[1.455s] Invoking command in '/home/ubuntu/happy_ws/build/hello': PYTHONPATH=/home/ubuntu/happy_ws/build/hello/prefix_override:/usr/lib/python3/dist-packages/colcon_core/task/python/colcon_distutils_commands:/home/ubuntu/happy_ws/install/hello/lib/python3.10/site-packages:${PYTHONPATH} /usr/bin/python3 -W ignore:setup.py install is deprecated -W ignore:easy_install command is deprecated setup.py develop --editable --build-directory /home/ubuntu/happy_ws/build/hello/build --no-deps symlink_data
[2.031s] running develop
[2.500s] running egg_info
[2.500s] creating hello.egg-info
[2.517s] writing hello.egg-info/PKG-INFO
[2.517s] writing dependency_links to hello.egg-info/dependency_links.txt
[2.517s] writing entry points to hello.egg-info/entry_points.txt
[2.518s] writing requirements to hello.egg-info/requires.txt
[2.518s] writing top-level names to hello.egg-info/top_level.txt
[2.518s] writing manifest file 'hello.egg-info/SOURCES.txt'
[2.520s] reading manifest file 'hello.egg-info/SOURCES.txt'
[2.521s] writing manifest file 'hello.egg-info/SOURCES.txt'
[2.525s] running build_ext
[2.525s] Creating /home/ubuntu/happy_ws/install/hello/lib/python3.10/site-packages/hello.egg-link (link to .)
[2.526s] Installing hello_node script to /home/ubuntu/happy_ws/install/hello/lib/hello
[2.528s] 
[2.528s] Installed /home/ubuntu/happy_ws/build/hello
[2.528s] running symlink_data
[2.528s] creating /home/ubuntu/happy_ws/install/hello/share/ament_index
[2.529s] creating /home/ubuntu/happy_ws/install/hello/share/ament_index/resource_index
[2.530s] creating /home/ubuntu/happy_ws/install/hello/share/ament_index/resource_index/packages
[2.531s] symbolically linking /home/ubuntu/happy_ws/build/hello/resource/hello -> /home/ubuntu/happy_ws/install/hello/share/ament_index/resource_index/packages
[2.531s] symbolically linking /home/ubuntu/happy_ws/build/hello/package.xml -> /home/ubuntu/happy_ws/install/hello/share/hello
[2.570s] Invoked command in '/home/ubuntu/happy_ws/build/hello' returned '0': PYTHONPATH=/home/ubuntu/happy_ws/build/hello/prefix_override:/usr/lib/python3/dist-packages/colcon_core/task/python/colcon_distutils_commands:/home/ubuntu/happy_ws/install/hello/lib/python3.10/site-packages:${PYTHONPATH} /usr/bin/python3 -W ignore:setup.py install is deprecated -W ignore:easy_install command is deprecated setup.py develop --editable --build-directory /home/ubuntu/happy_ws/build/hello/build --no-deps symlink_data
