[0.226s] DEBUG:colcon:Command line arguments: ['/usr/bin/colcon', 'build']
[0.226s] DEBUG:colcon:Parsed command line arguments: Namespace(log_base=None, log_level=None, verb_name='build', build_base='build', install_base='install', merge_install=False, symlink_install=<colcon_core.argument_default.BooleanDefaultValue object at 0x7f7ff9282530>, test_result_base=None, continue_on_error=False, executor='parallel', parallel_workers=12, event_handlers=None, ignore_user_meta=False, metas=['./colcon.meta'], base_paths=['.'], packages_ignore=None, packages_ignore_regex=None, paths=None, packages_up_to=None, packages_up_to_regex=None, packages_above=None, packages_above_and_dependencies=None, packages_above_depth=None, packages_select_by_dep=None, packages_skip_by_dep=None, packages_skip_up_to=None, packages_select_build_failed=False, packages_skip_build_finished=False, packages_select_test_failures=False, packages_skip_test_passed=False, packages_select=None, packages_skip=None, packages_select_regex=None, packages_skip_regex=None, packages_start=None, packages_end=None, allow_overriding=[], cmake_args=None, cmake_target=None, cmake_target_skip_unavailable=False, cmake_clean_cache=False, cmake_clean_first=False, cmake_force_configure=False, ament_cmake_args=None, catkin_cmake_args=None, catkin_skip_building_tests=False, verb_parser=<colcon_defaults.argument_parser.defaults.DefaultArgumentsDecorator object at 0x7f7ff921e590>, verb_extension=<colcon_core.verb.build.BuildVerb object at 0x7f7ff921e110>, main=<bound method BuildVerb.main of <colcon_core.verb.build.BuildVerb object at 0x7f7ff921e110>>)
[0.667s] Level 1:colcon.colcon_core.package_discovery:discover_packages(colcon_meta) check parameters
[0.667s] Level 1:colcon.colcon_core.package_discovery:discover_packages(recursive) check parameters
[0.667s] Level 1:colcon.colcon_core.package_discovery:discover_packages(ignore) check parameters
[0.667s] Level 1:colcon.colcon_core.package_discovery:discover_packages(path) check parameters
[0.667s] Level 1:colcon.colcon_core.package_discovery:discover_packages(colcon_meta) discover
[0.668s] Level 1:colcon.colcon_core.package_discovery:discover_packages(recursive) discover
[0.668s] INFO:colcon.colcon_core.package_discovery:Crawling recursively for packages in '/home/ubuntu/happy_ws'
[0.668s] Level 1:colcon.colcon_core.package_identification:_identify(.) by extensions ['ignore', 'ignore_ament_install']
[0.668s] Level 1:colcon.colcon_core.package_identification:_identify(.) by extension 'ignore'
[0.668s] Level 1:colcon.colcon_core.package_identification:_identify(.) by extension 'ignore_ament_install'
[0.668s] Level 1:colcon.colcon_core.package_identification:_identify(.) by extensions ['colcon_pkg']
[0.668s] Level 1:colcon.colcon_core.package_identification:_identify(.) by extension 'colcon_pkg'
[0.668s] Level 1:colcon.colcon_core.package_identification:_identify(.) by extensions ['colcon_meta']
[0.668s] Level 1:colcon.colcon_core.package_identification:_identify(.) by extension 'colcon_meta'
[0.668s] Level 1:colcon.colcon_core.package_identification:_identify(.) by extensions ['ros']
[0.668s] Level 1:colcon.colcon_core.package_identification:_identify(.) by extension 'ros'
[0.684s] Level 1:colcon.colcon_core.package_identification:_identify(.) by extensions ['cmake', 'python']
[0.684s] Level 1:colcon.colcon_core.package_identification:_identify(.) by extension 'cmake'
[0.684s] Level 1:colcon.colcon_core.package_identification:_identify(.) by extension 'python'
[0.684s] Level 1:colcon.colcon_core.package_identification:_identify(.) by extensions ['python_setup_py']
[0.684s] Level 1:colcon.colcon_core.package_identification:_identify(.) by extension 'python_setup_py'
[0.684s] Level 1:colcon.colcon_core.package_identification:_identify(build) by extensions ['ignore', 'ignore_ament_install']
[0.685s] Level 1:colcon.colcon_core.package_identification:_identify(build) by extension 'ignore'
[0.685s] Level 1:colcon.colcon_core.package_identification:_identify(build) ignored
[0.685s] Level 1:colcon.colcon_core.package_identification:_identify(happy_ws) by extensions ['ignore', 'ignore_ament_install']
[0.685s] Level 1:colcon.colcon_core.package_identification:_identify(happy_ws) by extension 'ignore'
[0.685s] Level 1:colcon.colcon_core.package_identification:_identify(happy_ws) by extension 'ignore_ament_install'
[0.685s] Level 1:colcon.colcon_core.package_identification:_identify(happy_ws) by extensions ['colcon_pkg']
[0.685s] Level 1:colcon.colcon_core.package_identification:_identify(happy_ws) by extension 'colcon_pkg'
[0.685s] Level 1:colcon.colcon_core.package_identification:_identify(happy_ws) by extensions ['colcon_meta']
[0.685s] Level 1:colcon.colcon_core.package_identification:_identify(happy_ws) by extension 'colcon_meta'
[0.685s] Level 1:colcon.colcon_core.package_identification:_identify(happy_ws) by extensions ['ros']
[0.685s] Level 1:colcon.colcon_core.package_identification:_identify(happy_ws) by extension 'ros'
[0.685s] Level 1:colcon.colcon_core.package_identification:_identify(happy_ws) by extensions ['cmake', 'python']
[0.686s] Level 1:colcon.colcon_core.package_identification:_identify(happy_ws) by extension 'cmake'
[0.686s] Level 1:colcon.colcon_core.package_identification:_identify(happy_ws) by extension 'python'
[0.686s] Level 1:colcon.colcon_core.package_identification:_identify(happy_ws) by extensions ['python_setup_py']
[0.686s] Level 1:colcon.colcon_core.package_identification:_identify(happy_ws) by extension 'python_setup_py'
[0.686s] Level 1:colcon.colcon_core.package_identification:_identify(install) by extensions ['ignore', 'ignore_ament_install']
[0.686s] Level 1:colcon.colcon_core.package_identification:_identify(install) by extension 'ignore'
[0.686s] Level 1:colcon.colcon_core.package_identification:_identify(install) ignored
[0.686s] Level 1:colcon.colcon_core.package_identification:_identify(log) by extensions ['ignore', 'ignore_ament_install']
[0.686s] Level 1:colcon.colcon_core.package_identification:_identify(log) by extension 'ignore'
[0.686s] Level 1:colcon.colcon_core.package_identification:_identify(log) ignored
[0.686s] Level 1:colcon.colcon_core.package_identification:_identify(src) by extensions ['ignore', 'ignore_ament_install']
[0.687s] Level 1:colcon.colcon_core.package_identification:_identify(src) by extension 'ignore'
[0.687s] Level 1:colcon.colcon_core.package_identification:_identify(src) by extension 'ignore_ament_install'
[0.687s] Level 1:colcon.colcon_core.package_identification:_identify(src) by extensions ['colcon_pkg']
[0.687s] Level 1:colcon.colcon_core.package_identification:_identify(src) by extension 'colcon_pkg'
[0.687s] Level 1:colcon.colcon_core.package_identification:_identify(src) by extensions ['colcon_meta']
[0.687s] Level 1:colcon.colcon_core.package_identification:_identify(src) by extension 'colcon_meta'
[0.687s] Level 1:colcon.colcon_core.package_identification:_identify(src) by extensions ['ros']
[0.687s] Level 1:colcon.colcon_core.package_identification:_identify(src) by extension 'ros'
[0.687s] Level 1:colcon.colcon_core.package_identification:_identify(src) by extensions ['cmake', 'python']
[0.687s] Level 1:colcon.colcon_core.package_identification:_identify(src) by extension 'cmake'
[0.687s] Level 1:colcon.colcon_core.package_identification:_identify(src) by extension 'python'
[0.687s] Level 1:colcon.colcon_core.package_identification:_identify(src) by extensions ['python_setup_py']
[0.687s] Level 1:colcon.colcon_core.package_identification:_identify(src) by extension 'python_setup_py'
[0.687s] Level 1:colcon.colcon_core.package_identification:_identify(src/chapter2) by extensions ['ignore', 'ignore_ament_install']
[0.688s] Level 1:colcon.colcon_core.package_identification:_identify(src/chapter2) by extension 'ignore'
[0.688s] Level 1:colcon.colcon_core.package_identification:_identify(src/chapter2) by extension 'ignore_ament_install'
[0.688s] Level 1:colcon.colcon_core.package_identification:_identify(src/chapter2) by extensions ['colcon_pkg']
[0.688s] Level 1:colcon.colcon_core.package_identification:_identify(src/chapter2) by extension 'colcon_pkg'
[0.688s] Level 1:colcon.colcon_core.package_identification:_identify(src/chapter2) by extensions ['colcon_meta']
[0.688s] Level 1:colcon.colcon_core.package_identification:_identify(src/chapter2) by extension 'colcon_meta'
[0.688s] Level 1:colcon.colcon_core.package_identification:_identify(src/chapter2) by extensions ['ros']
[0.688s] Level 1:colcon.colcon_core.package_identification:_identify(src/chapter2) by extension 'ros'
[0.688s] Level 1:colcon.colcon_core.package_identification:_identify(src/chapter2) by extensions ['cmake', 'python']
[0.688s] Level 1:colcon.colcon_core.package_identification:_identify(src/chapter2) by extension 'cmake'
[0.688s] Level 1:colcon.colcon_core.package_identification:_identify(src/chapter2) by extension 'python'
[0.688s] Level 1:colcon.colcon_core.package_identification:_identify(src/chapter2) by extensions ['python_setup_py']
[0.688s] Level 1:colcon.colcon_core.package_identification:_identify(src/chapter2) by extension 'python_setup_py'
[0.688s] Level 1:colcon.colcon_core.package_identification:_identify(src/chapter2/hello) by extensions ['ignore', 'ignore_ament_install']
[0.688s] Level 1:colcon.colcon_core.package_identification:_identify(src/chapter2/hello) by extension 'ignore'
[0.689s] Level 1:colcon.colcon_core.package_identification:_identify(src/chapter2/hello) by extension 'ignore_ament_install'
[0.689s] Level 1:colcon.colcon_core.package_identification:_identify(src/chapter2/hello) by extensions ['colcon_pkg']
[0.689s] Level 1:colcon.colcon_core.package_identification:_identify(src/chapter2/hello) by extension 'colcon_pkg'
[0.689s] Level 1:colcon.colcon_core.package_identification:_identify(src/chapter2/hello) by extensions ['colcon_meta']
[0.689s] Level 1:colcon.colcon_core.package_identification:_identify(src/chapter2/hello) by extension 'colcon_meta'
[0.689s] Level 1:colcon.colcon_core.package_identification:_identify(src/chapter2/hello) by extensions ['ros']
[0.689s] Level 1:colcon.colcon_core.package_identification:_identify(src/chapter2/hello) by extension 'ros'
[0.693s] DEBUG:colcon.colcon_core.package_identification:Package 'src/chapter2/hello' with type 'ros.ament_python' and name 'hello'
[0.693s] Level 1:colcon.colcon_core.package_identification:_identify(src/chapter2/my_happy) by extensions ['ignore', 'ignore_ament_install']
[0.693s] Level 1:colcon.colcon_core.package_identification:_identify(src/chapter2/my_happy) by extension 'ignore'
[0.693s] Level 1:colcon.colcon_core.package_identification:_identify(src/chapter2/my_happy) by extension 'ignore_ament_install'
[0.693s] Level 1:colcon.colcon_core.package_identification:_identify(src/chapter2/my_happy) by extensions ['colcon_pkg']
[0.693s] Level 1:colcon.colcon_core.package_identification:_identify(src/chapter2/my_happy) by extension 'colcon_pkg'
[0.693s] Level 1:colcon.colcon_core.package_identification:_identify(src/chapter2/my_happy) by extensions ['colcon_meta']
[0.694s] Level 1:colcon.colcon_core.package_identification:_identify(src/chapter2/my_happy) by extension 'colcon_meta'
[0.694s] Level 1:colcon.colcon_core.package_identification:_identify(src/chapter2/my_happy) by extensions ['ros']
[0.694s] Level 1:colcon.colcon_core.package_identification:_identify(src/chapter2/my_happy) by extension 'ros'
[0.694s] DEBUG:colcon.colcon_core.package_identification:Package 'src/chapter2/my_happy' with type 'ros.ament_python' and name 'my_happy'
[0.695s] Level 1:colcon.colcon_core.package_identification:_identify(src/chapter2/my_time_topic) by extensions ['ignore', 'ignore_ament_install']
[0.695s] Level 1:colcon.colcon_core.package_identification:_identify(src/chapter2/my_time_topic) by extension 'ignore'
[0.695s] Level 1:colcon.colcon_core.package_identification:_identify(src/chapter2/my_time_topic) by extension 'ignore_ament_install'
[0.695s] Level 1:colcon.colcon_core.package_identification:_identify(src/chapter2/my_time_topic) by extensions ['colcon_pkg']
[0.695s] Level 1:colcon.colcon_core.package_identification:_identify(src/chapter2/my_time_topic) by extension 'colcon_pkg'
[0.695s] Level 1:colcon.colcon_core.package_identification:_identify(src/chapter2/my_time_topic) by extensions ['colcon_meta']
[0.695s] Level 1:colcon.colcon_core.package_identification:_identify(src/chapter2/my_time_topic) by extension 'colcon_meta'
[0.695s] Level 1:colcon.colcon_core.package_identification:_identify(src/chapter2/my_time_topic) by extensions ['ros']
[0.695s] Level 1:colcon.colcon_core.package_identification:_identify(src/chapter2/my_time_topic) by extension 'ros'
[0.696s] DEBUG:colcon.colcon_core.package_identification:Package 'src/chapter2/my_time_topic' with type 'ros.ament_python' and name 'my_time_topic'
[0.696s] Level 1:colcon.colcon_core.package_identification:_identify(tests) by extensions ['ignore', 'ignore_ament_install']
[0.696s] Level 1:colcon.colcon_core.package_identification:_identify(tests) by extension 'ignore'
[0.696s] Level 1:colcon.colcon_core.package_identification:_identify(tests) by extension 'ignore_ament_install'
[0.696s] Level 1:colcon.colcon_core.package_identification:_identify(tests) by extensions ['colcon_pkg']
[0.696s] Level 1:colcon.colcon_core.package_identification:_identify(tests) by extension 'colcon_pkg'
[0.696s] Level 1:colcon.colcon_core.package_identification:_identify(tests) by extensions ['colcon_meta']
[0.696s] Level 1:colcon.colcon_core.package_identification:_identify(tests) by extension 'colcon_meta'
[0.696s] Level 1:colcon.colcon_core.package_identification:_identify(tests) by extensions ['ros']
[0.696s] Level 1:colcon.colcon_core.package_identification:_identify(tests) by extension 'ros'
[0.696s] Level 1:colcon.colcon_core.package_identification:_identify(tests) by extensions ['cmake', 'python']
[0.697s] Level 1:colcon.colcon_core.package_identification:_identify(tests) by extension 'cmake'
[0.697s] Level 1:colcon.colcon_core.package_identification:_identify(tests) by extension 'python'
[0.697s] Level 1:colcon.colcon_core.package_identification:_identify(tests) by extensions ['python_setup_py']
[0.697s] Level 1:colcon.colcon_core.package_identification:_identify(tests) by extension 'python_setup_py'
[0.697s] Level 1:colcon.colcon_core.package_discovery:discover_packages(recursive) using defaults
[0.697s] Level 1:colcon.colcon_core.package_discovery:discover_packages(ignore) discover
[0.697s] Level 1:colcon.colcon_core.package_discovery:discover_packages(ignore) using defaults
[0.697s] Level 1:colcon.colcon_core.package_discovery:discover_packages(path) discover
[0.697s] Level 1:colcon.colcon_core.package_discovery:discover_packages(path) using defaults
[0.740s] Level 1:colcon.colcon_core.package_discovery:discover_packages(prefix_path) check parameters
[0.740s] Level 1:colcon.colcon_core.package_discovery:discover_packages(prefix_path) discover
[0.742s] WARNING:colcon.colcon_ros.prefix_path.ament:The path '/home/ubuntu/happy_ws/install/my_happy_topic' in the environment variable AMENT_PREFIX_PATH doesn't exist
[0.742s] WARNING:colcon.colcon_ros.prefix_path.ament:The path '/home/ubuntu/happy_ws/install/happy_topic' in the environment variable AMENT_PREFIX_PATH doesn't exist
[0.755s] DEBUG:colcon.colcon_installed_package_information.package_discovery:Found 2 installed packages in /home/ubuntu/happy_ws/install
[0.758s] DEBUG:colcon.colcon_installed_package_information.package_discovery:Found 67 installed packages in /home/ubuntu/airobot_ws/install
[0.761s] DEBUG:colcon.colcon_installed_package_information.package_discovery:Found 456 installed packages in /opt/ros/humble
[0.765s] Level 1:colcon.colcon_core.package_discovery:discover_packages(prefix_path) using defaults
[0.883s] Level 5:colcon.colcon_core.verb:set package 'hello' build argument 'cmake_args' from command line to 'None'
[0.884s] Level 5:colcon.colcon_core.verb:set package 'hello' build argument 'cmake_target' from command line to 'None'
[0.884s] Level 5:colcon.colcon_core.verb:set package 'hello' build argument 'cmake_target_skip_unavailable' from command line to 'False'
[0.884s] Level 5:colcon.colcon_core.verb:set package 'hello' build argument 'cmake_clean_cache' from command line to 'False'
[0.884s] Level 5:colcon.colcon_core.verb:set package 'hello' build argument 'cmake_clean_first' from command line to 'False'
[0.884s] Level 5:colcon.colcon_core.verb:set package 'hello' build argument 'cmake_force_configure' from command line to 'False'
[0.884s] Level 5:colcon.colcon_core.verb:set package 'hello' build argument 'ament_cmake_args' from command line to 'None'
[0.884s] Level 5:colcon.colcon_core.verb:set package 'hello' build argument 'catkin_cmake_args' from command line to 'None'
[0.884s] Level 5:colcon.colcon_core.verb:set package 'hello' build argument 'catkin_skip_building_tests' from command line to 'False'
[0.884s] DEBUG:colcon.colcon_core.verb:Building package 'hello' with the following arguments: {'ament_cmake_args': None, 'build_base': '/home/ubuntu/happy_ws/build/hello', 'catkin_cmake_args': None, 'catkin_skip_building_tests': False, 'cmake_args': None, 'cmake_clean_cache': False, 'cmake_clean_first': False, 'cmake_force_configure': False, 'cmake_target': None, 'cmake_target_skip_unavailable': False, 'install_base': '/home/ubuntu/happy_ws/install/hello', 'merge_install': False, 'path': '/home/ubuntu/happy_ws/src/chapter2/hello', 'symlink_install': <colcon_core.argument_default.BooleanDefaultValue object at 0x7f7ff9282530>, 'test_result_base': None}
[0.884s] Level 5:colcon.colcon_core.verb:set package 'my_happy' build argument 'cmake_args' from command line to 'None'
[0.885s] Level 5:colcon.colcon_core.verb:set package 'my_happy' build argument 'cmake_target' from command line to 'None'
[0.885s] Level 5:colcon.colcon_core.verb:set package 'my_happy' build argument 'cmake_target_skip_unavailable' from command line to 'False'
[0.885s] Level 5:colcon.colcon_core.verb:set package 'my_happy' build argument 'cmake_clean_cache' from command line to 'False'
[0.885s] Level 5:colcon.colcon_core.verb:set package 'my_happy' build argument 'cmake_clean_first' from command line to 'False'
[0.885s] Level 5:colcon.colcon_core.verb:set package 'my_happy' build argument 'cmake_force_configure' from command line to 'False'
[0.885s] Level 5:colcon.colcon_core.verb:set package 'my_happy' build argument 'ament_cmake_args' from command line to 'None'
[0.885s] Level 5:colcon.colcon_core.verb:set package 'my_happy' build argument 'catkin_cmake_args' from command line to 'None'
[0.885s] Level 5:colcon.colcon_core.verb:set package 'my_happy' build argument 'catkin_skip_building_tests' from command line to 'False'
[0.885s] DEBUG:colcon.colcon_core.verb:Building package 'my_happy' with the following arguments: {'ament_cmake_args': None, 'build_base': '/home/ubuntu/happy_ws/build/my_happy', 'catkin_cmake_args': None, 'catkin_skip_building_tests': False, 'cmake_args': None, 'cmake_clean_cache': False, 'cmake_clean_first': False, 'cmake_force_configure': False, 'cmake_target': None, 'cmake_target_skip_unavailable': False, 'install_base': '/home/ubuntu/happy_ws/install/my_happy', 'merge_install': False, 'path': '/home/ubuntu/happy_ws/src/chapter2/my_happy', 'symlink_install': <colcon_core.argument_default.BooleanDefaultValue object at 0x7f7ff9282530>, 'test_result_base': None}
[0.886s] Level 5:colcon.colcon_core.verb:set package 'my_time_topic' build argument 'cmake_args' from command line to 'None'
[0.886s] Level 5:colcon.colcon_core.verb:set package 'my_time_topic' build argument 'cmake_target' from command line to 'None'
[0.886s] Level 5:colcon.colcon_core.verb:set package 'my_time_topic' build argument 'cmake_target_skip_unavailable' from command line to 'False'
[0.886s] Level 5:colcon.colcon_core.verb:set package 'my_time_topic' build argument 'cmake_clean_cache' from command line to 'False'
[0.886s] Level 5:colcon.colcon_core.verb:set package 'my_time_topic' build argument 'cmake_clean_first' from command line to 'False'
[0.886s] Level 5:colcon.colcon_core.verb:set package 'my_time_topic' build argument 'cmake_force_configure' from command line to 'False'
[0.886s] Level 5:colcon.colcon_core.verb:set package 'my_time_topic' build argument 'ament_cmake_args' from command line to 'None'
[0.886s] Level 5:colcon.colcon_core.verb:set package 'my_time_topic' build argument 'catkin_cmake_args' from command line to 'None'
[0.886s] Level 5:colcon.colcon_core.verb:set package 'my_time_topic' build argument 'catkin_skip_building_tests' from command line to 'False'
[0.886s] DEBUG:colcon.colcon_core.verb:Building package 'my_time_topic' with the following arguments: {'ament_cmake_args': None, 'build_base': '/home/ubuntu/happy_ws/build/my_time_topic', 'catkin_cmake_args': None, 'catkin_skip_building_tests': False, 'cmake_args': None, 'cmake_clean_cache': False, 'cmake_clean_first': False, 'cmake_force_configure': False, 'cmake_target': None, 'cmake_target_skip_unavailable': False, 'install_base': '/home/ubuntu/happy_ws/install/my_time_topic', 'merge_install': False, 'path': '/home/ubuntu/happy_ws/src/chapter2/my_time_topic', 'symlink_install': <colcon_core.argument_default.BooleanDefaultValue object at 0x7f7ff9282530>, 'test_result_base': None}
[0.886s] INFO:colcon.colcon_core.executor:Executing jobs using 'parallel' executor
[0.888s] DEBUG:colcon.colcon_parallel_executor.executor.parallel:run_until_complete
[0.888s] INFO:colcon.colcon_ros.task.ament_python.build:Building ROS package in '/home/ubuntu/happy_ws/src/chapter2/hello' with build type 'ament_python'
[0.889s] Level 1:colcon.colcon_core.shell:create_environment_hook('hello', 'ament_prefix_path')
[0.895s] INFO:colcon.colcon_core.plugin_system:Skipping extension 'colcon_core.shell.bat': Not used on non-Windows systems
[0.895s] INFO:colcon.colcon_core.shell:Creating environment hook '/home/ubuntu/happy_ws/install/hello/share/hello/hook/ament_prefix_path.ps1'
[0.896s] INFO:colcon.colcon_core.shell:Creating environment descriptor '/home/ubuntu/happy_ws/install/hello/share/hello/hook/ament_prefix_path.dsv'
[0.897s] INFO:colcon.colcon_core.shell:Creating environment hook '/home/ubuntu/happy_ws/install/hello/share/hello/hook/ament_prefix_path.sh'
[0.898s] INFO:colcon.colcon_core.shell:Skip shell extension 'powershell' for command environment: Not usable outside of PowerShell
[0.898s] DEBUG:colcon.colcon_core.shell:Skip shell extension 'dsv' for command environment
[0.911s] INFO:colcon.colcon_ros.task.ament_python.build:Building ROS package in '/home/ubuntu/happy_ws/src/chapter2/my_happy' with build type 'ament_python'
[0.912s] Level 1:colcon.colcon_core.shell:create_environment_hook('my_happy', 'ament_prefix_path')
[0.912s] INFO:colcon.colcon_core.shell:Creating environment hook '/home/ubuntu/happy_ws/install/my_happy/share/my_happy/hook/ament_prefix_path.ps1'
[0.913s] INFO:colcon.colcon_core.shell:Creating environment descriptor '/home/ubuntu/happy_ws/install/my_happy/share/my_happy/hook/ament_prefix_path.dsv'
[0.914s] INFO:colcon.colcon_core.shell:Creating environment hook '/home/ubuntu/happy_ws/install/my_happy/share/my_happy/hook/ament_prefix_path.sh'
[0.915s] INFO:colcon.colcon_core.shell:Skip shell extension 'powershell' for command environment: Not usable outside of PowerShell
[0.915s] DEBUG:colcon.colcon_core.shell:Skip shell extension 'dsv' for command environment
[0.931s] INFO:colcon.colcon_ros.task.ament_python.build:Building ROS package in '/home/ubuntu/happy_ws/src/chapter2/my_time_topic' with build type 'ament_python'
[0.931s] Level 1:colcon.colcon_core.shell:create_environment_hook('my_time_topic', 'ament_prefix_path')
[0.932s] INFO:colcon.colcon_core.shell:Creating environment hook '/home/ubuntu/happy_ws/install/my_time_topic/share/my_time_topic/hook/ament_prefix_path.ps1'
[0.937s] INFO:colcon.colcon_core.shell:Creating environment descriptor '/home/ubuntu/happy_ws/install/my_time_topic/share/my_time_topic/hook/ament_prefix_path.dsv'
[0.937s] INFO:colcon.colcon_core.shell:Creating environment hook '/home/ubuntu/happy_ws/install/my_time_topic/share/my_time_topic/hook/ament_prefix_path.sh'
[0.938s] INFO:colcon.colcon_core.shell:Skip shell extension 'powershell' for command environment: Not usable outside of PowerShell
[0.938s] DEBUG:colcon.colcon_core.shell:Skip shell extension 'dsv' for command environment
[1.521s] INFO:colcon.colcon_core.task.python.build:Building Python package in '/home/ubuntu/happy_ws/src/chapter2/hello'
[1.521s] INFO:colcon.colcon_core.shell:Skip shell extension 'powershell' for command environment: Not usable outside of PowerShell
[1.522s] DEBUG:colcon.colcon_core.shell:Skip shell extension 'dsv' for command environment
[2.062s] INFO:colcon.colcon_core.task.python.build:Building Python package in '/home/ubuntu/happy_ws/src/chapter2/my_happy'
[2.063s] INFO:colcon.colcon_core.shell:Skip shell extension 'powershell' for command environment: Not usable outside of PowerShell
[2.063s] DEBUG:colcon.colcon_core.shell:Skip shell extension 'dsv' for command environment
[2.608s] INFO:colcon.colcon_core.task.python.build:Building Python package in '/home/ubuntu/happy_ws/src/chapter2/my_time_topic'
[2.609s] INFO:colcon.colcon_core.shell:Skip shell extension 'powershell' for command environment: Not usable outside of PowerShell
[2.609s] DEBUG:colcon.colcon_core.shell:Skip shell extension 'dsv' for command environment
[3.425s] DEBUG:colcon.colcon_core.event_handler.log_command:Invoking command in '/home/ubuntu/happy_ws/build/my_time_topic': PYTHONPATH=/home/ubuntu/happy_ws/build/my_time_topic/prefix_override:/usr/lib/python3/dist-packages/colcon_core/task/python/colcon_distutils_commands:/home/ubuntu/happy_ws/install/my_time_topic/lib/python3.10/site-packages:${PYTHONPATH} /usr/bin/python3 -W ignore:setup.py install is deprecated -W ignore:easy_install command is deprecated setup.py develop --editable --build-directory /home/ubuntu/happy_ws/build/my_time_topic/build --no-deps symlink_data
[3.436s] DEBUG:colcon.colcon_core.event_handler.log_command:Invoking command in '/home/ubuntu/happy_ws/build/hello': PYTHONPATH=/home/ubuntu/happy_ws/build/hello/prefix_override:/usr/lib/python3/dist-packages/colcon_core/task/python/colcon_distutils_commands:/home/ubuntu/happy_ws/install/hello/lib/python3.10/site-packages:${PYTHONPATH} /usr/bin/python3 -W ignore:setup.py install is deprecated -W ignore:easy_install command is deprecated setup.py develop --editable --build-directory /home/ubuntu/happy_ws/build/hello/build --no-deps symlink_data
[3.440s] DEBUG:colcon.colcon_core.event_handler.log_command:Invoking command in '/home/ubuntu/happy_ws/build/my_happy': PYTHONPATH=/home/ubuntu/happy_ws/build/my_happy/prefix_override:/usr/lib/python3/dist-packages/colcon_core/task/python/colcon_distutils_commands:/home/ubuntu/happy_ws/install/my_happy/lib/python3.10/site-packages:${PYTHONPATH} /usr/bin/python3 -W ignore:setup.py install is deprecated -W ignore:easy_install command is deprecated setup.py develop --editable --build-directory /home/ubuntu/happy_ws/build/my_happy/build --no-deps symlink_data
[4.485s] Level 1:colcon.colcon_core.shell:create_environment_hook('my_happy', 'pythonpath_develop')
[4.486s] INFO:colcon.colcon_core.shell:Creating environment hook '/home/ubuntu/happy_ws/build/my_happy/share/my_happy/hook/pythonpath_develop.ps1'
[4.487s] DEBUG:colcon.colcon_core.event_handler.log_command:Invoked command in '/home/ubuntu/happy_ws/build/my_happy' returned '0': PYTHONPATH=/home/ubuntu/happy_ws/build/my_happy/prefix_override:/usr/lib/python3/dist-packages/colcon_core/task/python/colcon_distutils_commands:/home/ubuntu/happy_ws/install/my_happy/lib/python3.10/site-packages:${PYTHONPATH} /usr/bin/python3 -W ignore:setup.py install is deprecated -W ignore:easy_install command is deprecated setup.py develop --editable --build-directory /home/ubuntu/happy_ws/build/my_happy/build --no-deps symlink_data
[4.488s] INFO:colcon.colcon_core.shell:Creating environment descriptor '/home/ubuntu/happy_ws/build/my_happy/share/my_happy/hook/pythonpath_develop.dsv'
[4.488s] INFO:colcon.colcon_core.shell:Creating environment hook '/home/ubuntu/happy_ws/build/my_happy/share/my_happy/hook/pythonpath_develop.sh'
[4.496s] Level 1:colcon.colcon_core.environment:checking '/home/ubuntu/happy_ws/install/my_happy' for CMake module files
[4.496s] Level 1:colcon.colcon_core.environment:checking '/home/ubuntu/happy_ws/install/my_happy' for CMake config files
[4.497s] Level 1:colcon.colcon_core.environment:checking '/home/ubuntu/happy_ws/install/my_happy/lib'
[4.497s] Level 1:colcon.colcon_core.environment:checking '/home/ubuntu/happy_ws/install/my_happy/bin'
[4.497s] Level 1:colcon.colcon_core.environment:checking '/home/ubuntu/happy_ws/install/my_happy/lib/pkgconfig/my_happy.pc'
[4.498s] Level 1:colcon.colcon_core.environment:checking '/home/ubuntu/happy_ws/install/my_happy/lib/python3.10/site-packages'
[4.498s] Level 1:colcon.colcon_core.shell:create_environment_hook('my_happy', 'pythonpath')
[4.498s] INFO:colcon.colcon_core.shell:Creating environment hook '/home/ubuntu/happy_ws/install/my_happy/share/my_happy/hook/pythonpath.ps1'
[4.499s] INFO:colcon.colcon_core.shell:Creating environment descriptor '/home/ubuntu/happy_ws/install/my_happy/share/my_happy/hook/pythonpath.dsv'
[4.499s] INFO:colcon.colcon_core.shell:Creating environment hook '/home/ubuntu/happy_ws/install/my_happy/share/my_happy/hook/pythonpath.sh'
[4.500s] Level 1:colcon.colcon_core.environment:checking '/home/ubuntu/happy_ws/install/my_happy/bin'
[4.500s] Level 1:colcon.colcon_core.environment:create_environment_scripts_only(my_happy)
[4.500s] INFO:colcon.colcon_core.shell:Creating package script '/home/ubuntu/happy_ws/install/my_happy/share/my_happy/package.ps1'
[4.501s] INFO:colcon.colcon_core.shell:Creating package descriptor '/home/ubuntu/happy_ws/install/my_happy/share/my_happy/package.dsv'
[4.502s] INFO:colcon.colcon_core.shell:Creating package script '/home/ubuntu/happy_ws/install/my_happy/share/my_happy/package.sh'
[4.504s] INFO:colcon.colcon_core.shell:Creating package script '/home/ubuntu/happy_ws/install/my_happy/share/my_happy/package.bash'
[4.505s] INFO:colcon.colcon_core.shell:Creating package script '/home/ubuntu/happy_ws/install/my_happy/share/my_happy/package.zsh'
[4.506s] Level 1:colcon.colcon_core.environment:create_file_with_runtime_dependencies(/home/ubuntu/happy_ws/install/my_happy/share/colcon-core/packages/my_happy)
[4.506s] Level 1:colcon.colcon_core.shell:create_environment_hook('hello', 'pythonpath_develop')
[4.507s] INFO:colcon.colcon_core.shell:Creating environment hook '/home/ubuntu/happy_ws/build/hello/share/hello/hook/pythonpath_develop.ps1'
[4.508s] INFO:colcon.colcon_core.shell:Creating environment descriptor '/home/ubuntu/happy_ws/build/hello/share/hello/hook/pythonpath_develop.dsv'
[4.509s] DEBUG:colcon.colcon_core.event_handler.log_command:Invoked command in '/home/ubuntu/happy_ws/build/hello' returned '0': PYTHONPATH=/home/ubuntu/happy_ws/build/hello/prefix_override:/usr/lib/python3/dist-packages/colcon_core/task/python/colcon_distutils_commands:/home/ubuntu/happy_ws/install/hello/lib/python3.10/site-packages:${PYTHONPATH} /usr/bin/python3 -W ignore:setup.py install is deprecated -W ignore:easy_install command is deprecated setup.py develop --editable --build-directory /home/ubuntu/happy_ws/build/hello/build --no-deps symlink_data
[4.509s] INFO:colcon.colcon_core.shell:Creating environment hook '/home/ubuntu/happy_ws/build/hello/share/hello/hook/pythonpath_develop.sh'
[4.510s] Level 1:colcon.colcon_core.environment:checking '/home/ubuntu/happy_ws/install/hello' for CMake module files
[4.510s] Level 1:colcon.colcon_core.environment:checking '/home/ubuntu/happy_ws/install/hello' for CMake config files
[4.511s] Level 1:colcon.colcon_core.environment:checking '/home/ubuntu/happy_ws/install/hello/lib'
[4.511s] Level 1:colcon.colcon_core.environment:checking '/home/ubuntu/happy_ws/install/hello/bin'
[4.511s] Level 1:colcon.colcon_core.environment:checking '/home/ubuntu/happy_ws/install/hello/lib/pkgconfig/hello.pc'
[4.512s] Level 1:colcon.colcon_core.environment:checking '/home/ubuntu/happy_ws/install/hello/lib/python3.10/site-packages'
[4.512s] Level 1:colcon.colcon_core.shell:create_environment_hook('hello', 'pythonpath')
[4.512s] INFO:colcon.colcon_core.shell:Creating environment hook '/home/ubuntu/happy_ws/install/hello/share/hello/hook/pythonpath.ps1'
[4.513s] INFO:colcon.colcon_core.shell:Creating environment descriptor '/home/ubuntu/happy_ws/install/hello/share/hello/hook/pythonpath.dsv'
[4.513s] INFO:colcon.colcon_core.shell:Creating environment hook '/home/ubuntu/happy_ws/install/hello/share/hello/hook/pythonpath.sh'
[4.514s] Level 1:colcon.colcon_core.environment:checking '/home/ubuntu/happy_ws/install/hello/bin'
[4.514s] Level 1:colcon.colcon_core.environment:create_environment_scripts_only(hello)
[4.514s] INFO:colcon.colcon_core.shell:Creating package script '/home/ubuntu/happy_ws/install/hello/share/hello/package.ps1'
[4.515s] INFO:colcon.colcon_core.shell:Creating package descriptor '/home/ubuntu/happy_ws/install/hello/share/hello/package.dsv'
[4.515s] INFO:colcon.colcon_core.shell:Creating package script '/home/ubuntu/happy_ws/install/hello/share/hello/package.sh'
[4.516s] INFO:colcon.colcon_core.shell:Creating package script '/home/ubuntu/happy_ws/install/hello/share/hello/package.bash'
[4.516s] INFO:colcon.colcon_core.shell:Creating package script '/home/ubuntu/happy_ws/install/hello/share/hello/package.zsh'
[4.517s] Level 1:colcon.colcon_core.environment:create_file_with_runtime_dependencies(/home/ubuntu/happy_ws/install/hello/share/colcon-core/packages/hello)
[4.519s] Level 1:colcon.colcon_core.shell:create_environment_hook('my_time_topic', 'pythonpath_develop')
[4.519s] INFO:colcon.colcon_core.shell:Creating environment hook '/home/ubuntu/happy_ws/build/my_time_topic/share/my_time_topic/hook/pythonpath_develop.ps1'
[4.521s] DEBUG:colcon.colcon_core.event_handler.log_command:Invoked command in '/home/ubuntu/happy_ws/build/my_time_topic' returned '0': PYTHONPATH=/home/ubuntu/happy_ws/build/my_time_topic/prefix_override:/usr/lib/python3/dist-packages/colcon_core/task/python/colcon_distutils_commands:/home/ubuntu/happy_ws/install/my_time_topic/lib/python3.10/site-packages:${PYTHONPATH} /usr/bin/python3 -W ignore:setup.py install is deprecated -W ignore:easy_install command is deprecated setup.py develop --editable --build-directory /home/ubuntu/happy_ws/build/my_time_topic/build --no-deps symlink_data
[4.523s] INFO:colcon.colcon_core.shell:Creating environment descriptor '/home/ubuntu/happy_ws/build/my_time_topic/share/my_time_topic/hook/pythonpath_develop.dsv'
[4.524s] INFO:colcon.colcon_core.shell:Creating environment hook '/home/ubuntu/happy_ws/build/my_time_topic/share/my_time_topic/hook/pythonpath_develop.sh'
[4.525s] Level 1:colcon.colcon_core.environment:checking '/home/ubuntu/happy_ws/install/my_time_topic' for CMake module files
[4.525s] Level 1:colcon.colcon_core.environment:checking '/home/ubuntu/happy_ws/install/my_time_topic' for CMake config files
[4.526s] Level 1:colcon.colcon_core.environment:checking '/home/ubuntu/happy_ws/install/my_time_topic/lib'
[4.526s] Level 1:colcon.colcon_core.environment:checking '/home/ubuntu/happy_ws/install/my_time_topic/bin'
[4.526s] Level 1:colcon.colcon_core.environment:checking '/home/ubuntu/happy_ws/install/my_time_topic/lib/pkgconfig/my_time_topic.pc'
[4.526s] Level 1:colcon.colcon_core.environment:checking '/home/ubuntu/happy_ws/install/my_time_topic/lib/python3.10/site-packages'
[4.526s] Level 1:colcon.colcon_core.shell:create_environment_hook('my_time_topic', 'pythonpath')
[4.527s] INFO:colcon.colcon_core.shell:Creating environment hook '/home/ubuntu/happy_ws/install/my_time_topic/share/my_time_topic/hook/pythonpath.ps1'
[4.527s] INFO:colcon.colcon_core.shell:Creating environment descriptor '/home/ubuntu/happy_ws/install/my_time_topic/share/my_time_topic/hook/pythonpath.dsv'
[4.528s] INFO:colcon.colcon_core.shell:Creating environment hook '/home/ubuntu/happy_ws/install/my_time_topic/share/my_time_topic/hook/pythonpath.sh'
[4.528s] Level 1:colcon.colcon_core.environment:checking '/home/ubuntu/happy_ws/install/my_time_topic/bin'
[4.528s] Level 1:colcon.colcon_core.environment:create_environment_scripts_only(my_time_topic)
[4.529s] INFO:colcon.colcon_core.shell:Creating package script '/home/ubuntu/happy_ws/install/my_time_topic/share/my_time_topic/package.ps1'
[4.529s] INFO:colcon.colcon_core.shell:Creating package descriptor '/home/ubuntu/happy_ws/install/my_time_topic/share/my_time_topic/package.dsv'
[4.530s] INFO:colcon.colcon_core.shell:Creating package script '/home/ubuntu/happy_ws/install/my_time_topic/share/my_time_topic/package.sh'
[4.530s] INFO:colcon.colcon_core.shell:Creating package script '/home/ubuntu/happy_ws/install/my_time_topic/share/my_time_topic/package.bash'
[4.531s] INFO:colcon.colcon_core.shell:Creating package script '/home/ubuntu/happy_ws/install/my_time_topic/share/my_time_topic/package.zsh'
[4.531s] Level 1:colcon.colcon_core.environment:create_file_with_runtime_dependencies(/home/ubuntu/happy_ws/install/my_time_topic/share/colcon-core/packages/my_time_topic)
[4.533s] DEBUG:colcon.colcon_parallel_executor.executor.parallel:closing loop
[4.534s] DEBUG:colcon.colcon_parallel_executor.executor.parallel:loop closed
[4.534s] DEBUG:colcon.colcon_parallel_executor.executor.parallel:run_until_complete finished with '0'
[4.534s] DEBUG:colcon.colcon_core.event_reactor:joining thread
[4.548s] INFO:colcon.colcon_core.plugin_system:Skipping extension 'colcon_notification.desktop_notification.terminal_notifier': Not used on non-Darwin systems
[4.548s] INFO:colcon.colcon_core.plugin_system:Skipping extension 'colcon_notification.desktop_notification.win32': Not used on non-Windows systems
[4.548s] INFO:colcon.colcon_notification.desktop_notification:Sending desktop notification using 'notify2'
[4.789s] DEBUG:colcon.colcon_core.event_reactor:joined thread
[4.790s] INFO:colcon.colcon_core.shell:Creating prefix script '/home/ubuntu/happy_ws/install/local_setup.ps1'
[4.791s] INFO:colcon.colcon_core.shell:Creating prefix util module '/home/ubuntu/happy_ws/install/_local_setup_util_ps1.py'
[4.793s] INFO:colcon.colcon_core.shell:Creating prefix chain script '/home/ubuntu/happy_ws/install/setup.ps1'
[4.798s] INFO:colcon.colcon_core.shell:Creating prefix script '/home/ubuntu/happy_ws/install/local_setup.sh'
[4.799s] INFO:colcon.colcon_core.shell:Creating prefix util module '/home/ubuntu/happy_ws/install/_local_setup_util_sh.py'
[4.800s] INFO:colcon.colcon_core.shell:Creating prefix chain script '/home/ubuntu/happy_ws/install/setup.sh'
[4.805s] INFO:colcon.colcon_core.shell:Creating prefix script '/home/ubuntu/happy_ws/install/local_setup.bash'
[4.806s] INFO:colcon.colcon_core.shell:Creating prefix chain script '/home/ubuntu/happy_ws/install/setup.bash'
[4.811s] INFO:colcon.colcon_core.shell:Creating prefix script '/home/ubuntu/happy_ws/install/local_setup.zsh'
[4.812s] INFO:colcon.colcon_core.shell:Creating prefix chain script '/home/ubuntu/happy_ws/install/setup.zsh'
