[0.209s] DEBUG:colcon:Command line arguments: ['/usr/bin/colcon', 'build']
[0.209s] DEBUG:colcon:Parsed command line arguments: Namespace(log_base=None, log_level=None, verb_name='build', build_base='build', install_base='install', merge_install=False, symlink_install=<colcon_core.argument_default.BooleanDefaultValue object at 0x7f675db71810>, test_result_base=None, continue_on_error=False, executor='parallel', parallel_workers=12, event_handlers=None, ignore_user_meta=False, metas=['./colcon.meta'], base_paths=['.'], packages_ignore=None, packages_ignore_regex=None, paths=None, packages_up_to=None, packages_up_to_regex=None, packages_above=None, packages_above_and_dependencies=None, packages_above_depth=None, packages_select_by_dep=None, packages_skip_by_dep=None, packages_skip_up_to=None, packages_select_build_failed=False, packages_skip_build_finished=False, packages_select_test_failures=False, packages_skip_test_passed=False, packages_select=None, packages_skip=None, packages_select_regex=None, packages_skip_regex=None, packages_start=None, packages_end=None, allow_overriding=[], cmake_args=None, cmake_target=None, cmake_target_skip_unavailable=False, cmake_clean_cache=False, cmake_clean_first=False, cmake_force_configure=False, ament_cmake_args=None, catkin_cmake_args=None, catkin_skip_building_tests=False, verb_parser=<colcon_defaults.argument_parser.defaults.DefaultArgumentsDecorator object at 0x7f675db0d900>, verb_extension=<colcon_core.verb.build.BuildVerb object at 0x7f675db0d3f0>, main=<bound method BuildVerb.main of <colcon_core.verb.build.BuildVerb object at 0x7f675db0d3f0>>)
[0.580s] Level 1:colcon.colcon_core.package_discovery:discover_packages(colcon_meta) check parameters
[0.580s] Level 1:colcon.colcon_core.package_discovery:discover_packages(recursive) check parameters
[0.581s] Level 1:colcon.colcon_core.package_discovery:discover_packages(ignore) check parameters
[0.581s] Level 1:colcon.colcon_core.package_discovery:discover_packages(path) check parameters
[0.581s] Level 1:colcon.colcon_core.package_discovery:discover_packages(colcon_meta) discover
[0.581s] Level 1:colcon.colcon_core.package_discovery:discover_packages(recursive) discover
[0.581s] INFO:colcon.colcon_core.package_discovery:Crawling recursively for packages in '/home/ubuntu/happy_ws'
[0.582s] Level 1:colcon.colcon_core.package_identification:_identify(.) by extensions ['ignore', 'ignore_ament_install']
[0.582s] Level 1:colcon.colcon_core.package_identification:_identify(.) by extension 'ignore'
[0.582s] Level 1:colcon.colcon_core.package_identification:_identify(.) by extension 'ignore_ament_install'
[0.582s] Level 1:colcon.colcon_core.package_identification:_identify(.) by extensions ['colcon_pkg']
[0.582s] Level 1:colcon.colcon_core.package_identification:_identify(.) by extension 'colcon_pkg'
[0.582s] Level 1:colcon.colcon_core.package_identification:_identify(.) by extensions ['colcon_meta']
[0.582s] Level 1:colcon.colcon_core.package_identification:_identify(.) by extension 'colcon_meta'
[0.582s] Level 1:colcon.colcon_core.package_identification:_identify(.) by extensions ['ros']
[0.582s] Level 1:colcon.colcon_core.package_identification:_identify(.) by extension 'ros'
[0.597s] Level 1:colcon.colcon_core.package_identification:_identify(.) by extensions ['cmake', 'python']
[0.597s] Level 1:colcon.colcon_core.package_identification:_identify(.) by extension 'cmake'
[0.597s] Level 1:colcon.colcon_core.package_identification:_identify(.) by extension 'python'
[0.597s] Level 1:colcon.colcon_core.package_identification:_identify(.) by extensions ['python_setup_py']
[0.597s] Level 1:colcon.colcon_core.package_identification:_identify(.) by extension 'python_setup_py'
[0.598s] Level 1:colcon.colcon_core.package_identification:_identify(build) by extensions ['ignore', 'ignore_ament_install']
[0.598s] Level 1:colcon.colcon_core.package_identification:_identify(build) by extension 'ignore'
[0.598s] Level 1:colcon.colcon_core.package_identification:_identify(build) ignored
[0.598s] Level 1:colcon.colcon_core.package_identification:_identify(install) by extensions ['ignore', 'ignore_ament_install']
[0.598s] Level 1:colcon.colcon_core.package_identification:_identify(install) by extension 'ignore'
[0.598s] Level 1:colcon.colcon_core.package_identification:_identify(install) ignored
[0.598s] Level 1:colcon.colcon_core.package_identification:_identify(log) by extensions ['ignore', 'ignore_ament_install']
[0.598s] Level 1:colcon.colcon_core.package_identification:_identify(log) by extension 'ignore'
[0.598s] Level 1:colcon.colcon_core.package_identification:_identify(log) ignored
[0.599s] Level 1:colcon.colcon_core.package_identification:_identify(src) by extensions ['ignore', 'ignore_ament_install']
[0.599s] Level 1:colcon.colcon_core.package_identification:_identify(src) by extension 'ignore'
[0.599s] Level 1:colcon.colcon_core.package_identification:_identify(src) by extension 'ignore_ament_install'
[0.599s] Level 1:colcon.colcon_core.package_identification:_identify(src) by extensions ['colcon_pkg']
[0.599s] Level 1:colcon.colcon_core.package_identification:_identify(src) by extension 'colcon_pkg'
[0.599s] Level 1:colcon.colcon_core.package_identification:_identify(src) by extensions ['colcon_meta']
[0.599s] Level 1:colcon.colcon_core.package_identification:_identify(src) by extension 'colcon_meta'
[0.599s] Level 1:colcon.colcon_core.package_identification:_identify(src) by extensions ['ros']
[0.599s] Level 1:colcon.colcon_core.package_identification:_identify(src) by extension 'ros'
[0.599s] Level 1:colcon.colcon_core.package_identification:_identify(src) by extensions ['cmake', 'python']
[0.599s] Level 1:colcon.colcon_core.package_identification:_identify(src) by extension 'cmake'
[0.599s] Level 1:colcon.colcon_core.package_identification:_identify(src) by extension 'python'
[0.599s] Level 1:colcon.colcon_core.package_identification:_identify(src) by extensions ['python_setup_py']
[0.599s] Level 1:colcon.colcon_core.package_identification:_identify(src) by extension 'python_setup_py'
[0.599s] Level 1:colcon.colcon_core.package_identification:_identify(src/chapter2) by extensions ['ignore', 'ignore_ament_install']
[0.600s] Level 1:colcon.colcon_core.package_identification:_identify(src/chapter2) by extension 'ignore'
[0.600s] Level 1:colcon.colcon_core.package_identification:_identify(src/chapter2) by extension 'ignore_ament_install'
[0.600s] Level 1:colcon.colcon_core.package_identification:_identify(src/chapter2) by extensions ['colcon_pkg']
[0.600s] Level 1:colcon.colcon_core.package_identification:_identify(src/chapter2) by extension 'colcon_pkg'
[0.600s] Level 1:colcon.colcon_core.package_identification:_identify(src/chapter2) by extensions ['colcon_meta']
[0.600s] Level 1:colcon.colcon_core.package_identification:_identify(src/chapter2) by extension 'colcon_meta'
[0.600s] Level 1:colcon.colcon_core.package_identification:_identify(src/chapter2) by extensions ['ros']
[0.600s] Level 1:colcon.colcon_core.package_identification:_identify(src/chapter2) by extension 'ros'
[0.600s] Level 1:colcon.colcon_core.package_identification:_identify(src/chapter2) by extensions ['cmake', 'python']
[0.600s] Level 1:colcon.colcon_core.package_identification:_identify(src/chapter2) by extension 'cmake'
[0.600s] Level 1:colcon.colcon_core.package_identification:_identify(src/chapter2) by extension 'python'
[0.600s] Level 1:colcon.colcon_core.package_identification:_identify(src/chapter2) by extensions ['python_setup_py']
[0.600s] Level 1:colcon.colcon_core.package_identification:_identify(src/chapter2) by extension 'python_setup_py'
[0.600s] Level 1:colcon.colcon_core.package_identification:_identify(src/chapter2/hello) by extensions ['ignore', 'ignore_ament_install']
[0.600s] Level 1:colcon.colcon_core.package_identification:_identify(src/chapter2/hello) by extension 'ignore'
[0.600s] Level 1:colcon.colcon_core.package_identification:_identify(src/chapter2/hello) by extension 'ignore_ament_install'
[0.600s] Level 1:colcon.colcon_core.package_identification:_identify(src/chapter2/hello) by extensions ['colcon_pkg']
[0.601s] Level 1:colcon.colcon_core.package_identification:_identify(src/chapter2/hello) by extension 'colcon_pkg'
[0.601s] Level 1:colcon.colcon_core.package_identification:_identify(src/chapter2/hello) by extensions ['colcon_meta']
[0.601s] Level 1:colcon.colcon_core.package_identification:_identify(src/chapter2/hello) by extension 'colcon_meta'
[0.601s] Level 1:colcon.colcon_core.package_identification:_identify(src/chapter2/hello) by extensions ['ros']
[0.601s] Level 1:colcon.colcon_core.package_identification:_identify(src/chapter2/hello) by extension 'ros'
[0.605s] DEBUG:colcon.colcon_core.package_identification:Package 'src/chapter2/hello' with type 'ros.ament_python' and name 'hello'
[0.605s] Level 1:colcon.colcon_core.package_identification:_identify(src/chapter2/my_happy) by extensions ['ignore', 'ignore_ament_install']
[0.605s] Level 1:colcon.colcon_core.package_identification:_identify(src/chapter2/my_happy) by extension 'ignore'
[0.605s] Level 1:colcon.colcon_core.package_identification:_identify(src/chapter2/my_happy) by extension 'ignore_ament_install'
[0.605s] Level 1:colcon.colcon_core.package_identification:_identify(src/chapter2/my_happy) by extensions ['colcon_pkg']
[0.605s] Level 1:colcon.colcon_core.package_identification:_identify(src/chapter2/my_happy) by extension 'colcon_pkg'
[0.605s] Level 1:colcon.colcon_core.package_identification:_identify(src/chapter2/my_happy) by extensions ['colcon_meta']
[0.605s] Level 1:colcon.colcon_core.package_identification:_identify(src/chapter2/my_happy) by extension 'colcon_meta'
[0.606s] Level 1:colcon.colcon_core.package_identification:_identify(src/chapter2/my_happy) by extensions ['ros']
[0.606s] Level 1:colcon.colcon_core.package_identification:_identify(src/chapter2/my_happy) by extension 'ros'
[0.606s] DEBUG:colcon.colcon_core.package_identification:Package 'src/chapter2/my_happy' with type 'ros.ament_python' and name 'my_happy'
[0.606s] Level 1:colcon.colcon_core.package_discovery:discover_packages(recursive) using defaults
[0.606s] Level 1:colcon.colcon_core.package_discovery:discover_packages(ignore) discover
[0.606s] Level 1:colcon.colcon_core.package_discovery:discover_packages(ignore) using defaults
[0.606s] Level 1:colcon.colcon_core.package_discovery:discover_packages(path) discover
[0.606s] Level 1:colcon.colcon_core.package_discovery:discover_packages(path) using defaults
[0.648s] Level 1:colcon.colcon_core.package_discovery:discover_packages(prefix_path) check parameters
[0.648s] Level 1:colcon.colcon_core.package_discovery:discover_packages(prefix_path) discover
[0.649s] WARNING:colcon.colcon_core.prefix_path.colcon:The path '/home/ubuntu/happy_ws/src/install' in the environment variable COLCON_PREFIX_PATH doesn't exist
[0.649s] WARNING:colcon.colcon_ros.prefix_path.ament:The path '/home/ubuntu/happy_ws/src/install/testpkg' in the environment variable AMENT_PREFIX_PATH doesn't exist
[0.655s] DEBUG:colcon.colcon_installed_package_information.package_discovery:Found 1 installed packages in /home/ubuntu/happy_ws/install
[0.658s] DEBUG:colcon.colcon_installed_package_information.package_discovery:Found 67 installed packages in /home/ubuntu/airobot_ws/install
[0.662s] DEBUG:colcon.colcon_installed_package_information.package_discovery:Found 456 installed packages in /opt/ros/humble
[0.664s] Level 1:colcon.colcon_core.package_discovery:discover_packages(prefix_path) using defaults
[0.759s] Level 5:colcon.colcon_core.verb:set package 'hello' build argument 'cmake_args' from command line to 'None'
[0.760s] Level 5:colcon.colcon_core.verb:set package 'hello' build argument 'cmake_target' from command line to 'None'
[0.760s] Level 5:colcon.colcon_core.verb:set package 'hello' build argument 'cmake_target_skip_unavailable' from command line to 'False'
[0.760s] Level 5:colcon.colcon_core.verb:set package 'hello' build argument 'cmake_clean_cache' from command line to 'False'
[0.760s] Level 5:colcon.colcon_core.verb:set package 'hello' build argument 'cmake_clean_first' from command line to 'False'
[0.760s] Level 5:colcon.colcon_core.verb:set package 'hello' build argument 'cmake_force_configure' from command line to 'False'
[0.760s] Level 5:colcon.colcon_core.verb:set package 'hello' build argument 'ament_cmake_args' from command line to 'None'
[0.760s] Level 5:colcon.colcon_core.verb:set package 'hello' build argument 'catkin_cmake_args' from command line to 'None'
[0.760s] Level 5:colcon.colcon_core.verb:set package 'hello' build argument 'catkin_skip_building_tests' from command line to 'False'
[0.760s] DEBUG:colcon.colcon_core.verb:Building package 'hello' with the following arguments: {'ament_cmake_args': None, 'build_base': '/home/ubuntu/happy_ws/build/hello', 'catkin_cmake_args': None, 'catkin_skip_building_tests': False, 'cmake_args': None, 'cmake_clean_cache': False, 'cmake_clean_first': False, 'cmake_force_configure': False, 'cmake_target': None, 'cmake_target_skip_unavailable': False, 'install_base': '/home/ubuntu/happy_ws/install/hello', 'merge_install': False, 'path': '/home/ubuntu/happy_ws/src/chapter2/hello', 'symlink_install': <colcon_core.argument_default.BooleanDefaultValue object at 0x7f675db71810>, 'test_result_base': None}
[0.760s] Level 5:colcon.colcon_core.verb:set package 'my_happy' build argument 'cmake_args' from command line to 'None'
[0.760s] Level 5:colcon.colcon_core.verb:set package 'my_happy' build argument 'cmake_target' from command line to 'None'
[0.760s] Level 5:colcon.colcon_core.verb:set package 'my_happy' build argument 'cmake_target_skip_unavailable' from command line to 'False'
[0.760s] Level 5:colcon.colcon_core.verb:set package 'my_happy' build argument 'cmake_clean_cache' from command line to 'False'
[0.760s] Level 5:colcon.colcon_core.verb:set package 'my_happy' build argument 'cmake_clean_first' from command line to 'False'
[0.760s] Level 5:colcon.colcon_core.verb:set package 'my_happy' build argument 'cmake_force_configure' from command line to 'False'
[0.761s] Level 5:colcon.colcon_core.verb:set package 'my_happy' build argument 'ament_cmake_args' from command line to 'None'
[0.761s] Level 5:colcon.colcon_core.verb:set package 'my_happy' build argument 'catkin_cmake_args' from command line to 'None'
[0.761s] Level 5:colcon.colcon_core.verb:set package 'my_happy' build argument 'catkin_skip_building_tests' from command line to 'False'
[0.761s] DEBUG:colcon.colcon_core.verb:Building package 'my_happy' with the following arguments: {'ament_cmake_args': None, 'build_base': '/home/ubuntu/happy_ws/build/my_happy', 'catkin_cmake_args': None, 'catkin_skip_building_tests': False, 'cmake_args': None, 'cmake_clean_cache': False, 'cmake_clean_first': False, 'cmake_force_configure': False, 'cmake_target': None, 'cmake_target_skip_unavailable': False, 'install_base': '/home/ubuntu/happy_ws/install/my_happy', 'merge_install': False, 'path': '/home/ubuntu/happy_ws/src/chapter2/my_happy', 'symlink_install': <colcon_core.argument_default.BooleanDefaultValue object at 0x7f675db71810>, 'test_result_base': None}
[0.761s] INFO:colcon.colcon_core.executor:Executing jobs using 'parallel' executor
[0.762s] DEBUG:colcon.colcon_parallel_executor.executor.parallel:run_until_complete
[0.762s] INFO:colcon.colcon_ros.task.ament_python.build:Building ROS package in '/home/ubuntu/happy_ws/src/chapter2/hello' with build type 'ament_python'
[0.763s] Level 1:colcon.colcon_core.shell:create_environment_hook('hello', 'ament_prefix_path')
[0.768s] INFO:colcon.colcon_core.plugin_system:Skipping extension 'colcon_core.shell.bat': Not used on non-Windows systems
[0.768s] INFO:colcon.colcon_core.shell:Creating environment hook '/home/ubuntu/happy_ws/install/hello/share/hello/hook/ament_prefix_path.ps1'
[0.769s] INFO:colcon.colcon_core.shell:Creating environment descriptor '/home/ubuntu/happy_ws/install/hello/share/hello/hook/ament_prefix_path.dsv'
[0.770s] INFO:colcon.colcon_core.shell:Creating environment hook '/home/ubuntu/happy_ws/install/hello/share/hello/hook/ament_prefix_path.sh'
[0.771s] INFO:colcon.colcon_core.shell:Skip shell extension 'powershell' for command environment: Not usable outside of PowerShell
[0.771s] DEBUG:colcon.colcon_core.shell:Skip shell extension 'dsv' for command environment
[0.784s] INFO:colcon.colcon_ros.task.ament_python.build:Building ROS package in '/home/ubuntu/happy_ws/src/chapter2/my_happy' with build type 'ament_python'
[0.784s] Level 1:colcon.colcon_core.shell:create_environment_hook('my_happy', 'ament_prefix_path')
[0.785s] INFO:colcon.colcon_core.shell:Creating environment hook '/home/ubuntu/happy_ws/install/my_happy/share/my_happy/hook/ament_prefix_path.ps1'
[0.788s] INFO:colcon.colcon_core.shell:Creating environment descriptor '/home/ubuntu/happy_ws/install/my_happy/share/my_happy/hook/ament_prefix_path.dsv'
[0.788s] INFO:colcon.colcon_core.shell:Creating environment hook '/home/ubuntu/happy_ws/install/my_happy/share/my_happy/hook/ament_prefix_path.sh'
[0.789s] INFO:colcon.colcon_core.shell:Skip shell extension 'powershell' for command environment: Not usable outside of PowerShell
[0.789s] DEBUG:colcon.colcon_core.shell:Skip shell extension 'dsv' for command environment
[1.397s] INFO:colcon.colcon_core.task.python.build:Building Python package in '/home/ubuntu/happy_ws/src/chapter2/hello'
[1.397s] INFO:colcon.colcon_core.shell:Skip shell extension 'powershell' for command environment: Not usable outside of PowerShell
[1.398s] DEBUG:colcon.colcon_core.shell:Skip shell extension 'dsv' for command environment
[1.980s] INFO:colcon.colcon_core.task.python.build:Building Python package in '/home/ubuntu/happy_ws/src/chapter2/my_happy'
[1.981s] INFO:colcon.colcon_core.shell:Skip shell extension 'powershell' for command environment: Not usable outside of PowerShell
[1.981s] DEBUG:colcon.colcon_core.shell:Skip shell extension 'dsv' for command environment
[2.753s] DEBUG:colcon.colcon_core.event_handler.log_command:Invoking command in '/home/ubuntu/happy_ws/build/my_happy': PYTHONPATH=/home/ubuntu/happy_ws/build/my_happy/prefix_override:/usr/lib/python3/dist-packages/colcon_core/task/python/colcon_distutils_commands:/home/ubuntu/happy_ws/install/my_happy/lib/python3.10/site-packages:${PYTHONPATH} /usr/bin/python3 -W ignore:setup.py install is deprecated -W ignore:easy_install command is deprecated setup.py develop --editable --build-directory /home/ubuntu/happy_ws/build/my_happy/build --no-deps symlink_data
[2.762s] DEBUG:colcon.colcon_core.event_handler.log_command:Invoking command in '/home/ubuntu/happy_ws/build/hello': PYTHONPATH=/home/ubuntu/happy_ws/build/hello/prefix_override:/usr/lib/python3/dist-packages/colcon_core/task/python/colcon_distutils_commands:/home/ubuntu/happy_ws/install/hello/lib/python3.10/site-packages:${PYTHONPATH} /usr/bin/python3 -W ignore:setup.py install is deprecated -W ignore:easy_install command is deprecated setup.py develop --editable --build-directory /home/ubuntu/happy_ws/build/hello/build --no-deps symlink_data
[3.812s] Level 1:colcon.colcon_core.shell:create_environment_hook('hello', 'pythonpath_develop')
[3.813s] INFO:colcon.colcon_core.shell:Creating environment hook '/home/ubuntu/happy_ws/build/hello/share/hello/hook/pythonpath_develop.ps1'
[3.813s] DEBUG:colcon.colcon_core.event_handler.log_command:Invoked command in '/home/ubuntu/happy_ws/build/hello' returned '0': PYTHONPATH=/home/ubuntu/happy_ws/build/hello/prefix_override:/usr/lib/python3/dist-packages/colcon_core/task/python/colcon_distutils_commands:/home/ubuntu/happy_ws/install/hello/lib/python3.10/site-packages:${PYTHONPATH} /usr/bin/python3 -W ignore:setup.py install is deprecated -W ignore:easy_install command is deprecated setup.py develop --editable --build-directory /home/ubuntu/happy_ws/build/hello/build --no-deps symlink_data
[3.814s] INFO:colcon.colcon_core.shell:Creating environment descriptor '/home/ubuntu/happy_ws/build/hello/share/hello/hook/pythonpath_develop.dsv'
[3.815s] INFO:colcon.colcon_core.shell:Creating environment hook '/home/ubuntu/happy_ws/build/hello/share/hello/hook/pythonpath_develop.sh'
[3.822s] Level 1:colcon.colcon_core.environment:checking '/home/ubuntu/happy_ws/install/hello' for CMake module files
[3.823s] Level 1:colcon.colcon_core.environment:checking '/home/ubuntu/happy_ws/install/hello' for CMake config files
[3.828s] Level 1:colcon.colcon_core.environment:checking '/home/ubuntu/happy_ws/install/hello/lib'
[3.828s] Level 1:colcon.colcon_core.environment:checking '/home/ubuntu/happy_ws/install/hello/bin'
[3.828s] Level 1:colcon.colcon_core.environment:checking '/home/ubuntu/happy_ws/install/hello/lib/pkgconfig/hello.pc'
[3.829s] Level 1:colcon.colcon_core.environment:checking '/home/ubuntu/happy_ws/install/hello/lib/python3.10/site-packages'
[3.829s] Level 1:colcon.colcon_core.shell:create_environment_hook('hello', 'pythonpath')
[3.829s] INFO:colcon.colcon_core.shell:Creating environment hook '/home/ubuntu/happy_ws/install/hello/share/hello/hook/pythonpath.ps1'
[3.830s] INFO:colcon.colcon_core.shell:Creating environment descriptor '/home/ubuntu/happy_ws/install/hello/share/hello/hook/pythonpath.dsv'
[3.830s] INFO:colcon.colcon_core.shell:Creating environment hook '/home/ubuntu/happy_ws/install/hello/share/hello/hook/pythonpath.sh'
[3.831s] Level 1:colcon.colcon_core.environment:checking '/home/ubuntu/happy_ws/install/hello/bin'
[3.831s] Level 1:colcon.colcon_core.environment:create_environment_scripts_only(hello)
[3.831s] INFO:colcon.colcon_core.shell:Creating package script '/home/ubuntu/happy_ws/install/hello/share/hello/package.ps1'
[3.832s] INFO:colcon.colcon_core.shell:Creating package descriptor '/home/ubuntu/happy_ws/install/hello/share/hello/package.dsv'
[3.833s] INFO:colcon.colcon_core.shell:Creating package script '/home/ubuntu/happy_ws/install/hello/share/hello/package.sh'
[3.834s] INFO:colcon.colcon_core.shell:Creating package script '/home/ubuntu/happy_ws/install/hello/share/hello/package.bash'
[3.835s] INFO:colcon.colcon_core.shell:Creating package script '/home/ubuntu/happy_ws/install/hello/share/hello/package.zsh'
[3.836s] Level 1:colcon.colcon_core.environment:create_file_with_runtime_dependencies(/home/ubuntu/happy_ws/install/hello/share/colcon-core/packages/hello)
[3.838s] Level 1:colcon.colcon_core.shell:create_environment_hook('my_happy', 'pythonpath_develop')
[3.839s] INFO:colcon.colcon_core.shell:Creating environment hook '/home/ubuntu/happy_ws/build/my_happy/share/my_happy/hook/pythonpath_develop.ps1'
[3.839s] DEBUG:colcon.colcon_core.event_handler.log_command:Invoked command in '/home/ubuntu/happy_ws/build/my_happy' returned '0': PYTHONPATH=/home/ubuntu/happy_ws/build/my_happy/prefix_override:/usr/lib/python3/dist-packages/colcon_core/task/python/colcon_distutils_commands:/home/ubuntu/happy_ws/install/my_happy/lib/python3.10/site-packages:${PYTHONPATH} /usr/bin/python3 -W ignore:setup.py install is deprecated -W ignore:easy_install command is deprecated setup.py develop --editable --build-directory /home/ubuntu/happy_ws/build/my_happy/build --no-deps symlink_data
[3.841s] INFO:colcon.colcon_core.shell:Creating environment descriptor '/home/ubuntu/happy_ws/build/my_happy/share/my_happy/hook/pythonpath_develop.dsv'
[3.841s] INFO:colcon.colcon_core.shell:Creating environment hook '/home/ubuntu/happy_ws/build/my_happy/share/my_happy/hook/pythonpath_develop.sh'
[3.842s] Level 1:colcon.colcon_core.environment:checking '/home/ubuntu/happy_ws/install/my_happy' for CMake module files
[3.843s] Level 1:colcon.colcon_core.environment:checking '/home/ubuntu/happy_ws/install/my_happy' for CMake config files
[3.843s] Level 1:colcon.colcon_core.environment:checking '/home/ubuntu/happy_ws/install/my_happy/lib'
[3.843s] Level 1:colcon.colcon_core.environment:checking '/home/ubuntu/happy_ws/install/my_happy/bin'
[3.844s] Level 1:colcon.colcon_core.environment:checking '/home/ubuntu/happy_ws/install/my_happy/lib/pkgconfig/my_happy.pc'
[3.844s] Level 1:colcon.colcon_core.environment:checking '/home/ubuntu/happy_ws/install/my_happy/lib/python3.10/site-packages'
[3.844s] Level 1:colcon.colcon_core.shell:create_environment_hook('my_happy', 'pythonpath')
[3.844s] INFO:colcon.colcon_core.shell:Creating environment hook '/home/ubuntu/happy_ws/install/my_happy/share/my_happy/hook/pythonpath.ps1'
[3.845s] INFO:colcon.colcon_core.shell:Creating environment descriptor '/home/ubuntu/happy_ws/install/my_happy/share/my_happy/hook/pythonpath.dsv'
[3.846s] INFO:colcon.colcon_core.shell:Creating environment hook '/home/ubuntu/happy_ws/install/my_happy/share/my_happy/hook/pythonpath.sh'
[3.846s] Level 1:colcon.colcon_core.environment:checking '/home/ubuntu/happy_ws/install/my_happy/bin'
[3.846s] Level 1:colcon.colcon_core.environment:create_environment_scripts_only(my_happy)
[3.847s] INFO:colcon.colcon_core.shell:Creating package script '/home/ubuntu/happy_ws/install/my_happy/share/my_happy/package.ps1'
[3.848s] INFO:colcon.colcon_core.shell:Creating package descriptor '/home/ubuntu/happy_ws/install/my_happy/share/my_happy/package.dsv'
[3.848s] INFO:colcon.colcon_core.shell:Creating package script '/home/ubuntu/happy_ws/install/my_happy/share/my_happy/package.sh'
[3.849s] INFO:colcon.colcon_core.shell:Creating package script '/home/ubuntu/happy_ws/install/my_happy/share/my_happy/package.bash'
[3.849s] INFO:colcon.colcon_core.shell:Creating package script '/home/ubuntu/happy_ws/install/my_happy/share/my_happy/package.zsh'
[3.850s] Level 1:colcon.colcon_core.environment:create_file_with_runtime_dependencies(/home/ubuntu/happy_ws/install/my_happy/share/colcon-core/packages/my_happy)
[3.851s] DEBUG:colcon.colcon_parallel_executor.executor.parallel:closing loop
[3.852s] DEBUG:colcon.colcon_parallel_executor.executor.parallel:loop closed
[3.852s] DEBUG:colcon.colcon_parallel_executor.executor.parallel:run_until_complete finished with '0'
[3.852s] DEBUG:colcon.colcon_core.event_reactor:joining thread
[3.864s] INFO:colcon.colcon_core.plugin_system:Skipping extension 'colcon_notification.desktop_notification.terminal_notifier': Not used on non-Darwin systems
[3.864s] INFO:colcon.colcon_core.plugin_system:Skipping extension 'colcon_notification.desktop_notification.win32': Not used on non-Windows systems
[3.864s] INFO:colcon.colcon_notification.desktop_notification:Sending desktop notification using 'notify2'
[4.108s] DEBUG:colcon.colcon_core.event_reactor:joined thread
[4.109s] INFO:colcon.colcon_core.shell:Creating prefix script '/home/ubuntu/happy_ws/install/local_setup.ps1'
[4.110s] INFO:colcon.colcon_core.shell:Creating prefix util module '/home/ubuntu/happy_ws/install/_local_setup_util_ps1.py'
[4.111s] INFO:colcon.colcon_core.shell:Creating prefix chain script '/home/ubuntu/happy_ws/install/setup.ps1'
[4.117s] INFO:colcon.colcon_core.shell:Creating prefix script '/home/ubuntu/happy_ws/install/local_setup.sh'
[4.118s] INFO:colcon.colcon_core.shell:Creating prefix util module '/home/ubuntu/happy_ws/install/_local_setup_util_sh.py'
[4.118s] INFO:colcon.colcon_core.shell:Creating prefix chain script '/home/ubuntu/happy_ws/install/setup.sh'
[4.124s] INFO:colcon.colcon_core.shell:Creating prefix script '/home/ubuntu/happy_ws/install/local_setup.bash'
[4.124s] INFO:colcon.colcon_core.shell:Creating prefix chain script '/home/ubuntu/happy_ws/install/setup.bash'
[4.129s] INFO:colcon.colcon_core.shell:Creating prefix script '/home/ubuntu/happy_ws/install/local_setup.zsh'
[4.129s] INFO:colcon.colcon_core.shell:Creating prefix chain script '/home/ubuntu/happy_ws/install/setup.zsh'
