[0.473s] DEBUG:colcon:Command line arguments: ['/usr/bin/colcon', 'build']
[0.473s] DEBUG:colcon:Parsed command line arguments: Namespace(log_base=None, log_level=None, verb_name='build', build_base='build', install_base='install', merge_install=False, symlink_install=<colcon_core.argument_default.BooleanDefaultValue object at 0x7f381e636860>, test_result_base=None, continue_on_error=False, executor='parallel', parallel_workers=12, event_handlers=None, ignore_user_meta=False, metas=['./colcon.meta'], base_paths=['.'], packages_ignore=None, packages_ignore_regex=None, paths=None, packages_up_to=None, packages_up_to_regex=None, packages_above=None, packages_above_and_dependencies=None, packages_above_depth=None, packages_select_by_dep=None, packages_skip_by_dep=None, packages_skip_up_to=None, packages_select_build_failed=False, packages_skip_build_finished=False, packages_select_test_failures=False, packages_skip_test_passed=False, packages_select=None, packages_skip=None, packages_select_regex=None, packages_skip_regex=None, packages_start=None, packages_end=None, allow_overriding=[], cmake_args=None, cmake_target=None, cmake_target_skip_unavailable=False, cmake_clean_cache=False, cmake_clean_first=False, cmake_force_configure=False, ament_cmake_args=None, catkin_cmake_args=None, catkin_skip_building_tests=False, verb_parser=<colcon_defaults.argument_parser.defaults.DefaultArgumentsDecorator object at 0x7f381e5ce950>, verb_extension=<colcon_core.verb.build.BuildVerb object at 0x7f381e5ce440>, main=<bound method BuildVerb.main of <colcon_core.verb.build.BuildVerb object at 0x7f381e5ce440>>)
[1.129s] Level 1:colcon.colcon_core.package_discovery:discover_packages(colcon_meta) check parameters
[1.129s] Level 1:colcon.colcon_core.package_discovery:discover_packages(recursive) check parameters
[1.129s] Level 1:colcon.colcon_core.package_discovery:discover_packages(ignore) check parameters
[1.129s] Level 1:colcon.colcon_core.package_discovery:discover_packages(path) check parameters
[1.129s] Level 1:colcon.colcon_core.package_discovery:discover_packages(colcon_meta) discover
[1.129s] Level 1:colcon.colcon_core.package_discovery:discover_packages(recursive) discover
[1.129s] INFO:colcon.colcon_core.package_discovery:Crawling recursively for packages in '/home/ubuntu/happy_ws'
[1.130s] Level 1:colcon.colcon_core.package_identification:_identify(.) by extensions ['ignore', 'ignore_ament_install']
[1.130s] Level 1:colcon.colcon_core.package_identification:_identify(.) by extension 'ignore'
[1.130s] Level 1:colcon.colcon_core.package_identification:_identify(.) by extension 'ignore_ament_install'
[1.130s] Level 1:colcon.colcon_core.package_identification:_identify(.) by extensions ['colcon_pkg']
[1.130s] Level 1:colcon.colcon_core.package_identification:_identify(.) by extension 'colcon_pkg'
[1.130s] Level 1:colcon.colcon_core.package_identification:_identify(.) by extensions ['colcon_meta']
[1.130s] Level 1:colcon.colcon_core.package_identification:_identify(.) by extension 'colcon_meta'
[1.130s] Level 1:colcon.colcon_core.package_identification:_identify(.) by extensions ['ros']
[1.130s] Level 1:colcon.colcon_core.package_identification:_identify(.) by extension 'ros'
[1.150s] Level 1:colcon.colcon_core.package_identification:_identify(.) by extensions ['cmake', 'python']
[1.150s] Level 1:colcon.colcon_core.package_identification:_identify(.) by extension 'cmake'
[1.150s] Level 1:colcon.colcon_core.package_identification:_identify(.) by extension 'python'
[1.150s] Level 1:colcon.colcon_core.package_identification:_identify(.) by extensions ['python_setup_py']
[1.150s] Level 1:colcon.colcon_core.package_identification:_identify(.) by extension 'python_setup_py'
[1.150s] Level 1:colcon.colcon_core.package_identification:_identify(build) by extensions ['ignore', 'ignore_ament_install']
[1.150s] Level 1:colcon.colcon_core.package_identification:_identify(build) by extension 'ignore'
[1.150s] Level 1:colcon.colcon_core.package_identification:_identify(build) ignored
[1.150s] Level 1:colcon.colcon_core.package_identification:_identify(happy_ws) by extensions ['ignore', 'ignore_ament_install']
[1.150s] Level 1:colcon.colcon_core.package_identification:_identify(happy_ws) by extension 'ignore'
[1.151s] Level 1:colcon.colcon_core.package_identification:_identify(happy_ws) by extension 'ignore_ament_install'
[1.151s] Level 1:colcon.colcon_core.package_identification:_identify(happy_ws) by extensions ['colcon_pkg']
[1.151s] Level 1:colcon.colcon_core.package_identification:_identify(happy_ws) by extension 'colcon_pkg'
[1.151s] Level 1:colcon.colcon_core.package_identification:_identify(happy_ws) by extensions ['colcon_meta']
[1.151s] Level 1:colcon.colcon_core.package_identification:_identify(happy_ws) by extension 'colcon_meta'
[1.151s] Level 1:colcon.colcon_core.package_identification:_identify(happy_ws) by extensions ['ros']
[1.151s] Level 1:colcon.colcon_core.package_identification:_identify(happy_ws) by extension 'ros'
[1.151s] Level 1:colcon.colcon_core.package_identification:_identify(happy_ws) by extensions ['cmake', 'python']
[1.151s] Level 1:colcon.colcon_core.package_identification:_identify(happy_ws) by extension 'cmake'
[1.151s] Level 1:colcon.colcon_core.package_identification:_identify(happy_ws) by extension 'python'
[1.151s] Level 1:colcon.colcon_core.package_identification:_identify(happy_ws) by extensions ['python_setup_py']
[1.151s] Level 1:colcon.colcon_core.package_identification:_identify(happy_ws) by extension 'python_setup_py'
[1.151s] Level 1:colcon.colcon_core.package_identification:_identify(install) by extensions ['ignore', 'ignore_ament_install']
[1.151s] Level 1:colcon.colcon_core.package_identification:_identify(install) by extension 'ignore'
[1.151s] Level 1:colcon.colcon_core.package_identification:_identify(install) ignored
[1.151s] Level 1:colcon.colcon_core.package_identification:_identify(log) by extensions ['ignore', 'ignore_ament_install']
[1.152s] Level 1:colcon.colcon_core.package_identification:_identify(log) by extension 'ignore'
[1.152s] Level 1:colcon.colcon_core.package_identification:_identify(log) ignored
[1.152s] Level 1:colcon.colcon_core.package_identification:_identify(src) by extensions ['ignore', 'ignore_ament_install']
[1.152s] Level 1:colcon.colcon_core.package_identification:_identify(src) by extension 'ignore'
[1.152s] Level 1:colcon.colcon_core.package_identification:_identify(src) by extension 'ignore_ament_install'
[1.152s] Level 1:colcon.colcon_core.package_identification:_identify(src) by extensions ['colcon_pkg']
[1.152s] Level 1:colcon.colcon_core.package_identification:_identify(src) by extension 'colcon_pkg'
[1.152s] Level 1:colcon.colcon_core.package_identification:_identify(src) by extensions ['colcon_meta']
[1.152s] Level 1:colcon.colcon_core.package_identification:_identify(src) by extension 'colcon_meta'
[1.152s] Level 1:colcon.colcon_core.package_identification:_identify(src) by extensions ['ros']
[1.152s] Level 1:colcon.colcon_core.package_identification:_identify(src) by extension 'ros'
[1.152s] Level 1:colcon.colcon_core.package_identification:_identify(src) by extensions ['cmake', 'python']
[1.152s] Level 1:colcon.colcon_core.package_identification:_identify(src) by extension 'cmake'
[1.153s] Level 1:colcon.colcon_core.package_identification:_identify(src) by extension 'python'
[1.153s] Level 1:colcon.colcon_core.package_identification:_identify(src) by extensions ['python_setup_py']
[1.153s] Level 1:colcon.colcon_core.package_identification:_identify(src) by extension 'python_setup_py'
[1.153s] Level 1:colcon.colcon_core.package_identification:_identify(src/chapter2) by extensions ['ignore', 'ignore_ament_install']
[1.153s] Level 1:colcon.colcon_core.package_identification:_identify(src/chapter2) by extension 'ignore'
[1.153s] Level 1:colcon.colcon_core.package_identification:_identify(src/chapter2) by extension 'ignore_ament_install'
[1.153s] Level 1:colcon.colcon_core.package_identification:_identify(src/chapter2) by extensions ['colcon_pkg']
[1.153s] Level 1:colcon.colcon_core.package_identification:_identify(src/chapter2) by extension 'colcon_pkg'
[1.153s] Level 1:colcon.colcon_core.package_identification:_identify(src/chapter2) by extensions ['colcon_meta']
[1.153s] Level 1:colcon.colcon_core.package_identification:_identify(src/chapter2) by extension 'colcon_meta'
[1.153s] Level 1:colcon.colcon_core.package_identification:_identify(src/chapter2) by extensions ['ros']
[1.153s] Level 1:colcon.colcon_core.package_identification:_identify(src/chapter2) by extension 'ros'
[1.154s] Level 1:colcon.colcon_core.package_identification:_identify(src/chapter2) by extensions ['cmake', 'python']
[1.154s] Level 1:colcon.colcon_core.package_identification:_identify(src/chapter2) by extension 'cmake'
[1.154s] Level 1:colcon.colcon_core.package_identification:_identify(src/chapter2) by extension 'python'
[1.154s] Level 1:colcon.colcon_core.package_identification:_identify(src/chapter2) by extensions ['python_setup_py']
[1.154s] Level 1:colcon.colcon_core.package_identification:_identify(src/chapter2) by extension 'python_setup_py'
[1.154s] Level 1:colcon.colcon_core.package_identification:_identify(src/chapter2/hello) by extensions ['ignore', 'ignore_ament_install']
[1.154s] Level 1:colcon.colcon_core.package_identification:_identify(src/chapter2/hello) by extension 'ignore'
[1.154s] Level 1:colcon.colcon_core.package_identification:_identify(src/chapter2/hello) by extension 'ignore_ament_install'
[1.155s] Level 1:colcon.colcon_core.package_identification:_identify(src/chapter2/hello) by extensions ['colcon_pkg']
[1.155s] Level 1:colcon.colcon_core.package_identification:_identify(src/chapter2/hello) by extension 'colcon_pkg'
[1.155s] Level 1:colcon.colcon_core.package_identification:_identify(src/chapter2/hello) by extensions ['colcon_meta']
[1.155s] Level 1:colcon.colcon_core.package_identification:_identify(src/chapter2/hello) by extension 'colcon_meta'
[1.155s] Level 1:colcon.colcon_core.package_identification:_identify(src/chapter2/hello) by extensions ['ros']
[1.155s] Level 1:colcon.colcon_core.package_identification:_identify(src/chapter2/hello) by extension 'ros'
[1.160s] DEBUG:colcon.colcon_core.package_identification:Package 'src/chapter2/hello' with type 'ros.ament_python' and name 'hello'
[1.160s] Level 1:colcon.colcon_core.package_identification:_identify(src/chapter2/my_happy) by extensions ['ignore', 'ignore_ament_install']
[1.160s] Level 1:colcon.colcon_core.package_identification:_identify(src/chapter2/my_happy) by extension 'ignore'
[1.160s] Level 1:colcon.colcon_core.package_identification:_identify(src/chapter2/my_happy) by extension 'ignore_ament_install'
[1.160s] Level 1:colcon.colcon_core.package_identification:_identify(src/chapter2/my_happy) by extensions ['colcon_pkg']
[1.160s] Level 1:colcon.colcon_core.package_identification:_identify(src/chapter2/my_happy) by extension 'colcon_pkg'
[1.160s] Level 1:colcon.colcon_core.package_identification:_identify(src/chapter2/my_happy) by extensions ['colcon_meta']
[1.160s] Level 1:colcon.colcon_core.package_identification:_identify(src/chapter2/my_happy) by extension 'colcon_meta'
[1.160s] Level 1:colcon.colcon_core.package_identification:_identify(src/chapter2/my_happy) by extensions ['ros']
[1.160s] Level 1:colcon.colcon_core.package_identification:_identify(src/chapter2/my_happy) by extension 'ros'
[1.161s] DEBUG:colcon.colcon_core.package_identification:Package 'src/chapter2/my_happy' with type 'ros.ament_python' and name 'my_happy'
[1.162s] Level 1:colcon.colcon_core.package_identification:_identify(src/chapter2/my_happy_topic) by extensions ['ignore', 'ignore_ament_install']
[1.162s] Level 1:colcon.colcon_core.package_identification:_identify(src/chapter2/my_happy_topic) by extension 'ignore'
[1.162s] Level 1:colcon.colcon_core.package_identification:_identify(src/chapter2/my_happy_topic) by extension 'ignore_ament_install'
[1.162s] Level 1:colcon.colcon_core.package_identification:_identify(src/chapter2/my_happy_topic) by extensions ['colcon_pkg']
[1.162s] Level 1:colcon.colcon_core.package_identification:_identify(src/chapter2/my_happy_topic) by extension 'colcon_pkg'
[1.162s] Level 1:colcon.colcon_core.package_identification:_identify(src/chapter2/my_happy_topic) by extensions ['colcon_meta']
[1.162s] Level 1:colcon.colcon_core.package_identification:_identify(src/chapter2/my_happy_topic) by extension 'colcon_meta'
[1.162s] Level 1:colcon.colcon_core.package_identification:_identify(src/chapter2/my_happy_topic) by extensions ['ros']
[1.162s] Level 1:colcon.colcon_core.package_identification:_identify(src/chapter2/my_happy_topic) by extension 'ros'
[1.163s] DEBUG:colcon.colcon_core.package_identification:Package 'src/chapter2/my_happy_topic' with type 'ros.ament_python' and name 'my_happy_topic'
[1.163s] Level 1:colcon.colcon_core.package_identification:_identify(src/chapter2/my_time_topic) by extensions ['ignore', 'ignore_ament_install']
[1.163s] Level 1:colcon.colcon_core.package_identification:_identify(src/chapter2/my_time_topic) by extension 'ignore'
[1.163s] Level 1:colcon.colcon_core.package_identification:_identify(src/chapter2/my_time_topic) by extension 'ignore_ament_install'
[1.163s] Level 1:colcon.colcon_core.package_identification:_identify(src/chapter2/my_time_topic) by extensions ['colcon_pkg']
[1.164s] Level 1:colcon.colcon_core.package_identification:_identify(src/chapter2/my_time_topic) by extension 'colcon_pkg'
[1.164s] Level 1:colcon.colcon_core.package_identification:_identify(src/chapter2/my_time_topic) by extensions ['colcon_meta']
[1.164s] Level 1:colcon.colcon_core.package_identification:_identify(src/chapter2/my_time_topic) by extension 'colcon_meta'
[1.164s] Level 1:colcon.colcon_core.package_identification:_identify(src/chapter2/my_time_topic) by extensions ['ros']
[1.164s] Level 1:colcon.colcon_core.package_identification:_identify(src/chapter2/my_time_topic) by extension 'ros'
[1.165s] DEBUG:colcon.colcon_core.package_identification:Package 'src/chapter2/my_time_topic' with type 'ros.ament_python' and name 'my_time_topic'
[1.165s] Level 1:colcon.colcon_core.package_identification:_identify(tests) by extensions ['ignore', 'ignore_ament_install']
[1.165s] Level 1:colcon.colcon_core.package_identification:_identify(tests) by extension 'ignore'
[1.165s] Level 1:colcon.colcon_core.package_identification:_identify(tests) by extension 'ignore_ament_install'
[1.165s] Level 1:colcon.colcon_core.package_identification:_identify(tests) by extensions ['colcon_pkg']
[1.165s] Level 1:colcon.colcon_core.package_identification:_identify(tests) by extension 'colcon_pkg'
[1.165s] Level 1:colcon.colcon_core.package_identification:_identify(tests) by extensions ['colcon_meta']
[1.165s] Level 1:colcon.colcon_core.package_identification:_identify(tests) by extension 'colcon_meta'
[1.165s] Level 1:colcon.colcon_core.package_identification:_identify(tests) by extensions ['ros']
[1.165s] Level 1:colcon.colcon_core.package_identification:_identify(tests) by extension 'ros'
[1.166s] Level 1:colcon.colcon_core.package_identification:_identify(tests) by extensions ['cmake', 'python']
[1.166s] Level 1:colcon.colcon_core.package_identification:_identify(tests) by extension 'cmake'
[1.166s] Level 1:colcon.colcon_core.package_identification:_identify(tests) by extension 'python'
[1.166s] Level 1:colcon.colcon_core.package_identification:_identify(tests) by extensions ['python_setup_py']
[1.166s] Level 1:colcon.colcon_core.package_identification:_identify(tests) by extension 'python_setup_py'
[1.166s] Level 1:colcon.colcon_core.package_discovery:discover_packages(recursive) using defaults
[1.166s] Level 1:colcon.colcon_core.package_discovery:discover_packages(ignore) discover
[1.166s] Level 1:colcon.colcon_core.package_discovery:discover_packages(ignore) using defaults
[1.166s] Level 1:colcon.colcon_core.package_discovery:discover_packages(path) discover
[1.166s] Level 1:colcon.colcon_core.package_discovery:discover_packages(path) using defaults
[1.220s] Level 1:colcon.colcon_core.package_discovery:discover_packages(prefix_path) check parameters
[1.220s] Level 1:colcon.colcon_core.package_discovery:discover_packages(prefix_path) discover
[1.272s] DEBUG:colcon.colcon_installed_package_information.package_discovery:Found 5 installed packages in /home/ubuntu/happy_ws/install
[1.276s] DEBUG:colcon.colcon_installed_package_information.package_discovery:Found 67 installed packages in /home/ubuntu/airobot_ws/install
[1.279s] DEBUG:colcon.colcon_installed_package_information.package_discovery:Found 456 installed packages in /opt/ros/humble
[1.283s] Level 1:colcon.colcon_core.package_discovery:discover_packages(prefix_path) using defaults
[1.456s] Level 5:colcon.colcon_core.verb:set package 'hello' build argument 'cmake_args' from command line to 'None'
[1.456s] Level 5:colcon.colcon_core.verb:set package 'hello' build argument 'cmake_target' from command line to 'None'
[1.456s] Level 5:colcon.colcon_core.verb:set package 'hello' build argument 'cmake_target_skip_unavailable' from command line to 'False'
[1.456s] Level 5:colcon.colcon_core.verb:set package 'hello' build argument 'cmake_clean_cache' from command line to 'False'
[1.456s] Level 5:colcon.colcon_core.verb:set package 'hello' build argument 'cmake_clean_first' from command line to 'False'
[1.456s] Level 5:colcon.colcon_core.verb:set package 'hello' build argument 'cmake_force_configure' from command line to 'False'
[1.456s] Level 5:colcon.colcon_core.verb:set package 'hello' build argument 'ament_cmake_args' from command line to 'None'
[1.456s] Level 5:colcon.colcon_core.verb:set package 'hello' build argument 'catkin_cmake_args' from command line to 'None'
[1.456s] Level 5:colcon.colcon_core.verb:set package 'hello' build argument 'catkin_skip_building_tests' from command line to 'False'
[1.457s] DEBUG:colcon.colcon_core.verb:Building package 'hello' with the following arguments: {'ament_cmake_args': None, 'build_base': '/home/ubuntu/happy_ws/build/hello', 'catkin_cmake_args': None, 'catkin_skip_building_tests': False, 'cmake_args': None, 'cmake_clean_cache': False, 'cmake_clean_first': False, 'cmake_force_configure': False, 'cmake_target': None, 'cmake_target_skip_unavailable': False, 'install_base': '/home/ubuntu/happy_ws/install/hello', 'merge_install': False, 'path': '/home/ubuntu/happy_ws/src/chapter2/hello', 'symlink_install': <colcon_core.argument_default.BooleanDefaultValue object at 0x7f381e636860>, 'test_result_base': None}
[1.457s] Level 5:colcon.colcon_core.verb:set package 'my_happy' build argument 'cmake_args' from command line to 'None'
[1.457s] Level 5:colcon.colcon_core.verb:set package 'my_happy' build argument 'cmake_target' from command line to 'None'
[1.457s] Level 5:colcon.colcon_core.verb:set package 'my_happy' build argument 'cmake_target_skip_unavailable' from command line to 'False'
[1.457s] Level 5:colcon.colcon_core.verb:set package 'my_happy' build argument 'cmake_clean_cache' from command line to 'False'
[1.457s] Level 5:colcon.colcon_core.verb:set package 'my_happy' build argument 'cmake_clean_first' from command line to 'False'
[1.457s] Level 5:colcon.colcon_core.verb:set package 'my_happy' build argument 'cmake_force_configure' from command line to 'False'
[1.457s] Level 5:colcon.colcon_core.verb:set package 'my_happy' build argument 'ament_cmake_args' from command line to 'None'
[1.457s] Level 5:colcon.colcon_core.verb:set package 'my_happy' build argument 'catkin_cmake_args' from command line to 'None'
[1.457s] Level 5:colcon.colcon_core.verb:set package 'my_happy' build argument 'catkin_skip_building_tests' from command line to 'False'
[1.457s] DEBUG:colcon.colcon_core.verb:Building package 'my_happy' with the following arguments: {'ament_cmake_args': None, 'build_base': '/home/ubuntu/happy_ws/build/my_happy', 'catkin_cmake_args': None, 'catkin_skip_building_tests': False, 'cmake_args': None, 'cmake_clean_cache': False, 'cmake_clean_first': False, 'cmake_force_configure': False, 'cmake_target': None, 'cmake_target_skip_unavailable': False, 'install_base': '/home/ubuntu/happy_ws/install/my_happy', 'merge_install': False, 'path': '/home/ubuntu/happy_ws/src/chapter2/my_happy', 'symlink_install': <colcon_core.argument_default.BooleanDefaultValue object at 0x7f381e636860>, 'test_result_base': None}
[1.458s] Level 5:colcon.colcon_core.verb:set package 'my_happy_topic' build argument 'cmake_args' from command line to 'None'
[1.458s] Level 5:colcon.colcon_core.verb:set package 'my_happy_topic' build argument 'cmake_target' from command line to 'None'
[1.458s] Level 5:colcon.colcon_core.verb:set package 'my_happy_topic' build argument 'cmake_target_skip_unavailable' from command line to 'False'
[1.458s] Level 5:colcon.colcon_core.verb:set package 'my_happy_topic' build argument 'cmake_clean_cache' from command line to 'False'
[1.458s] Level 5:colcon.colcon_core.verb:set package 'my_happy_topic' build argument 'cmake_clean_first' from command line to 'False'
[1.458s] Level 5:colcon.colcon_core.verb:set package 'my_happy_topic' build argument 'cmake_force_configure' from command line to 'False'
[1.458s] Level 5:colcon.colcon_core.verb:set package 'my_happy_topic' build argument 'ament_cmake_args' from command line to 'None'
[1.458s] Level 5:colcon.colcon_core.verb:set package 'my_happy_topic' build argument 'catkin_cmake_args' from command line to 'None'
[1.458s] Level 5:colcon.colcon_core.verb:set package 'my_happy_topic' build argument 'catkin_skip_building_tests' from command line to 'False'
[1.458s] DEBUG:colcon.colcon_core.verb:Building package 'my_happy_topic' with the following arguments: {'ament_cmake_args': None, 'build_base': '/home/ubuntu/happy_ws/build/my_happy_topic', 'catkin_cmake_args': None, 'catkin_skip_building_tests': False, 'cmake_args': None, 'cmake_clean_cache': False, 'cmake_clean_first': False, 'cmake_force_configure': False, 'cmake_target': None, 'cmake_target_skip_unavailable': False, 'install_base': '/home/ubuntu/happy_ws/install/my_happy_topic', 'merge_install': False, 'path': '/home/ubuntu/happy_ws/src/chapter2/my_happy_topic', 'symlink_install': <colcon_core.argument_default.BooleanDefaultValue object at 0x7f381e636860>, 'test_result_base': None}
[1.459s] Level 5:colcon.colcon_core.verb:set package 'my_time_topic' build argument 'cmake_args' from command line to 'None'
[1.459s] Level 5:colcon.colcon_core.verb:set package 'my_time_topic' build argument 'cmake_target' from command line to 'None'
[1.459s] Level 5:colcon.colcon_core.verb:set package 'my_time_topic' build argument 'cmake_target_skip_unavailable' from command line to 'False'
[1.459s] Level 5:colcon.colcon_core.verb:set package 'my_time_topic' build argument 'cmake_clean_cache' from command line to 'False'
[1.459s] Level 5:colcon.colcon_core.verb:set package 'my_time_topic' build argument 'cmake_clean_first' from command line to 'False'
[1.459s] Level 5:colcon.colcon_core.verb:set package 'my_time_topic' build argument 'cmake_force_configure' from command line to 'False'
[1.459s] Level 5:colcon.colcon_core.verb:set package 'my_time_topic' build argument 'ament_cmake_args' from command line to 'None'
[1.459s] Level 5:colcon.colcon_core.verb:set package 'my_time_topic' build argument 'catkin_cmake_args' from command line to 'None'
[1.459s] Level 5:colcon.colcon_core.verb:set package 'my_time_topic' build argument 'catkin_skip_building_tests' from command line to 'False'
[1.459s] DEBUG:colcon.colcon_core.verb:Building package 'my_time_topic' with the following arguments: {'ament_cmake_args': None, 'build_base': '/home/ubuntu/happy_ws/build/my_time_topic', 'catkin_cmake_args': None, 'catkin_skip_building_tests': False, 'cmake_args': None, 'cmake_clean_cache': False, 'cmake_clean_first': False, 'cmake_force_configure': False, 'cmake_target': None, 'cmake_target_skip_unavailable': False, 'install_base': '/home/ubuntu/happy_ws/install/my_time_topic', 'merge_install': False, 'path': '/home/ubuntu/happy_ws/src/chapter2/my_time_topic', 'symlink_install': <colcon_core.argument_default.BooleanDefaultValue object at 0x7f381e636860>, 'test_result_base': None}
[1.459s] INFO:colcon.colcon_core.executor:Executing jobs using 'parallel' executor
[1.460s] DEBUG:colcon.colcon_parallel_executor.executor.parallel:run_until_complete
[1.461s] INFO:colcon.colcon_ros.task.ament_python.build:Building ROS package in '/home/ubuntu/happy_ws/src/chapter2/hello' with build type 'ament_python'
[1.461s] Level 1:colcon.colcon_core.shell:create_environment_hook('hello', 'ament_prefix_path')
[1.473s] INFO:colcon.colcon_core.plugin_system:Skipping extension 'colcon_core.shell.bat': Not used on non-Windows systems
[1.473s] INFO:colcon.colcon_core.shell:Creating environment hook '/home/ubuntu/happy_ws/install/hello/share/hello/hook/ament_prefix_path.ps1'
[1.475s] INFO:colcon.colcon_core.shell:Creating environment descriptor '/home/ubuntu/happy_ws/install/hello/share/hello/hook/ament_prefix_path.dsv'
[1.476s] INFO:colcon.colcon_core.shell:Creating environment hook '/home/ubuntu/happy_ws/install/hello/share/hello/hook/ament_prefix_path.sh'
[1.477s] INFO:colcon.colcon_core.shell:Skip shell extension 'powershell' for command environment: Not usable outside of PowerShell
[1.477s] DEBUG:colcon.colcon_core.shell:Skip shell extension 'dsv' for command environment
[1.490s] INFO:colcon.colcon_ros.task.ament_python.build:Building ROS package in '/home/ubuntu/happy_ws/src/chapter2/my_happy' with build type 'ament_python'
[1.490s] Level 1:colcon.colcon_core.shell:create_environment_hook('my_happy', 'ament_prefix_path')
[1.491s] INFO:colcon.colcon_core.shell:Creating environment hook '/home/ubuntu/happy_ws/install/my_happy/share/my_happy/hook/ament_prefix_path.ps1'
[1.492s] INFO:colcon.colcon_core.shell:Creating environment descriptor '/home/ubuntu/happy_ws/install/my_happy/share/my_happy/hook/ament_prefix_path.dsv'
[1.492s] INFO:colcon.colcon_core.shell:Creating environment hook '/home/ubuntu/happy_ws/install/my_happy/share/my_happy/hook/ament_prefix_path.sh'
[1.493s] INFO:colcon.colcon_core.shell:Skip shell extension 'powershell' for command environment: Not usable outside of PowerShell
[1.493s] DEBUG:colcon.colcon_core.shell:Skip shell extension 'dsv' for command environment
[1.505s] INFO:colcon.colcon_ros.task.ament_python.build:Building ROS package in '/home/ubuntu/happy_ws/src/chapter2/my_happy_topic' with build type 'ament_python'
[1.505s] Level 1:colcon.colcon_core.shell:create_environment_hook('my_happy_topic', 'ament_prefix_path')
[1.506s] INFO:colcon.colcon_core.shell:Creating environment hook '/home/ubuntu/happy_ws/install/my_happy_topic/share/my_happy_topic/hook/ament_prefix_path.ps1'
[1.506s] INFO:colcon.colcon_core.shell:Creating environment descriptor '/home/ubuntu/happy_ws/install/my_happy_topic/share/my_happy_topic/hook/ament_prefix_path.dsv'
[1.507s] INFO:colcon.colcon_core.shell:Creating environment hook '/home/ubuntu/happy_ws/install/my_happy_topic/share/my_happy_topic/hook/ament_prefix_path.sh'
[1.507s] INFO:colcon.colcon_core.shell:Skip shell extension 'powershell' for command environment: Not usable outside of PowerShell
[1.507s] DEBUG:colcon.colcon_core.shell:Skip shell extension 'dsv' for command environment
[1.520s] INFO:colcon.colcon_ros.task.ament_python.build:Building ROS package in '/home/ubuntu/happy_ws/src/chapter2/my_time_topic' with build type 'ament_python'
[1.520s] Level 1:colcon.colcon_core.shell:create_environment_hook('my_time_topic', 'ament_prefix_path')
[1.521s] INFO:colcon.colcon_core.shell:Creating environment hook '/home/ubuntu/happy_ws/install/my_time_topic/share/my_time_topic/hook/ament_prefix_path.ps1'
[1.522s] INFO:colcon.colcon_core.shell:Creating environment descriptor '/home/ubuntu/happy_ws/install/my_time_topic/share/my_time_topic/hook/ament_prefix_path.dsv'
[1.522s] INFO:colcon.colcon_core.shell:Creating environment hook '/home/ubuntu/happy_ws/install/my_time_topic/share/my_time_topic/hook/ament_prefix_path.sh'
[1.523s] INFO:colcon.colcon_core.shell:Skip shell extension 'powershell' for command environment: Not usable outside of PowerShell
[1.524s] DEBUG:colcon.colcon_core.shell:Skip shell extension 'dsv' for command environment
[2.136s] INFO:colcon.colcon_core.task.python.build:Building Python package in '/home/ubuntu/happy_ws/src/chapter2/hello'
[2.136s] INFO:colcon.colcon_core.shell:Skip shell extension 'powershell' for command environment: Not usable outside of PowerShell
[2.136s] DEBUG:colcon.colcon_core.shell:Skip shell extension 'dsv' for command environment
[2.703s] INFO:colcon.colcon_core.task.python.build:Building Python package in '/home/ubuntu/happy_ws/src/chapter2/my_happy'
[2.704s] INFO:colcon.colcon_core.shell:Skip shell extension 'powershell' for command environment: Not usable outside of PowerShell
[2.704s] DEBUG:colcon.colcon_core.shell:Skip shell extension 'dsv' for command environment
[3.268s] INFO:colcon.colcon_core.task.python.build:Building Python package in '/home/ubuntu/happy_ws/src/chapter2/my_happy_topic'
[3.268s] INFO:colcon.colcon_core.shell:Skip shell extension 'powershell' for command environment: Not usable outside of PowerShell
[3.268s] DEBUG:colcon.colcon_core.shell:Skip shell extension 'dsv' for command environment
[3.844s] INFO:colcon.colcon_core.task.python.build:Building Python package in '/home/ubuntu/happy_ws/src/chapter2/my_time_topic'
[3.844s] INFO:colcon.colcon_core.shell:Skip shell extension 'powershell' for command environment: Not usable outside of PowerShell
[3.844s] DEBUG:colcon.colcon_core.shell:Skip shell extension 'dsv' for command environment
[2.935s] DEBUG:colcon.colcon_core.event_handler.log_command:Invoking command in '/home/ubuntu/happy_ws/build/my_happy_topic': PYTHONPATH=/home/ubuntu/happy_ws/build/my_happy_topic/prefix_override:/usr/lib/python3/dist-packages/colcon_core/task/python/colcon_distutils_commands:/home/ubuntu/happy_ws/install/my_happy_topic/lib/python3.10/site-packages:${PYTHONPATH} /usr/bin/python3 -W ignore:setup.py install is deprecated -W ignore:easy_install command is deprecated setup.py develop --editable --build-directory /home/ubuntu/happy_ws/build/my_happy_topic/build --no-deps symlink_data
[2.948s] DEBUG:colcon.colcon_core.event_handler.log_command:Invoking command in '/home/ubuntu/happy_ws/build/my_time_topic': PYTHONPATH=/home/ubuntu/happy_ws/build/my_time_topic/prefix_override:/usr/lib/python3/dist-packages/colcon_core/task/python/colcon_distutils_commands:/home/ubuntu/happy_ws/install/my_time_topic/lib/python3.10/site-packages:${PYTHONPATH} /usr/bin/python3 -W ignore:setup.py install is deprecated -W ignore:easy_install command is deprecated setup.py develop --editable --build-directory /home/ubuntu/happy_ws/build/my_time_topic/build --no-deps symlink_data
[2.957s] DEBUG:colcon.colcon_core.event_handler.log_command:Invoking command in '/home/ubuntu/happy_ws/build/hello': PYTHONPATH=/home/ubuntu/happy_ws/build/hello/prefix_override:/usr/lib/python3/dist-packages/colcon_core/task/python/colcon_distutils_commands:/home/ubuntu/happy_ws/install/hello/lib/python3.10/site-packages:${PYTHONPATH} /usr/bin/python3 -W ignore:setup.py install is deprecated -W ignore:easy_install command is deprecated setup.py develop --editable --build-directory /home/ubuntu/happy_ws/build/hello/build --no-deps symlink_data
[2.959s] DEBUG:colcon.colcon_core.event_handler.log_command:Invoking command in '/home/ubuntu/happy_ws/build/my_happy': PYTHONPATH=/home/ubuntu/happy_ws/build/my_happy/prefix_override:/usr/lib/python3/dist-packages/colcon_core/task/python/colcon_distutils_commands:/home/ubuntu/happy_ws/install/my_happy/lib/python3.10/site-packages:${PYTHONPATH} /usr/bin/python3 -W ignore:setup.py install is deprecated -W ignore:easy_install command is deprecated setup.py develop --editable --build-directory /home/ubuntu/happy_ws/build/my_happy/build --no-deps symlink_data
[4.103s] Level 1:colcon.colcon_core.shell:create_environment_hook('my_happy_topic', 'pythonpath_develop')
[4.104s] INFO:colcon.colcon_core.shell:Creating environment hook '/home/ubuntu/happy_ws/build/my_happy_topic/share/my_happy_topic/hook/pythonpath_develop.ps1'
[4.105s] DEBUG:colcon.colcon_core.event_handler.log_command:Invoked command in '/home/ubuntu/happy_ws/build/my_happy_topic' returned '0': PYTHONPATH=/home/ubuntu/happy_ws/build/my_happy_topic/prefix_override:/usr/lib/python3/dist-packages/colcon_core/task/python/colcon_distutils_commands:/home/ubuntu/happy_ws/install/my_happy_topic/lib/python3.10/site-packages:${PYTHONPATH} /usr/bin/python3 -W ignore:setup.py install is deprecated -W ignore:easy_install command is deprecated setup.py develop --editable --build-directory /home/ubuntu/happy_ws/build/my_happy_topic/build --no-deps symlink_data
[4.105s] INFO:colcon.colcon_core.shell:Creating environment descriptor '/home/ubuntu/happy_ws/build/my_happy_topic/share/my_happy_topic/hook/pythonpath_develop.dsv'
[4.106s] INFO:colcon.colcon_core.shell:Creating environment hook '/home/ubuntu/happy_ws/build/my_happy_topic/share/my_happy_topic/hook/pythonpath_develop.sh'
[4.123s] Level 1:colcon.colcon_core.environment:checking '/home/ubuntu/happy_ws/install/my_happy_topic' for CMake module files
[4.124s] Level 1:colcon.colcon_core.environment:checking '/home/ubuntu/happy_ws/install/my_happy_topic' for CMake config files
[4.125s] Level 1:colcon.colcon_core.environment:checking '/home/ubuntu/happy_ws/install/my_happy_topic/lib'
[4.125s] Level 1:colcon.colcon_core.environment:checking '/home/ubuntu/happy_ws/install/my_happy_topic/bin'
[4.125s] Level 1:colcon.colcon_core.environment:checking '/home/ubuntu/happy_ws/install/my_happy_topic/lib/pkgconfig/my_happy_topic.pc'
[4.126s] Level 1:colcon.colcon_core.environment:checking '/home/ubuntu/happy_ws/install/my_happy_topic/lib/python3.10/site-packages'
[4.126s] Level 1:colcon.colcon_core.shell:create_environment_hook('my_happy_topic', 'pythonpath')
[4.126s] INFO:colcon.colcon_core.shell:Creating environment hook '/home/ubuntu/happy_ws/install/my_happy_topic/share/my_happy_topic/hook/pythonpath.ps1'
[4.127s] INFO:colcon.colcon_core.shell:Creating environment descriptor '/home/ubuntu/happy_ws/install/my_happy_topic/share/my_happy_topic/hook/pythonpath.dsv'
[4.128s] INFO:colcon.colcon_core.shell:Creating environment hook '/home/ubuntu/happy_ws/install/my_happy_topic/share/my_happy_topic/hook/pythonpath.sh'
[4.129s] Level 1:colcon.colcon_core.environment:checking '/home/ubuntu/happy_ws/install/my_happy_topic/bin'
[4.129s] Level 1:colcon.colcon_core.environment:create_environment_scripts_only(my_happy_topic)
[4.130s] INFO:colcon.colcon_core.shell:Creating package script '/home/ubuntu/happy_ws/install/my_happy_topic/share/my_happy_topic/package.ps1'
[4.132s] INFO:colcon.colcon_core.shell:Creating package descriptor '/home/ubuntu/happy_ws/install/my_happy_topic/share/my_happy_topic/package.dsv'
[4.133s] INFO:colcon.colcon_core.shell:Creating package script '/home/ubuntu/happy_ws/install/my_happy_topic/share/my_happy_topic/package.sh'
[4.134s] INFO:colcon.colcon_core.shell:Creating package script '/home/ubuntu/happy_ws/install/my_happy_topic/share/my_happy_topic/package.bash'
[4.136s] INFO:colcon.colcon_core.shell:Creating package script '/home/ubuntu/happy_ws/install/my_happy_topic/share/my_happy_topic/package.zsh'
[4.137s] Level 1:colcon.colcon_core.environment:create_file_with_runtime_dependencies(/home/ubuntu/happy_ws/install/my_happy_topic/share/colcon-core/packages/my_happy_topic)
[4.141s] Level 1:colcon.colcon_core.shell:create_environment_hook('my_time_topic', 'pythonpath_develop')
[4.141s] INFO:colcon.colcon_core.shell:Creating environment hook '/home/ubuntu/happy_ws/build/my_time_topic/share/my_time_topic/hook/pythonpath_develop.ps1'
[4.142s] DEBUG:colcon.colcon_core.event_handler.log_command:Invoked command in '/home/ubuntu/happy_ws/build/my_time_topic' returned '0': PYTHONPATH=/home/ubuntu/happy_ws/build/my_time_topic/prefix_override:/usr/lib/python3/dist-packages/colcon_core/task/python/colcon_distutils_commands:/home/ubuntu/happy_ws/install/my_time_topic/lib/python3.10/site-packages:${PYTHONPATH} /usr/bin/python3 -W ignore:setup.py install is deprecated -W ignore:easy_install command is deprecated setup.py develop --editable --build-directory /home/ubuntu/happy_ws/build/my_time_topic/build --no-deps symlink_data
[4.143s] INFO:colcon.colcon_core.shell:Creating environment descriptor '/home/ubuntu/happy_ws/build/my_time_topic/share/my_time_topic/hook/pythonpath_develop.dsv'
[4.143s] INFO:colcon.colcon_core.shell:Creating environment hook '/home/ubuntu/happy_ws/build/my_time_topic/share/my_time_topic/hook/pythonpath_develop.sh'
[4.144s] Level 1:colcon.colcon_core.environment:checking '/home/ubuntu/happy_ws/install/my_time_topic' for CMake module files
[4.145s] Level 1:colcon.colcon_core.environment:checking '/home/ubuntu/happy_ws/install/my_time_topic' for CMake config files
[4.145s] Level 1:colcon.colcon_core.environment:checking '/home/ubuntu/happy_ws/install/my_time_topic/lib'
[4.146s] Level 1:colcon.colcon_core.environment:checking '/home/ubuntu/happy_ws/install/my_time_topic/bin'
[4.146s] Level 1:colcon.colcon_core.environment:checking '/home/ubuntu/happy_ws/install/my_time_topic/lib/pkgconfig/my_time_topic.pc'
[4.146s] Level 1:colcon.colcon_core.environment:checking '/home/ubuntu/happy_ws/install/my_time_topic/lib/python3.10/site-packages'
[4.146s] Level 1:colcon.colcon_core.shell:create_environment_hook('my_time_topic', 'pythonpath')
[4.146s] INFO:colcon.colcon_core.shell:Creating environment hook '/home/ubuntu/happy_ws/install/my_time_topic/share/my_time_topic/hook/pythonpath.ps1'
[4.147s] INFO:colcon.colcon_core.shell:Creating environment descriptor '/home/ubuntu/happy_ws/install/my_time_topic/share/my_time_topic/hook/pythonpath.dsv'
[4.147s] INFO:colcon.colcon_core.shell:Creating environment hook '/home/ubuntu/happy_ws/install/my_time_topic/share/my_time_topic/hook/pythonpath.sh'
[4.148s] Level 1:colcon.colcon_core.environment:checking '/home/ubuntu/happy_ws/install/my_time_topic/bin'
[4.148s] Level 1:colcon.colcon_core.environment:create_environment_scripts_only(my_time_topic)
[4.149s] INFO:colcon.colcon_core.shell:Creating package script '/home/ubuntu/happy_ws/install/my_time_topic/share/my_time_topic/package.ps1'
[4.149s] INFO:colcon.colcon_core.shell:Creating package descriptor '/home/ubuntu/happy_ws/install/my_time_topic/share/my_time_topic/package.dsv'
[4.150s] INFO:colcon.colcon_core.shell:Creating package script '/home/ubuntu/happy_ws/install/my_time_topic/share/my_time_topic/package.sh'
[4.151s] INFO:colcon.colcon_core.shell:Creating package script '/home/ubuntu/happy_ws/install/my_time_topic/share/my_time_topic/package.bash'
[4.151s] INFO:colcon.colcon_core.shell:Creating package script '/home/ubuntu/happy_ws/install/my_time_topic/share/my_time_topic/package.zsh'
[4.152s] Level 1:colcon.colcon_core.environment:create_file_with_runtime_dependencies(/home/ubuntu/happy_ws/install/my_time_topic/share/colcon-core/packages/my_time_topic)
[4.154s] Level 1:colcon.colcon_core.shell:create_environment_hook('my_happy', 'pythonpath_develop')
[4.155s] INFO:colcon.colcon_core.shell:Creating environment hook '/home/ubuntu/happy_ws/build/my_happy/share/my_happy/hook/pythonpath_develop.ps1'
[4.155s] DEBUG:colcon.colcon_core.event_handler.log_command:Invoked command in '/home/ubuntu/happy_ws/build/my_happy' returned '0': PYTHONPATH=/home/ubuntu/happy_ws/build/my_happy/prefix_override:/usr/lib/python3/dist-packages/colcon_core/task/python/colcon_distutils_commands:/home/ubuntu/happy_ws/install/my_happy/lib/python3.10/site-packages:${PYTHONPATH} /usr/bin/python3 -W ignore:setup.py install is deprecated -W ignore:easy_install command is deprecated setup.py develop --editable --build-directory /home/ubuntu/happy_ws/build/my_happy/build --no-deps symlink_data
[4.156s] INFO:colcon.colcon_core.shell:Creating environment descriptor '/home/ubuntu/happy_ws/build/my_happy/share/my_happy/hook/pythonpath_develop.dsv'
[4.156s] INFO:colcon.colcon_core.shell:Creating environment hook '/home/ubuntu/happy_ws/build/my_happy/share/my_happy/hook/pythonpath_develop.sh'
[4.157s] Level 1:colcon.colcon_core.environment:checking '/home/ubuntu/happy_ws/install/my_happy' for CMake module files
[4.158s] Level 1:colcon.colcon_core.environment:checking '/home/ubuntu/happy_ws/install/my_happy' for CMake config files
[4.159s] Level 1:colcon.colcon_core.environment:checking '/home/ubuntu/happy_ws/install/my_happy/lib'
[4.159s] Level 1:colcon.colcon_core.environment:checking '/home/ubuntu/happy_ws/install/my_happy/bin'
[4.159s] Level 1:colcon.colcon_core.environment:checking '/home/ubuntu/happy_ws/install/my_happy/lib/pkgconfig/my_happy.pc'
[4.159s] Level 1:colcon.colcon_core.environment:checking '/home/ubuntu/happy_ws/install/my_happy/lib/python3.10/site-packages'
[4.159s] Level 1:colcon.colcon_core.shell:create_environment_hook('my_happy', 'pythonpath')
[4.159s] INFO:colcon.colcon_core.shell:Creating environment hook '/home/ubuntu/happy_ws/install/my_happy/share/my_happy/hook/pythonpath.ps1'
[4.160s] INFO:colcon.colcon_core.shell:Creating environment descriptor '/home/ubuntu/happy_ws/install/my_happy/share/my_happy/hook/pythonpath.dsv'
[4.160s] INFO:colcon.colcon_core.shell:Creating environment hook '/home/ubuntu/happy_ws/install/my_happy/share/my_happy/hook/pythonpath.sh'
[4.161s] Level 1:colcon.colcon_core.environment:checking '/home/ubuntu/happy_ws/install/my_happy/bin'
[4.161s] Level 1:colcon.colcon_core.environment:create_environment_scripts_only(my_happy)
[4.162s] INFO:colcon.colcon_core.shell:Creating package script '/home/ubuntu/happy_ws/install/my_happy/share/my_happy/package.ps1'
[4.162s] INFO:colcon.colcon_core.shell:Creating package descriptor '/home/ubuntu/happy_ws/install/my_happy/share/my_happy/package.dsv'
[4.163s] INFO:colcon.colcon_core.shell:Creating package script '/home/ubuntu/happy_ws/install/my_happy/share/my_happy/package.sh'
[4.164s] INFO:colcon.colcon_core.shell:Creating package script '/home/ubuntu/happy_ws/install/my_happy/share/my_happy/package.bash'
[4.164s] INFO:colcon.colcon_core.shell:Creating package script '/home/ubuntu/happy_ws/install/my_happy/share/my_happy/package.zsh'
[4.165s] Level 1:colcon.colcon_core.environment:create_file_with_runtime_dependencies(/home/ubuntu/happy_ws/install/my_happy/share/colcon-core/packages/my_happy)
[4.167s] Level 1:colcon.colcon_core.shell:create_environment_hook('hello', 'pythonpath_develop')
[4.167s] INFO:colcon.colcon_core.shell:Creating environment hook '/home/ubuntu/happy_ws/build/hello/share/hello/hook/pythonpath_develop.ps1'
[4.168s] DEBUG:colcon.colcon_core.event_handler.log_command:Invoked command in '/home/ubuntu/happy_ws/build/hello' returned '0': PYTHONPATH=/home/ubuntu/happy_ws/build/hello/prefix_override:/usr/lib/python3/dist-packages/colcon_core/task/python/colcon_distutils_commands:/home/ubuntu/happy_ws/install/hello/lib/python3.10/site-packages:${PYTHONPATH} /usr/bin/python3 -W ignore:setup.py install is deprecated -W ignore:easy_install command is deprecated setup.py develop --editable --build-directory /home/ubuntu/happy_ws/build/hello/build --no-deps symlink_data
[4.169s] INFO:colcon.colcon_core.shell:Creating environment descriptor '/home/ubuntu/happy_ws/build/hello/share/hello/hook/pythonpath_develop.dsv'
[4.169s] INFO:colcon.colcon_core.shell:Creating environment hook '/home/ubuntu/happy_ws/build/hello/share/hello/hook/pythonpath_develop.sh'
[4.170s] Level 1:colcon.colcon_core.environment:checking '/home/ubuntu/happy_ws/install/hello' for CMake module files
[4.170s] Level 1:colcon.colcon_core.environment:checking '/home/ubuntu/happy_ws/install/hello' for CMake config files
[4.171s] Level 1:colcon.colcon_core.environment:checking '/home/ubuntu/happy_ws/install/hello/lib'
[4.171s] Level 1:colcon.colcon_core.environment:checking '/home/ubuntu/happy_ws/install/hello/bin'
[4.171s] Level 1:colcon.colcon_core.environment:checking '/home/ubuntu/happy_ws/install/hello/lib/pkgconfig/hello.pc'
[4.172s] Level 1:colcon.colcon_core.environment:checking '/home/ubuntu/happy_ws/install/hello/lib/python3.10/site-packages'
[4.172s] Level 1:colcon.colcon_core.shell:create_environment_hook('hello', 'pythonpath')
[4.172s] INFO:colcon.colcon_core.shell:Creating environment hook '/home/ubuntu/happy_ws/install/hello/share/hello/hook/pythonpath.ps1'
[4.173s] INFO:colcon.colcon_core.shell:Creating environment descriptor '/home/ubuntu/happy_ws/install/hello/share/hello/hook/pythonpath.dsv'
[4.174s] INFO:colcon.colcon_core.shell:Creating environment hook '/home/ubuntu/happy_ws/install/hello/share/hello/hook/pythonpath.sh'
[4.174s] Level 1:colcon.colcon_core.environment:checking '/home/ubuntu/happy_ws/install/hello/bin'
[4.175s] Level 1:colcon.colcon_core.environment:create_environment_scripts_only(hello)
[4.175s] INFO:colcon.colcon_core.shell:Creating package script '/home/ubuntu/happy_ws/install/hello/share/hello/package.ps1'
[4.176s] INFO:colcon.colcon_core.shell:Creating package descriptor '/home/ubuntu/happy_ws/install/hello/share/hello/package.dsv'
[4.176s] INFO:colcon.colcon_core.shell:Creating package script '/home/ubuntu/happy_ws/install/hello/share/hello/package.sh'
[4.177s] INFO:colcon.colcon_core.shell:Creating package script '/home/ubuntu/happy_ws/install/hello/share/hello/package.bash'
[4.177s] INFO:colcon.colcon_core.shell:Creating package script '/home/ubuntu/happy_ws/install/hello/share/hello/package.zsh'
[4.178s] Level 1:colcon.colcon_core.environment:create_file_with_runtime_dependencies(/home/ubuntu/happy_ws/install/hello/share/colcon-core/packages/hello)
[4.178s] DEBUG:colcon.colcon_parallel_executor.executor.parallel:closing loop
[4.179s] DEBUG:colcon.colcon_parallel_executor.executor.parallel:loop closed
[4.179s] DEBUG:colcon.colcon_parallel_executor.executor.parallel:run_until_complete finished with '0'
[4.179s] DEBUG:colcon.colcon_core.event_reactor:joining thread
[4.195s] INFO:colcon.colcon_core.plugin_system:Skipping extension 'colcon_notification.desktop_notification.terminal_notifier': Not used on non-Darwin systems
[4.195s] INFO:colcon.colcon_core.plugin_system:Skipping extension 'colcon_notification.desktop_notification.win32': Not used on non-Windows systems
[4.195s] INFO:colcon.colcon_notification.desktop_notification:Sending desktop notification using 'notify2'
[4.392s] DEBUG:colcon.colcon_core.event_reactor:joined thread
[4.392s] INFO:colcon.colcon_core.shell:Creating prefix script '/home/ubuntu/happy_ws/install/local_setup.ps1'
[4.394s] INFO:colcon.colcon_core.shell:Creating prefix util module '/home/ubuntu/happy_ws/install/_local_setup_util_ps1.py'
[4.396s] INFO:colcon.colcon_core.shell:Creating prefix chain script '/home/ubuntu/happy_ws/install/setup.ps1'
[4.402s] INFO:colcon.colcon_core.shell:Creating prefix script '/home/ubuntu/happy_ws/install/local_setup.sh'
[4.404s] INFO:colcon.colcon_core.shell:Creating prefix util module '/home/ubuntu/happy_ws/install/_local_setup_util_sh.py'
[4.404s] INFO:colcon.colcon_core.shell:Creating prefix chain script '/home/ubuntu/happy_ws/install/setup.sh'
[4.410s] INFO:colcon.colcon_core.shell:Creating prefix script '/home/ubuntu/happy_ws/install/local_setup.bash'
[4.411s] INFO:colcon.colcon_core.shell:Creating prefix chain script '/home/ubuntu/happy_ws/install/setup.bash'
[4.418s] INFO:colcon.colcon_core.shell:Creating prefix script '/home/ubuntu/happy_ws/install/local_setup.zsh'
[4.419s] INFO:colcon.colcon_core.shell:Creating prefix chain script '/home/ubuntu/happy_ws/install/setup.zsh'
