[1.968s] Invoking command in '/home/ubuntu/happy_ws/build/my_happy': PYTHONPATH=/home/ubuntu/happy_ws/build/my_happy/prefix_override:/usr/lib/python3/dist-packages/colcon_core/task/python/colcon_distutils_commands:/home/ubuntu/happy_ws/install/my_happy/lib/python3.10/site-packages:${PYTHONPATH} /usr/bin/python3 -W ignore:setup.py install is deprecated -W ignore:easy_install command is deprecated setup.py develop --editable --build-directory /home/ubuntu/happy_ws/build/my_happy/build --no-deps symlink_data
[2.560s] running develop
[2.962s] running egg_info
[2.963s] creating my_happy.egg-info
[2.979s] writing my_happy.egg-info/PKG-INFO
[2.980s] writing dependency_links to my_happy.egg-info/dependency_links.txt
[2.980s] writing entry points to my_happy.egg-info/entry_points.txt
[2.980s] writing requirements to my_happy.egg-info/requires.txt
[2.981s] writing top-level names to my_happy.egg-info/top_level.txt
[2.981s] writing manifest file 'my_happy.egg-info/SOURCES.txt'
[2.984s] reading manifest file 'my_happy.egg-info/SOURCES.txt'
[2.985s] writing manifest file 'my_happy.egg-info/SOURCES.txt'
[2.989s] running build_ext
[2.989s] Creating /home/ubuntu/happy_ws/install/my_happy/lib/python3.10/site-packages/my-happy.egg-link (link to .)
[2.990s] Installing happy_node script to /home/ubuntu/happy_ws/install/my_happy/lib/my_happy
[2.991s] 
[2.992s] Installed /home/ubuntu/happy_ws/build/my_happy
[2.992s] running symlink_data
[2.992s] creating /home/ubuntu/happy_ws/install/my_happy/share/ament_index
[2.992s] creating /home/ubuntu/happy_ws/install/my_happy/share/ament_index/resource_index
[2.993s] creating /home/ubuntu/happy_ws/install/my_happy/share/ament_index/resource_index/packages
[2.994s] symbolically linking /home/ubuntu/happy_ws/build/my_happy/resource/my_happy -> /home/ubuntu/happy_ws/install/my_happy/share/ament_index/resource_index/packages
[2.994s] symbolically linking /home/ubuntu/happy_ws/build/my_happy/package.xml -> /home/ubuntu/happy_ws/install/my_happy/share/my_happy
[3.054s] Invoked command in '/home/ubuntu/happy_ws/build/my_happy' returned '0': PYTHONPATH=/home/ubuntu/happy_ws/build/my_happy/prefix_override:/usr/lib/python3/dist-packages/colcon_core/task/python/colcon_distutils_commands:/home/ubuntu/happy_ws/install/my_happy/lib/python3.10/site-packages:${PYTHONPATH} /usr/bin/python3 -W ignore:setup.py install is deprecated -W ignore:easy_install command is deprecated setup.py develop --editable --build-directory /home/ubuntu/happy_ws/build/my_happy/build --no-deps symlink_data
